CRITICAL - 2024-08-25 23:21:20 --> Trying to access array offset on value of type null
in APPPATH\Controllers\HomepageController.php on line 285.
 1 APPPATH\Controllers\HomepageController.php(285): CodeIgniter\Debug\Exceptions->errorHandler(2, 'Trying to access array offset on value of type null', 'C:\\CapstoneSystem\\app\\Controllers\\HomepageController.php', 285)
 2 SYSTEMPATH\CodeIgniter.php(919): App\Controllers\HomepageController->authlog()
 3 SYSTEMPATH\CodeIgniter.php(494): CodeIgniter\CodeIgniter->runController(Object(App\Controllers\HomepageController))
 4 SYSTEMPATH\CodeIgniter.php(353): CodeIgniter\CodeIgniter->handleRequest(null, Object(Config\Cache), false)
 5 FCPATH\index.php(79): CodeIgniter\CodeIgniter->run()
 6 SYSTEMPATH\Commands\Server\rewrite.php(47): require_once('C:\\CapstoneSystem\\public\\index.php')
CRITICAL - 2024-08-25 23:22:33 --> Trying to access array offset on value of type null
in APPPATH\Controllers\HomepageController.php on line 285.
 1 APPPATH\Controllers\HomepageController.php(285): CodeIgniter\Debug\Exceptions->errorHandler(2, 'Trying to access array offset on value of type null', 'C:\\CapstoneSystem\\app\\Controllers\\HomepageController.php', 285)
 2 SYSTEMPATH\CodeIgniter.php(919): App\Controllers\HomepageController->authlog()
 3 SYSTEMPATH\CodeIgniter.php(494): CodeIgniter\CodeIgniter->runController(Object(App\Controllers\HomepageController))
 4 SYSTEMPATH\CodeIgniter.php(353): CodeIgniter\CodeIgniter->handleRequest(null, Object(Config\Cache), false)
 5 FCPATH\index.php(79): CodeIgniter\CodeIgniter->run()
 6 SYSTEMPATH\Commands\Server\rewrite.php(47): require_once('C:\\CapstoneSystem\\public\\index.php')
CRITICAL - 2024-08-25 23:23:06 --> Trying to access array offset on value of type null
in APPPATH\Controllers\HomepageController.php on line 285.
 1 APPPATH\Controllers\HomepageController.php(285): CodeIgniter\Debug\Exceptions->errorHandler(2, 'Trying to access array offset on value of type null', 'C:\\CapstoneSystem\\app\\Controllers\\HomepageController.php', 285)
 2 SYSTEMPATH\CodeIgniter.php(919): App\Controllers\HomepageController->authlog()
 3 SYSTEMPATH\CodeIgniter.php(494): CodeIgniter\CodeIgniter->runController(Object(App\Controllers\HomepageController))
 4 SYSTEMPATH\CodeIgniter.php(353): CodeIgniter\CodeIgniter->handleRequest(null, Object(Config\Cache), false)
 5 FCPATH\index.php(79): CodeIgniter\CodeIgniter->run()
 6 SYSTEMPATH\Commands\Server\rewrite.php(47): require_once('C:\\CapstoneSystem\\public\\index.php')
