CRITICAL - 2024-08-03 19:24:10 --> Undefined array key "token"
in APPPATH\Views\Admin\chop\header.php on line 98.
 1 APPPATH\Views\Admin\chop\header.php(98): CodeIgniter\Debug\Exceptions->errorHandler(2, 'Undefined array key "token"', 'C:\\CapstoneSystem\\app\\Views\\Admin\\chop\\header.php', 98)
 2 SYSTEMPATH\View\View.php(226): include('C:\\CapstoneSystem\\app\\Views\\Admin\\chop\\header.php')
 3 SYSTEMPATH\View\View.php(229): CodeIgniter\View\View->CodeIgniter\View\{closure}()
 4 SYSTEMPATH\Common.php(1188): CodeIgniter\View\View->render('Admin/chop/header', [], true)
 5 APPPATH\Views\Admin\usermanagement.php(6): view('Admin/chop/header')
 6 SYSTEMPATH\View\View.php(226): include('C:\\CapstoneSystem\\app\\Views\\Admin\\usermanagement.php')
 7 SYSTEMPATH\View\View.php(229): CodeIgniter\View\View->CodeIgniter\View\{closure}()
 8 SYSTEMPATH\Common.php(1188): CodeIgniter\View\View->render('Admin/usermanagement', [], true)
 9 APPPATH\Controllers\UsersManageController.php(72): view('Admin/usermanagement', [...])
10 SYSTEMPATH\CodeIgniter.php(919): App\Controllers\UsersManageController->usermanagement()
11 SYSTEMPATH\CodeIgniter.php(494): CodeIgniter\CodeIgniter->runController(Object(App\Controllers\UsersManageController))
12 SYSTEMPATH\CodeIgniter.php(353): CodeIgniter\CodeIgniter->handleRequest(null, Object(Config\Cache), false)
13 FCPATH\index.php(79): CodeIgniter\CodeIgniter->run()
14 SYSTEMPATH\Commands\Server\rewrite.php(47): require_once('C:\\CapstoneSystem\\public\\index.php')
CRITICAL - 2024-08-03 19:24:20 --> Undefined array key "token"
in APPPATH\Views\Admin\chop\header.php on line 98.
 1 APPPATH\Views\Admin\chop\header.php(98): CodeIgniter\Debug\Exceptions->errorHandler(2, 'Undefined array key "token"', 'C:\\CapstoneSystem\\app\\Views\\Admin\\chop\\header.php', 98)
 2 SYSTEMPATH\View\View.php(226): include('C:\\CapstoneSystem\\app\\Views\\Admin\\chop\\header.php')
 3 SYSTEMPATH\View\View.php(229): CodeIgniter\View\View->CodeIgniter\View\{closure}()
 4 SYSTEMPATH\Common.php(1188): CodeIgniter\View\View->render('Admin/chop/header', [], true)
 5 APPPATH\Views\Admin\usermanagement.php(6): view('Admin/chop/header')
 6 SYSTEMPATH\View\View.php(226): include('C:\\CapstoneSystem\\app\\Views\\Admin\\usermanagement.php')
 7 SYSTEMPATH\View\View.php(229): CodeIgniter\View\View->CodeIgniter\View\{closure}()
 8 SYSTEMPATH\Common.php(1188): CodeIgniter\View\View->render('Admin/usermanagement', [], true)
 9 APPPATH\Controllers\UsersManageController.php(72): view('Admin/usermanagement', [...])
10 SYSTEMPATH\CodeIgniter.php(919): App\Controllers\UsersManageController->usermanagement()
11 SYSTEMPATH\CodeIgniter.php(494): CodeIgniter\CodeIgniter->runController(Object(App\Controllers\UsersManageController))
12 SYSTEMPATH\CodeIgniter.php(353): CodeIgniter\CodeIgniter->handleRequest(null, Object(Config\Cache), false)
13 FCPATH\index.php(79): CodeIgniter\CodeIgniter->run()
14 SYSTEMPATH\Commands\Server\rewrite.php(47): require_once('C:\\CapstoneSystem\\public\\index.php')
CRITICAL - 2024-08-03 19:24:27 --> Undefined array key "token"
in APPPATH\Views\Admin\chop\header.php on line 98.
 1 APPPATH\Views\Admin\chop\header.php(98): CodeIgniter\Debug\Exceptions->errorHandler(2, 'Undefined array key "token"', 'C:\\CapstoneSystem\\app\\Views\\Admin\\chop\\header.php', 98)
 2 SYSTEMPATH\View\View.php(226): include('C:\\CapstoneSystem\\app\\Views\\Admin\\chop\\header.php')
 3 SYSTEMPATH\View\View.php(229): CodeIgniter\View\View->CodeIgniter\View\{closure}()
 4 SYSTEMPATH\Common.php(1188): CodeIgniter\View\View->render('Admin/chop/header', [], true)
 5 APPPATH\Views\Admin\usermanagement.php(6): view('Admin/chop/header')
 6 SYSTEMPATH\View\View.php(226): include('C:\\CapstoneSystem\\app\\Views\\Admin\\usermanagement.php')
 7 SYSTEMPATH\View\View.php(229): CodeIgniter\View\View->CodeIgniter\View\{closure}()
 8 SYSTEMPATH\Common.php(1188): CodeIgniter\View\View->render('Admin/usermanagement', [], true)
 9 APPPATH\Controllers\UsersManageController.php(72): view('Admin/usermanagement', [...])
10 SYSTEMPATH\CodeIgniter.php(919): App\Controllers\UsersManageController->usermanagement()
11 SYSTEMPATH\CodeIgniter.php(494): CodeIgniter\CodeIgniter->runController(Object(App\Controllers\UsersManageController))
12 SYSTEMPATH\CodeIgniter.php(353): CodeIgniter\CodeIgniter->handleRequest(null, Object(Config\Cache), false)
13 FCPATH\index.php(79): CodeIgniter\CodeIgniter->run()
14 SYSTEMPATH\Commands\Server\rewrite.php(47): require_once('C:\\CapstoneSystem\\public\\index.php')
CRITICAL - 2024-08-03 19:24:59 --> Undefined array key "token"
in APPPATH\Views\Admin\chop\header.php on line 98.
 1 APPPATH\Views\Admin\chop\header.php(98): CodeIgniter\Debug\Exceptions->errorHandler(2, 'Undefined array key "token"', 'C:\\CapstoneSystem\\app\\Views\\Admin\\chop\\header.php', 98)
 2 SYSTEMPATH\View\View.php(226): include('C:\\CapstoneSystem\\app\\Views\\Admin\\chop\\header.php')
 3 SYSTEMPATH\View\View.php(229): CodeIgniter\View\View->CodeIgniter\View\{closure}()
 4 SYSTEMPATH\Common.php(1188): CodeIgniter\View\View->render('Admin/chop/header', [], true)
 5 APPPATH\Views\Admin\usermanagement.php(6): view('Admin/chop/header')
 6 SYSTEMPATH\View\View.php(226): include('C:\\CapstoneSystem\\app\\Views\\Admin\\usermanagement.php')
 7 SYSTEMPATH\View\View.php(229): CodeIgniter\View\View->CodeIgniter\View\{closure}()
 8 SYSTEMPATH\Common.php(1188): CodeIgniter\View\View->render('Admin/usermanagement', [], true)
 9 APPPATH\Controllers\UsersManageController.php(72): view('Admin/usermanagement', [...])
10 SYSTEMPATH\CodeIgniter.php(919): App\Controllers\UsersManageController->usermanagement()
11 SYSTEMPATH\CodeIgniter.php(494): CodeIgniter\CodeIgniter->runController(Object(App\Controllers\UsersManageController))
12 SYSTEMPATH\CodeIgniter.php(353): CodeIgniter\CodeIgniter->handleRequest(null, Object(Config\Cache), false)
13 FCPATH\index.php(79): CodeIgniter\CodeIgniter->run()
14 SYSTEMPATH\Commands\Server\rewrite.php(47): require_once('C:\\CapstoneSystem\\public\\index.php')
CRITICAL - 2024-08-03 19:31:22 --> Undefined array key "token"
in APPPATH\Views\Admin\chop\header.php on line 98.
 1 APPPATH\Views\Admin\chop\header.php(98): CodeIgniter\Debug\Exceptions->errorHandler(2, 'Undefined array key "token"', 'C:\\CapstoneSystem\\app\\Views\\Admin\\chop\\header.php', 98)
 2 SYSTEMPATH\View\View.php(226): include('C:\\CapstoneSystem\\app\\Views\\Admin\\chop\\header.php')
 3 SYSTEMPATH\View\View.php(229): CodeIgniter\View\View->CodeIgniter\View\{closure}()
 4 SYSTEMPATH\Common.php(1188): CodeIgniter\View\View->render('Admin/chop/header', [], true)
 5 APPPATH\Views\Admin\usermanagement.php(6): view('Admin/chop/header')
 6 SYSTEMPATH\View\View.php(226): include('C:\\CapstoneSystem\\app\\Views\\Admin\\usermanagement.php')
 7 SYSTEMPATH\View\View.php(229): CodeIgniter\View\View->CodeIgniter\View\{closure}()
 8 SYSTEMPATH\Common.php(1188): CodeIgniter\View\View->render('Admin/usermanagement', [], true)
 9 APPPATH\Controllers\UsersManageController.php(72): view('Admin/usermanagement', [...])
10 SYSTEMPATH\CodeIgniter.php(919): App\Controllers\UsersManageController->usermanagement()
11 SYSTEMPATH\CodeIgniter.php(494): CodeIgniter\CodeIgniter->runController(Object(App\Controllers\UsersManageController))
12 SYSTEMPATH\CodeIgniter.php(353): CodeIgniter\CodeIgniter->handleRequest(null, Object(Config\Cache), false)
13 FCPATH\index.php(79): CodeIgniter\CodeIgniter->run()
14 SYSTEMPATH\Commands\Server\rewrite.php(47): require_once('C:\\CapstoneSystem\\public\\index.php')
CRITICAL - 2024-08-03 19:31:25 --> Undefined array key "token"
in APPPATH\Views\Admin\chop\header.php on line 98.
 1 APPPATH\Views\Admin\chop\header.php(98): CodeIgniter\Debug\Exceptions->errorHandler(2, 'Undefined array key "token"', 'C:\\CapstoneSystem\\app\\Views\\Admin\\chop\\header.php', 98)
 2 SYSTEMPATH\View\View.php(226): include('C:\\CapstoneSystem\\app\\Views\\Admin\\chop\\header.php')
 3 SYSTEMPATH\View\View.php(229): CodeIgniter\View\View->CodeIgniter\View\{closure}()
 4 SYSTEMPATH\Common.php(1188): CodeIgniter\View\View->render('Admin/chop/header', [], true)
 5 APPPATH\Views\Admin\usermanagement.php(6): view('Admin/chop/header')
 6 SYSTEMPATH\View\View.php(226): include('C:\\CapstoneSystem\\app\\Views\\Admin\\usermanagement.php')
 7 SYSTEMPATH\View\View.php(229): CodeIgniter\View\View->CodeIgniter\View\{closure}()
 8 SYSTEMPATH\Common.php(1188): CodeIgniter\View\View->render('Admin/usermanagement', [], true)
 9 APPPATH\Controllers\UsersManageController.php(72): view('Admin/usermanagement', [...])
10 SYSTEMPATH\CodeIgniter.php(919): App\Controllers\UsersManageController->usermanagement()
11 SYSTEMPATH\CodeIgniter.php(494): CodeIgniter\CodeIgniter->runController(Object(App\Controllers\UsersManageController))
12 SYSTEMPATH\CodeIgniter.php(353): CodeIgniter\CodeIgniter->handleRequest(null, Object(Config\Cache), false)
13 FCPATH\index.php(79): CodeIgniter\CodeIgniter->run()
14 SYSTEMPATH\Commands\Server\rewrite.php(47): require_once('C:\\CapstoneSystem\\public\\index.php')
CRITICAL - 2024-08-03 19:31:34 --> Undefined array key "token"
in APPPATH\Views\Admin\chop\header.php on line 98.
 1 APPPATH\Views\Admin\chop\header.php(98): CodeIgniter\Debug\Exceptions->errorHandler(2, 'Undefined array key "token"', 'C:\\CapstoneSystem\\app\\Views\\Admin\\chop\\header.php', 98)
 2 SYSTEMPATH\View\View.php(226): include('C:\\CapstoneSystem\\app\\Views\\Admin\\chop\\header.php')
 3 SYSTEMPATH\View\View.php(229): CodeIgniter\View\View->CodeIgniter\View\{closure}()
 4 SYSTEMPATH\Common.php(1188): CodeIgniter\View\View->render('Admin/chop/header', [], true)
 5 APPPATH\Views\Admin\usermanagement.php(6): view('Admin/chop/header')
 6 SYSTEMPATH\View\View.php(226): include('C:\\CapstoneSystem\\app\\Views\\Admin\\usermanagement.php')
 7 SYSTEMPATH\View\View.php(229): CodeIgniter\View\View->CodeIgniter\View\{closure}()
 8 SYSTEMPATH\Common.php(1188): CodeIgniter\View\View->render('Admin/usermanagement', [], true)
 9 APPPATH\Controllers\UsersManageController.php(72): view('Admin/usermanagement', [...])
10 SYSTEMPATH\CodeIgniter.php(919): App\Controllers\UsersManageController->usermanagement()
11 SYSTEMPATH\CodeIgniter.php(494): CodeIgniter\CodeIgniter->runController(Object(App\Controllers\UsersManageController))
12 SYSTEMPATH\CodeIgniter.php(353): CodeIgniter\CodeIgniter->handleRequest(null, Object(Config\Cache), false)
13 FCPATH\index.php(79): CodeIgniter\CodeIgniter->run()
14 SYSTEMPATH\Commands\Server\rewrite.php(47): require_once('C:\\CapstoneSystem\\public\\index.php')
CRITICAL - 2024-08-03 19:31:35 --> Undefined array key "token"
in APPPATH\Views\Admin\chop\header.php on line 98.
 1 APPPATH\Views\Admin\chop\header.php(98): CodeIgniter\Debug\Exceptions->errorHandler(2, 'Undefined array key "token"', 'C:\\CapstoneSystem\\app\\Views\\Admin\\chop\\header.php', 98)
 2 SYSTEMPATH\View\View.php(226): include('C:\\CapstoneSystem\\app\\Views\\Admin\\chop\\header.php')
 3 SYSTEMPATH\View\View.php(229): CodeIgniter\View\View->CodeIgniter\View\{closure}()
 4 SYSTEMPATH\Common.php(1188): CodeIgniter\View\View->render('Admin/chop/header', [], true)
 5 APPPATH\Views\Admin\usermanagement.php(6): view('Admin/chop/header')
 6 SYSTEMPATH\View\View.php(226): include('C:\\CapstoneSystem\\app\\Views\\Admin\\usermanagement.php')
 7 SYSTEMPATH\View\View.php(229): CodeIgniter\View\View->CodeIgniter\View\{closure}()
 8 SYSTEMPATH\Common.php(1188): CodeIgniter\View\View->render('Admin/usermanagement', [], true)
 9 APPPATH\Controllers\UsersManageController.php(72): view('Admin/usermanagement', [...])
10 SYSTEMPATH\CodeIgniter.php(919): App\Controllers\UsersManageController->usermanagement()
11 SYSTEMPATH\CodeIgniter.php(494): CodeIgniter\CodeIgniter->runController(Object(App\Controllers\UsersManageController))
12 SYSTEMPATH\CodeIgniter.php(353): CodeIgniter\CodeIgniter->handleRequest(null, Object(Config\Cache), false)
13 FCPATH\index.php(79): CodeIgniter\CodeIgniter->run()
14 SYSTEMPATH\Commands\Server\rewrite.php(47): require_once('C:\\CapstoneSystem\\public\\index.php')
CRITICAL - 2024-08-03 19:31:37 --> Undefined array key "token"
in APPPATH\Views\Admin\chop\header.php on line 98.
 1 APPPATH\Views\Admin\chop\header.php(98): CodeIgniter\Debug\Exceptions->errorHandler(2, 'Undefined array key "token"', 'C:\\CapstoneSystem\\app\\Views\\Admin\\chop\\header.php', 98)
 2 SYSTEMPATH\View\View.php(226): include('C:\\CapstoneSystem\\app\\Views\\Admin\\chop\\header.php')
 3 SYSTEMPATH\View\View.php(229): CodeIgniter\View\View->CodeIgniter\View\{closure}()
 4 SYSTEMPATH\Common.php(1188): CodeIgniter\View\View->render('Admin/chop/header', [], true)
 5 APPPATH\Views\Admin\usermanagement.php(6): view('Admin/chop/header')
 6 SYSTEMPATH\View\View.php(226): include('C:\\CapstoneSystem\\app\\Views\\Admin\\usermanagement.php')
 7 SYSTEMPATH\View\View.php(229): CodeIgniter\View\View->CodeIgniter\View\{closure}()
 8 SYSTEMPATH\Common.php(1188): CodeIgniter\View\View->render('Admin/usermanagement', [], true)
 9 APPPATH\Controllers\UsersManageController.php(72): view('Admin/usermanagement', [...])
10 SYSTEMPATH\CodeIgniter.php(919): App\Controllers\UsersManageController->usermanagement()
11 SYSTEMPATH\CodeIgniter.php(494): CodeIgniter\CodeIgniter->runController(Object(App\Controllers\UsersManageController))
12 SYSTEMPATH\CodeIgniter.php(353): CodeIgniter\CodeIgniter->handleRequest(null, Object(Config\Cache), false)
13 FCPATH\index.php(79): CodeIgniter\CodeIgniter->run()
14 SYSTEMPATH\Commands\Server\rewrite.php(47): require_once('C:\\CapstoneSystem\\public\\index.php')
CRITICAL - 2024-08-03 19:32:54 --> Call to undefined method App\Controllers\AdminController::notif()
in APPPATH\Controllers\AdminController.php on line 74.
 1 SYSTEMPATH\CodeIgniter.php(919): App\Controllers\AdminController->AdDash()
 2 SYSTEMPATH\CodeIgniter.php(494): CodeIgniter\CodeIgniter->runController(Object(App\Controllers\AdminController))
 3 SYSTEMPATH\CodeIgniter.php(353): CodeIgniter\CodeIgniter->handleRequest(null, Object(Config\Cache), false)
 4 FCPATH\index.php(79): CodeIgniter\CodeIgniter->run()
 5 SYSTEMPATH\Commands\Server\rewrite.php(47): require_once('C:\\CapstoneSystem\\public\\index.php')
CRITICAL - 2024-08-03 19:33:03 --> Undefined array key "token"
in APPPATH\Views\Admin\chop\header.php on line 98.
 1 APPPATH\Views\Admin\chop\header.php(98): CodeIgniter\Debug\Exceptions->errorHandler(2, 'Undefined array key "token"', 'C:\\CapstoneSystem\\app\\Views\\Admin\\chop\\header.php', 98)
 2 SYSTEMPATH\View\View.php(226): include('C:\\CapstoneSystem\\app\\Views\\Admin\\chop\\header.php')
 3 SYSTEMPATH\View\View.php(229): CodeIgniter\View\View->CodeIgniter\View\{closure}()
 4 SYSTEMPATH\Common.php(1188): CodeIgniter\View\View->render('Admin/chop/header', [], true)
 5 APPPATH\Views\Admin\usermanagement.php(6): view('Admin/chop/header')
 6 SYSTEMPATH\View\View.php(226): include('C:\\CapstoneSystem\\app\\Views\\Admin\\usermanagement.php')
 7 SYSTEMPATH\View\View.php(229): CodeIgniter\View\View->CodeIgniter\View\{closure}()
 8 SYSTEMPATH\Common.php(1188): CodeIgniter\View\View->render('Admin/usermanagement', [], true)
 9 APPPATH\Controllers\UsersManageController.php(72): view('Admin/usermanagement', [...])
10 SYSTEMPATH\CodeIgniter.php(919): App\Controllers\UsersManageController->usermanagement()
11 SYSTEMPATH\CodeIgniter.php(494): CodeIgniter\CodeIgniter->runController(Object(App\Controllers\UsersManageController))
12 SYSTEMPATH\CodeIgniter.php(353): CodeIgniter\CodeIgniter->handleRequest(null, Object(Config\Cache), false)
13 FCPATH\index.php(79): CodeIgniter\CodeIgniter->run()
14 SYSTEMPATH\Commands\Server\rewrite.php(47): require_once('C:\\CapstoneSystem\\public\\index.php')
CRITICAL - 2024-08-03 19:34:46 --> Undefined array key "token"
in APPPATH\Views\Admin\chop\header.php on line 98.
 1 APPPATH\Views\Admin\chop\header.php(98): CodeIgniter\Debug\Exceptions->errorHandler(2, 'Undefined array key "token"', 'C:\\CapstoneSystem\\app\\Views\\Admin\\chop\\header.php', 98)
 2 SYSTEMPATH\View\View.php(226): include('C:\\CapstoneSystem\\app\\Views\\Admin\\chop\\header.php')
 3 SYSTEMPATH\View\View.php(229): CodeIgniter\View\View->CodeIgniter\View\{closure}()
 4 SYSTEMPATH\Common.php(1188): CodeIgniter\View\View->render('Admin/chop/header', [], true)
 5 APPPATH\Views\Admin\usermanagement.php(6): view('Admin/chop/header')
 6 SYSTEMPATH\View\View.php(226): include('C:\\CapstoneSystem\\app\\Views\\Admin\\usermanagement.php')
 7 SYSTEMPATH\View\View.php(229): CodeIgniter\View\View->CodeIgniter\View\{closure}()
 8 SYSTEMPATH\Common.php(1188): CodeIgniter\View\View->render('Admin/usermanagement', [], true)
 9 APPPATH\Controllers\UsersManageController.php(75): view('Admin/usermanagement', [...])
10 SYSTEMPATH\CodeIgniter.php(919): App\Controllers\UsersManageController->usermanagement()
11 SYSTEMPATH\CodeIgniter.php(494): CodeIgniter\CodeIgniter->runController(Object(App\Controllers\UsersManageController))
12 SYSTEMPATH\CodeIgniter.php(353): CodeIgniter\CodeIgniter->handleRequest(null, Object(Config\Cache), false)
13 FCPATH\index.php(79): CodeIgniter\CodeIgniter->run()
14 SYSTEMPATH\Commands\Server\rewrite.php(47): require_once('C:\\CapstoneSystem\\public\\index.php')
CRITICAL - 2024-08-03 19:34:46 --> Allowed memory size of 134217728 bytes exhausted (tried to allocate 65015808 bytes)
【Previous Exception】
ErrorException
Undefined array key "token"
#0 C:\CapstoneSystem\app\Views\Admin\chop\header.php(98): CodeIgniter\Debug\Exceptions->errorHandler(2, 'Undefined array...', 'C:\\CapstoneSyst...', 98)
#1 C:\CapstoneSystem\system\View\View.php(226): include('C:\\CapstoneSyst...')
#2 C:\CapstoneSystem\system\View\View.php(229): CodeIgniter\View\View->CodeIgniter\View\{closure}()
#3 C:\CapstoneSystem\system\Common.php(1188): CodeIgniter\View\View->render('Admin/chop/head...', Array, true)
#4 C:\CapstoneSystem\app\Views\Admin\usermanagement.php(6): view('Admin/chop/head...')
#5 C:\CapstoneSystem\system\View\View.php(226): include('C:\\CapstoneSyst...')
#6 C:\CapstoneSystem\system\View\View.php(229): CodeIgniter\View\View->CodeIgniter\View\{closure}()
#7 C:\CapstoneSystem\system\Common.php(1188): CodeIgniter\View\View->render('Admin/usermanag...', Array, true)
#8 C:\CapstoneSystem\app\Controllers\UsersManageController.php(75): view('Admin/usermanag...', Array)
#9 C:\CapstoneSystem\system\CodeIgniter.php(919): App\Controllers\UsersManageController->usermanagement()
#10 C:\CapstoneSystem\system\CodeIgniter.php(494): CodeIgniter\CodeIgniter->runController(Object(App\Controllers\UsersManageController))
#11 C:\CapstoneSystem\system\CodeIgniter.php(353): CodeIgniter\CodeIgniter->handleRequest(NULL, Object(Config\Cache), false)
#12 C:\CapstoneSystem\public\index.php(79): CodeIgniter\CodeIgniter->run()
#13 C:\CapstoneSystem\system\Commands\Server\rewrite.php(47): require_once('C:\\CapstoneSyst...')
#14 {main}
in APPPATH\Views\errors\html\error_exception.php on line 101.
 1 [internal function]: CodeIgniter\Debug\Exceptions->shutdownHandler()
CRITICAL - 2024-08-03 19:36:25 --> Undefined array key "token"
in APPPATH\Views\Admin\chop\header.php on line 98.
 1 APPPATH\Views\Admin\chop\header.php(98): CodeIgniter\Debug\Exceptions->errorHandler(2, 'Undefined array key "token"', 'C:\\CapstoneSystem\\app\\Views\\Admin\\chop\\header.php', 98)
 2 SYSTEMPATH\View\View.php(226): include('C:\\CapstoneSystem\\app\\Views\\Admin\\chop\\header.php')
 3 SYSTEMPATH\View\View.php(229): CodeIgniter\View\View->CodeIgniter\View\{closure}()
 4 SYSTEMPATH\Common.php(1188): CodeIgniter\View\View->render('Admin/chop/header', [], true)
 5 APPPATH\Views\Admin\usermanagement.php(6): view('Admin/chop/header')
 6 SYSTEMPATH\View\View.php(226): include('C:\\CapstoneSystem\\app\\Views\\Admin\\usermanagement.php')
 7 SYSTEMPATH\View\View.php(229): CodeIgniter\View\View->CodeIgniter\View\{closure}()
 8 SYSTEMPATH\Common.php(1188): CodeIgniter\View\View->render('Admin/usermanagement', [], true)
 9 APPPATH\Controllers\UsersManageController.php(75): view('Admin/usermanagement', [...])
10 SYSTEMPATH\CodeIgniter.php(919): App\Controllers\UsersManageController->usermanagement()
11 SYSTEMPATH\CodeIgniter.php(494): CodeIgniter\CodeIgniter->runController(Object(App\Controllers\UsersManageController))
12 SYSTEMPATH\CodeIgniter.php(353): CodeIgniter\CodeIgniter->handleRequest(null, Object(Config\Cache), false)
13 FCPATH\index.php(79): CodeIgniter\CodeIgniter->run()
14 SYSTEMPATH\Commands\Server\rewrite.php(47): require_once('C:\\CapstoneSystem\\public\\index.php')
CRITICAL - 2024-08-03 19:36:26 --> Allowed memory size of 134217728 bytes exhausted (tried to allocate 65015808 bytes)
【Previous Exception】
ErrorException
Undefined array key "token"
#0 C:\CapstoneSystem\app\Views\Admin\chop\header.php(98): CodeIgniter\Debug\Exceptions->errorHandler(2, 'Undefined array...', 'C:\\CapstoneSyst...', 98)
#1 C:\CapstoneSystem\system\View\View.php(226): include('C:\\CapstoneSyst...')
#2 C:\CapstoneSystem\system\View\View.php(229): CodeIgniter\View\View->CodeIgniter\View\{closure}()
#3 C:\CapstoneSystem\system\Common.php(1188): CodeIgniter\View\View->render('Admin/chop/head...', Array, true)
#4 C:\CapstoneSystem\app\Views\Admin\usermanagement.php(6): view('Admin/chop/head...')
#5 C:\CapstoneSystem\system\View\View.php(226): include('C:\\CapstoneSyst...')
#6 C:\CapstoneSystem\system\View\View.php(229): CodeIgniter\View\View->CodeIgniter\View\{closure}()
#7 C:\CapstoneSystem\system\Common.php(1188): CodeIgniter\View\View->render('Admin/usermanag...', Array, true)
#8 C:\CapstoneSystem\app\Controllers\UsersManageController.php(75): view('Admin/usermanag...', Array)
#9 C:\CapstoneSystem\system\CodeIgniter.php(919): App\Controllers\UsersManageController->usermanagement()
#10 C:\CapstoneSystem\system\CodeIgniter.php(494): CodeIgniter\CodeIgniter->runController(Object(App\Controllers\UsersManageController))
#11 C:\CapstoneSystem\system\CodeIgniter.php(353): CodeIgniter\CodeIgniter->handleRequest(NULL, Object(Config\Cache), false)
#12 C:\CapstoneSystem\public\index.php(79): CodeIgniter\CodeIgniter->run()
#13 C:\CapstoneSystem\system\Commands\Server\rewrite.php(47): require_once('C:\\CapstoneSyst...')
#14 {main}
in APPPATH\Views\errors\html\error_exception.php on line 101.
 1 [internal function]: CodeIgniter\Debug\Exceptions->shutdownHandler()
CRITICAL - 2024-08-03 19:37:27 --> Undefined array key "token"
in APPPATH\Views\Admin\chop\header.php on line 98.
 1 APPPATH\Views\Admin\chop\header.php(98): CodeIgniter\Debug\Exceptions->errorHandler(2, 'Undefined array key "token"', 'C:\\CapstoneSystem\\app\\Views\\Admin\\chop\\header.php', 98)
 2 SYSTEMPATH\View\View.php(226): include('C:\\CapstoneSystem\\app\\Views\\Admin\\chop\\header.php')
 3 SYSTEMPATH\View\View.php(229): CodeIgniter\View\View->CodeIgniter\View\{closure}()
 4 SYSTEMPATH\Common.php(1188): CodeIgniter\View\View->render('Admin/chop/header', [], true)
 5 APPPATH\Views\Admin\usermanagement.php(6): view('Admin/chop/header')
 6 SYSTEMPATH\View\View.php(226): include('C:\\CapstoneSystem\\app\\Views\\Admin\\usermanagement.php')
 7 SYSTEMPATH\View\View.php(229): CodeIgniter\View\View->CodeIgniter\View\{closure}()
 8 SYSTEMPATH\Common.php(1188): CodeIgniter\View\View->render('Admin/usermanagement', [], true)
 9 APPPATH\Controllers\UsersManageController.php(75): view('Admin/usermanagement', [...])
10 SYSTEMPATH\CodeIgniter.php(919): App\Controllers\UsersManageController->usermanagement()
11 SYSTEMPATH\CodeIgniter.php(494): CodeIgniter\CodeIgniter->runController(Object(App\Controllers\UsersManageController))
12 SYSTEMPATH\CodeIgniter.php(353): CodeIgniter\CodeIgniter->handleRequest(null, Object(Config\Cache), false)
13 FCPATH\index.php(79): CodeIgniter\CodeIgniter->run()
14 SYSTEMPATH\Commands\Server\rewrite.php(47): require_once('C:\\CapstoneSystem\\public\\index.php')
CRITICAL - 2024-08-03 19:37:28 --> Allowed memory size of 134217728 bytes exhausted (tried to allocate 65015808 bytes)
【Previous Exception】
ErrorException
Undefined array key "token"
#0 C:\CapstoneSystem\app\Views\Admin\chop\header.php(98): CodeIgniter\Debug\Exceptions->errorHandler(2, 'Undefined array...', 'C:\\CapstoneSyst...', 98)
#1 C:\CapstoneSystem\system\View\View.php(226): include('C:\\CapstoneSyst...')
#2 C:\CapstoneSystem\system\View\View.php(229): CodeIgniter\View\View->CodeIgniter\View\{closure}()
#3 C:\CapstoneSystem\system\Common.php(1188): CodeIgniter\View\View->render('Admin/chop/head...', Array, true)
#4 C:\CapstoneSystem\app\Views\Admin\usermanagement.php(6): view('Admin/chop/head...')
#5 C:\CapstoneSystem\system\View\View.php(226): include('C:\\CapstoneSyst...')
#6 C:\CapstoneSystem\system\View\View.php(229): CodeIgniter\View\View->CodeIgniter\View\{closure}()
#7 C:\CapstoneSystem\system\Common.php(1188): CodeIgniter\View\View->render('Admin/usermanag...', Array, true)
#8 C:\CapstoneSystem\app\Controllers\UsersManageController.php(75): view('Admin/usermanag...', Array)
#9 C:\CapstoneSystem\system\CodeIgniter.php(919): App\Controllers\UsersManageController->usermanagement()
#10 C:\CapstoneSystem\system\CodeIgniter.php(494): CodeIgniter\CodeIgniter->runController(Object(App\Controllers\UsersManageController))
#11 C:\CapstoneSystem\system\CodeIgniter.php(353): CodeIgniter\CodeIgniter->handleRequest(NULL, Object(Config\Cache), false)
#12 C:\CapstoneSystem\public\index.php(79): CodeIgniter\CodeIgniter->run()
#13 C:\CapstoneSystem\system\Commands\Server\rewrite.php(47): require_once('C:\\CapstoneSyst...')
#14 {main}
in APPPATH\Views\errors\html\error_exception.php on line 101.
 1 [internal function]: CodeIgniter\Debug\Exceptions->shutdownHandler()
CRITICAL - 2024-08-03 19:37:30 --> Undefined array key "token"
in APPPATH\Views\Admin\chop\header.php on line 98.
 1 APPPATH\Views\Admin\chop\header.php(98): CodeIgniter\Debug\Exceptions->errorHandler(2, 'Undefined array key "token"', 'C:\\CapstoneSystem\\app\\Views\\Admin\\chop\\header.php', 98)
 2 SYSTEMPATH\View\View.php(226): include('C:\\CapstoneSystem\\app\\Views\\Admin\\chop\\header.php')
 3 SYSTEMPATH\View\View.php(229): CodeIgniter\View\View->CodeIgniter\View\{closure}()
 4 SYSTEMPATH\Common.php(1188): CodeIgniter\View\View->render('Admin/chop/header', [], true)
 5 APPPATH\Views\Admin\usermanagement.php(6): view('Admin/chop/header')
 6 SYSTEMPATH\View\View.php(226): include('C:\\CapstoneSystem\\app\\Views\\Admin\\usermanagement.php')
 7 SYSTEMPATH\View\View.php(229): CodeIgniter\View\View->CodeIgniter\View\{closure}()
 8 SYSTEMPATH\Common.php(1188): CodeIgniter\View\View->render('Admin/usermanagement', [], true)
 9 APPPATH\Controllers\UsersManageController.php(75): view('Admin/usermanagement', [...])
10 SYSTEMPATH\CodeIgniter.php(919): App\Controllers\UsersManageController->usermanagement()
11 SYSTEMPATH\CodeIgniter.php(494): CodeIgniter\CodeIgniter->runController(Object(App\Controllers\UsersManageController))
12 SYSTEMPATH\CodeIgniter.php(353): CodeIgniter\CodeIgniter->handleRequest(null, Object(Config\Cache), false)
13 FCPATH\index.php(79): CodeIgniter\CodeIgniter->run()
14 SYSTEMPATH\Commands\Server\rewrite.php(47): require_once('C:\\CapstoneSystem\\public\\index.php')
CRITICAL - 2024-08-03 19:37:30 --> Allowed memory size of 134217728 bytes exhausted (tried to allocate 65015808 bytes)
【Previous Exception】
ErrorException
Undefined array key "token"
#0 C:\CapstoneSystem\app\Views\Admin\chop\header.php(98): CodeIgniter\Debug\Exceptions->errorHandler(2, 'Undefined array...', 'C:\\CapstoneSyst...', 98)
#1 C:\CapstoneSystem\system\View\View.php(226): include('C:\\CapstoneSyst...')
#2 C:\CapstoneSystem\system\View\View.php(229): CodeIgniter\View\View->CodeIgniter\View\{closure}()
#3 C:\CapstoneSystem\system\Common.php(1188): CodeIgniter\View\View->render('Admin/chop/head...', Array, true)
#4 C:\CapstoneSystem\app\Views\Admin\usermanagement.php(6): view('Admin/chop/head...')
#5 C:\CapstoneSystem\system\View\View.php(226): include('C:\\CapstoneSyst...')
#6 C:\CapstoneSystem\system\View\View.php(229): CodeIgniter\View\View->CodeIgniter\View\{closure}()
#7 C:\CapstoneSystem\system\Common.php(1188): CodeIgniter\View\View->render('Admin/usermanag...', Array, true)
#8 C:\CapstoneSystem\app\Controllers\UsersManageController.php(75): view('Admin/usermanag...', Array)
#9 C:\CapstoneSystem\system\CodeIgniter.php(919): App\Controllers\UsersManageController->usermanagement()
#10 C:\CapstoneSystem\system\CodeIgniter.php(494): CodeIgniter\CodeIgniter->runController(Object(App\Controllers\UsersManageController))
#11 C:\CapstoneSystem\system\CodeIgniter.php(353): CodeIgniter\CodeIgniter->handleRequest(NULL, Object(Config\Cache), false)
#12 C:\CapstoneSystem\public\index.php(79): CodeIgniter\CodeIgniter->run()
#13 C:\CapstoneSystem\system\Commands\Server\rewrite.php(47): require_once('C:\\CapstoneSyst...')
#14 {main}
in APPPATH\Views\errors\html\error_exception.php on line 101.
 1 [internal function]: CodeIgniter\Debug\Exceptions->shutdownHandler()
CRITICAL - 2024-08-03 19:37:36 --> Undefined array key "token"
in APPPATH\Views\Admin\chop\header.php on line 98.
 1 APPPATH\Views\Admin\chop\header.php(98): CodeIgniter\Debug\Exceptions->errorHandler(2, 'Undefined array key "token"', 'C:\\CapstoneSystem\\app\\Views\\Admin\\chop\\header.php', 98)
 2 SYSTEMPATH\View\View.php(226): include('C:\\CapstoneSystem\\app\\Views\\Admin\\chop\\header.php')
 3 SYSTEMPATH\View\View.php(229): CodeIgniter\View\View->CodeIgniter\View\{closure}()
 4 SYSTEMPATH\Common.php(1188): CodeIgniter\View\View->render('Admin/chop/header', [], true)
 5 APPPATH\Views\Admin\usermanagement.php(6): view('Admin/chop/header')
 6 SYSTEMPATH\View\View.php(226): include('C:\\CapstoneSystem\\app\\Views\\Admin\\usermanagement.php')
 7 SYSTEMPATH\View\View.php(229): CodeIgniter\View\View->CodeIgniter\View\{closure}()
 8 SYSTEMPATH\Common.php(1188): CodeIgniter\View\View->render('Admin/usermanagement', [], true)
 9 APPPATH\Controllers\UsersManageController.php(75): view('Admin/usermanagement', [...])
10 SYSTEMPATH\CodeIgniter.php(919): App\Controllers\UsersManageController->usermanagement()
11 SYSTEMPATH\CodeIgniter.php(494): CodeIgniter\CodeIgniter->runController(Object(App\Controllers\UsersManageController))
12 SYSTEMPATH\CodeIgniter.php(353): CodeIgniter\CodeIgniter->handleRequest(null, Object(Config\Cache), false)
13 FCPATH\index.php(79): CodeIgniter\CodeIgniter->run()
14 SYSTEMPATH\Commands\Server\rewrite.php(47): require_once('C:\\CapstoneSystem\\public\\index.php')
CRITICAL - 2024-08-03 19:37:36 --> Allowed memory size of 134217728 bytes exhausted (tried to allocate 65015808 bytes)
【Previous Exception】
ErrorException
Undefined array key "token"
#0 C:\CapstoneSystem\app\Views\Admin\chop\header.php(98): CodeIgniter\Debug\Exceptions->errorHandler(2, 'Undefined array...', 'C:\\CapstoneSyst...', 98)
#1 C:\CapstoneSystem\system\View\View.php(226): include('C:\\CapstoneSyst...')
#2 C:\CapstoneSystem\system\View\View.php(229): CodeIgniter\View\View->CodeIgniter\View\{closure}()
#3 C:\CapstoneSystem\system\Common.php(1188): CodeIgniter\View\View->render('Admin/chop/head...', Array, true)
#4 C:\CapstoneSystem\app\Views\Admin\usermanagement.php(6): view('Admin/chop/head...')
#5 C:\CapstoneSystem\system\View\View.php(226): include('C:\\CapstoneSyst...')
#6 C:\CapstoneSystem\system\View\View.php(229): CodeIgniter\View\View->CodeIgniter\View\{closure}()
#7 C:\CapstoneSystem\system\Common.php(1188): CodeIgniter\View\View->render('Admin/usermanag...', Array, true)
#8 C:\CapstoneSystem\app\Controllers\UsersManageController.php(75): view('Admin/usermanag...', Array)
#9 C:\CapstoneSystem\system\CodeIgniter.php(919): App\Controllers\UsersManageController->usermanagement()
#10 C:\CapstoneSystem\system\CodeIgniter.php(494): CodeIgniter\CodeIgniter->runController(Object(App\Controllers\UsersManageController))
#11 C:\CapstoneSystem\system\CodeIgniter.php(353): CodeIgniter\CodeIgniter->handleRequest(NULL, Object(Config\Cache), false)
#12 C:\CapstoneSystem\public\index.php(79): CodeIgniter\CodeIgniter->run()
#13 C:\CapstoneSystem\system\Commands\Server\rewrite.php(47): require_once('C:\\CapstoneSyst...')
#14 {main}
in APPPATH\Views\errors\html\error_exception.php on line 101.
 1 [internal function]: CodeIgniter\Debug\Exceptions->shutdownHandler()
CRITICAL - 2024-08-03 19:42:38 --> Call to undefined method App\Controllers\UsersManageController::notif()
in APPPATH\Controllers\UsersManageController.php on line 51.
 1 SYSTEMPATH\CodeIgniter.php(919): App\Controllers\UsersManageController->usermanagement()
 2 SYSTEMPATH\CodeIgniter.php(494): CodeIgniter\CodeIgniter->runController(Object(App\Controllers\UsersManageController))
 3 SYSTEMPATH\CodeIgniter.php(353): CodeIgniter\CodeIgniter->handleRequest(null, Object(Config\Cache), false)
 4 FCPATH\index.php(79): CodeIgniter\CodeIgniter->run()
 5 SYSTEMPATH\Commands\Server\rewrite.php(47): require_once('C:\\CapstoneSystem\\public\\index.php')
CRITICAL - 2024-08-03 19:49:58 --> Undefined array key "token"
in APPPATH\Views\Admin\chop\header.php on line 98.
 1 APPPATH\Views\Admin\chop\header.php(98): CodeIgniter\Debug\Exceptions->errorHandler(2, 'Undefined array key "token"', 'C:\\CapstoneSystem\\app\\Views\\Admin\\chop\\header.php', 98)
 2 SYSTEMPATH\View\View.php(226): include('C:\\CapstoneSystem\\app\\Views\\Admin\\chop\\header.php')
 3 SYSTEMPATH\View\View.php(229): CodeIgniter\View\View->CodeIgniter\View\{closure}()
 4 SYSTEMPATH\Common.php(1188): CodeIgniter\View\View->render('Admin/chop/header', [], true)
 5 APPPATH\Views\Admin\map.php(19): view('Admin/chop/header')
 6 SYSTEMPATH\View\View.php(226): include('C:\\CapstoneSystem\\app\\Views\\Admin\\map.php')
 7 SYSTEMPATH\View\View.php(229): CodeIgniter\View\View->CodeIgniter\View\{closure}()
 8 SYSTEMPATH\Common.php(1188): CodeIgniter\View\View->render('Admin/map', [], true)
 9 APPPATH\Controllers\MapController.php(134): view('Admin/map', [...])
10 SYSTEMPATH\CodeIgniter.php(919): App\Controllers\MapController->map()
11 SYSTEMPATH\CodeIgniter.php(494): CodeIgniter\CodeIgniter->runController(Object(App\Controllers\MapController))
12 SYSTEMPATH\CodeIgniter.php(353): CodeIgniter\CodeIgniter->handleRequest(null, Object(Config\Cache), false)
13 FCPATH\index.php(79): CodeIgniter\CodeIgniter->run()
14 SYSTEMPATH\Commands\Server\rewrite.php(47): require_once('C:\\CapstoneSystem\\public\\index.php')
CRITICAL - 2024-08-03 19:52:23 --> Undefined variable $applicantCounts
in APPPATH\Views\Admin\map.php on line 163.
 1 APPPATH\Views\Admin\map.php(163): CodeIgniter\Debug\Exceptions->errorHandler(2, 'Undefined variable $applicantCounts', 'C:\\CapstoneSystem\\app\\Views\\Admin\\map.php', 163)
 2 SYSTEMPATH\View\View.php(226): include('C:\\CapstoneSystem\\app\\Views\\Admin\\map.php')
 3 SYSTEMPATH\View\View.php(229): CodeIgniter\View\View->CodeIgniter\View\{closure}()
 4 SYSTEMPATH\Common.php(1188): CodeIgniter\View\View->render('Admin/map', [], true)
 5 APPPATH\Controllers\MapController.php(134): view('Admin/map', [...])
 6 SYSTEMPATH\CodeIgniter.php(919): App\Controllers\MapController->map()
 7 SYSTEMPATH\CodeIgniter.php(494): CodeIgniter\CodeIgniter->runController(Object(App\Controllers\MapController))
 8 SYSTEMPATH\CodeIgniter.php(353): CodeIgniter\CodeIgniter->handleRequest(null, Object(Config\Cache), false)
 9 FCPATH\index.php(79): CodeIgniter\CodeIgniter->run()
10 SYSTEMPATH\Commands\Server\rewrite.php(47): require_once('C:\\CapstoneSystem\\public\\index.php')
CRITICAL - 2024-08-03 19:52:40 --> Undefined array key "token"
in APPPATH\Views\Admin\chop\header.php on line 98.
 1 APPPATH\Views\Admin\chop\header.php(98): CodeIgniter\Debug\Exceptions->errorHandler(2, 'Undefined array key "token"', 'C:\\CapstoneSystem\\app\\Views\\Admin\\chop\\header.php', 98)
 2 SYSTEMPATH\View\View.php(226): include('C:\\CapstoneSystem\\app\\Views\\Admin\\chop\\header.php')
 3 SYSTEMPATH\View\View.php(229): CodeIgniter\View\View->CodeIgniter\View\{closure}()
 4 SYSTEMPATH\Common.php(1188): CodeIgniter\View\View->render('Admin/chop/header', [], true)
 5 APPPATH\Views\Admin\plan.php(7): view('Admin/chop/header')
 6 SYSTEMPATH\View\View.php(226): include('C:\\CapstoneSystem\\app\\Views\\Admin\\plan.php')
 7 SYSTEMPATH\View\View.php(229): CodeIgniter\View\View->CodeIgniter\View\{closure}()
 8 SYSTEMPATH\Common.php(1188): CodeIgniter\View\View->render('Admin/plan', [], true)
 9 APPPATH\Controllers\PlanController.php(26): view('Admin/plan', [...])
10 SYSTEMPATH\CodeIgniter.php(919): App\Controllers\PlanController->plans()
11 SYSTEMPATH\CodeIgniter.php(494): CodeIgniter\CodeIgniter->runController(Object(App\Controllers\PlanController))
12 SYSTEMPATH\CodeIgniter.php(353): CodeIgniter\CodeIgniter->handleRequest(null, Object(Config\Cache), false)
13 FCPATH\index.php(79): CodeIgniter\CodeIgniter->run()
14 SYSTEMPATH\Commands\Server\rewrite.php(47): require_once('C:\\CapstoneSystem\\public\\index.php')
