CRITICAL - 2024-05-26 00:09:50 --> Trying to access array offset on value of type null
in APPPATH\Views\Applicant\files.php on line 175.
 1 APPPATH\Views\Applicant\files.php(175): CodeIgniter\Debug\Exceptions->errorHandler(2, 'Trying to access array offset on value of type null', 'C:\\CapstoneSystem\\app\\Views\\Applicant\\files.php', 175)
 2 SYSTEMPATH\View\View.php(226): include('C:\\CapstoneSystem\\app\\Views\\Applicant\\files.php')
 3 SYSTEMPATH\View\View.php(229): CodeIgniter\View\View->CodeIgniter\View\{closure}()
 4 SYSTEMPATH\Common.php(1188): CodeIgniter\View\View->render('Applicant/files', [], true)
 5 APPPATH\Controllers\FilesController.php(107): view('Applicant/files', [...])
 6 SYSTEMPATH\CodeIgniter.php(919): App\Controllers\FilesController->applicantfiles()
 7 SYSTEMPATH\CodeIgniter.php(494): CodeIgniter\CodeIgniter->runController(Object(App\Controllers\FilesController))
 8 SYSTEMPATH\CodeIgniter.php(353): CodeIgniter\CodeIgniter->handleRequest(null, Object(Config\Cache), false)
 9 FCPATH\index.php(79): CodeIgniter\CodeIgniter->run()
10 SYSTEMPATH\Commands\Server\rewrite.php(47): require_once('C:\\CapstoneSystem\\public\\index.php')
CRITICAL - 2024-05-26 00:11:12 --> Call to a member function isValid() on null
in APPPATH\Controllers\FilesController.php on line 186.
 1 SYSTEMPATH\CodeIgniter.php(919): App\Controllers\FilesController->fileuploads()
 2 SYSTEMPATH\CodeIgniter.php(494): CodeIgniter\CodeIgniter->runController(Object(App\Controllers\FilesController))
 3 SYSTEMPATH\CodeIgniter.php(353): CodeIgniter\CodeIgniter->handleRequest(null, Object(Config\Cache), false)
 4 FCPATH\index.php(79): CodeIgniter\CodeIgniter->run()
 5 SYSTEMPATH\Commands\Server\rewrite.php(47): require_once('C:\\CapstoneSystem\\public\\index.php')
CRITICAL - 2024-05-26 00:11:35 --> Call to a member function isValid() on null
in APPPATH\Controllers\FilesController.php on line 186.
 1 SYSTEMPATH\CodeIgniter.php(919): App\Controllers\FilesController->fileuploads()
 2 SYSTEMPATH\CodeIgniter.php(494): CodeIgniter\CodeIgniter->runController(Object(App\Controllers\FilesController))
 3 SYSTEMPATH\CodeIgniter.php(353): CodeIgniter\CodeIgniter->handleRequest(null, Object(Config\Cache), false)
 4 FCPATH\index.php(79): CodeIgniter\CodeIgniter->run()
 5 SYSTEMPATH\Commands\Server\rewrite.php(47): require_once('C:\\CapstoneSystem\\public\\index.php')
CRITICAL - 2024-05-26 00:24:22 --> Undefined variable $username
in APPPATH\Views\Applicant\files.php on line 176.
 1 APPPATH\Views\Applicant\files.php(176): CodeIgniter\Debug\Exceptions->errorHandler(2, 'Undefined variable $username', 'C:\\CapstoneSystem\\app\\Views\\Applicant\\files.php', 176)
 2 SYSTEMPATH\View\View.php(226): include('C:\\CapstoneSystem\\app\\Views\\Applicant\\files.php')
 3 SYSTEMPATH\View\View.php(229): CodeIgniter\View\View->CodeIgniter\View\{closure}()
 4 SYSTEMPATH\Common.php(1188): CodeIgniter\View\View->render('Applicant/files', [], true)
 5 APPPATH\Controllers\FilesController.php(130): view('Applicant/files', [...])
 6 SYSTEMPATH\CodeIgniter.php(919): App\Controllers\FilesController->applicantfiles()
 7 SYSTEMPATH\CodeIgniter.php(494): CodeIgniter\CodeIgniter->runController(Object(App\Controllers\FilesController))
 8 SYSTEMPATH\CodeIgniter.php(353): CodeIgniter\CodeIgniter->handleRequest(null, Object(Config\Cache), false)
 9 FCPATH\index.php(79): CodeIgniter\CodeIgniter->run()
10 SYSTEMPATH\Commands\Server\rewrite.php(47): require_once('C:\\CapstoneSystem\\public\\index.php')
CRITICAL - 2024-05-26 10:43:18 --> Call to a member function isValid() on null
in APPPATH\Controllers\FilesController.php on line 85.
 1 SYSTEMPATH\CodeIgniter.php(919): App\Controllers\FilesController->fileuploads()
 2 SYSTEMPATH\CodeIgniter.php(494): CodeIgniter\CodeIgniter->runController(Object(App\Controllers\FilesController))
 3 SYSTEMPATH\CodeIgniter.php(353): CodeIgniter\CodeIgniter->handleRequest(null, Object(Config\Cache), false)
 4 FCPATH\index.php(79): CodeIgniter\CodeIgniter->run()
 5 SYSTEMPATH\Commands\Server\rewrite.php(47): require_once('C:\\CapstoneSystem\\public\\index.php')
CRITICAL - 2024-05-26 10:44:43 --> Call to a member function isValid() on null
in APPPATH\Controllers\FilesController.php on line 167.
 1 SYSTEMPATH\CodeIgniter.php(919): App\Controllers\FilesController->fileuploads()
 2 SYSTEMPATH\CodeIgniter.php(494): CodeIgniter\CodeIgniter->runController(Object(App\Controllers\FilesController))
 3 SYSTEMPATH\CodeIgniter.php(353): CodeIgniter\CodeIgniter->handleRequest(null, Object(Config\Cache), false)
 4 FCPATH\index.php(79): CodeIgniter\CodeIgniter->run()
 5 SYSTEMPATH\Commands\Server\rewrite.php(47): require_once('C:\\CapstoneSystem\\public\\index.php')
CRITICAL - 2024-05-26 10:45:18 --> ini_set(): Session ini settings cannot be changed after headers have already been sent
in SYSTEMPATH\Session\Handlers\FileHandler.php on line 72.
 1 [internal function]: CodeIgniter\Debug\Exceptions->errorHandler(2, 'ini_set(): Session ini settings cannot be changed after headers have already been sent', 'C:\\CapstoneSystem\\system\\Session\\Handlers\\FileHandler.php', 72)
 2 SYSTEMPATH\Session\Handlers\FileHandler.php(72): ini_set('session.save_path', 'C:\\CapstoneSystem\\writable\\session')
 3 SYSTEMPATH\Config\Services.php(685): CodeIgniter\Session\Handlers\FileHandler->__construct(Object(Config\Session), '::1')
 4 SYSTEMPATH\Config\BaseService.php(258): CodeIgniter\Config\Services::session(Object(Config\Session), false)
 5 SYSTEMPATH\Config\BaseService.php(199): CodeIgniter\Config\BaseService::__callStatic('session', [...])
 6 SYSTEMPATH\Config\Services.php(663): CodeIgniter\Config\BaseService::getSharedInstance('session', null)
 7 SYSTEMPATH\Config\BaseService.php(258): CodeIgniter\Config\Services::session()
 8 SYSTEMPATH\Common.php(996): CodeIgniter\Config\BaseService::__callStatic('session', [])
 9 APPPATH\Filters\ApplicantFilter.php(28): session()
10 SYSTEMPATH\Filters\Filters.php(182): App\Filters\ApplicantFilter->before(Object(CodeIgniter\HTTP\IncomingRequest), null)
11 SYSTEMPATH\CodeIgniter.php(466): CodeIgniter\Filters\Filters->run('fileuploads', 'before')
12 SYSTEMPATH\CodeIgniter.php(353): CodeIgniter\CodeIgniter->handleRequest(null, Object(Config\Cache), false)
13 FCPATH\index.php(79): CodeIgniter\CodeIgniter->run()
14 SYSTEMPATH\Commands\Server\rewrite.php(47): require_once('C:\\CapstoneSystem\\public\\index.php')
CRITICAL - 2024-05-26 10:46:18 --> Call to a member function isValid() on null
in APPPATH\Controllers\FilesController.php on line 185.
 1 SYSTEMPATH\CodeIgniter.php(919): App\Controllers\FilesController->fileuploads()
 2 SYSTEMPATH\CodeIgniter.php(494): CodeIgniter\CodeIgniter->runController(Object(App\Controllers\FilesController))
 3 SYSTEMPATH\CodeIgniter.php(353): CodeIgniter\CodeIgniter->handleRequest(null, Object(Config\Cache), false)
 4 FCPATH\index.php(79): CodeIgniter\CodeIgniter->run()
 5 SYSTEMPATH\Commands\Server\rewrite.php(47): require_once('C:\\CapstoneSystem\\public\\index.php')
CRITICAL - 2024-05-26 10:47:44 --> Call to a member function isValid() on null
in APPPATH\Controllers\FilesController.php on line 167.
 1 SYSTEMPATH\CodeIgniter.php(919): App\Controllers\FilesController->fileuploads()
 2 SYSTEMPATH\CodeIgniter.php(494): CodeIgniter\CodeIgniter->runController(Object(App\Controllers\FilesController))
 3 SYSTEMPATH\CodeIgniter.php(353): CodeIgniter\CodeIgniter->handleRequest(null, Object(Config\Cache), false)
 4 FCPATH\index.php(79): CodeIgniter\CodeIgniter->run()
 5 SYSTEMPATH\Commands\Server\rewrite.php(47): require_once('C:\\CapstoneSystem\\public\\index.php')
CRITICAL - 2024-05-26 10:48:19 --> Call to a member function isValid() on null
in APPPATH\Controllers\FilesController.php on line 167.
 1 SYSTEMPATH\CodeIgniter.php(919): App\Controllers\FilesController->fileuploads()
 2 SYSTEMPATH\CodeIgniter.php(494): CodeIgniter\CodeIgniter->runController(Object(App\Controllers\FilesController))
 3 SYSTEMPATH\CodeIgniter.php(353): CodeIgniter\CodeIgniter->handleRequest(null, Object(Config\Cache), false)
 4 FCPATH\index.php(79): CodeIgniter\CodeIgniter->run()
 5 SYSTEMPATH\Commands\Server\rewrite.php(47): require_once('C:\\CapstoneSystem\\public\\index.php')
CRITICAL - 2024-05-26 10:51:27 --> Call to a member function isValid() on null
in APPPATH\Controllers\FilesController.php on line 167.
 1 SYSTEMPATH\CodeIgniter.php(919): App\Controllers\FilesController->fileuploads()
 2 SYSTEMPATH\CodeIgniter.php(494): CodeIgniter\CodeIgniter->runController(Object(App\Controllers\FilesController))
 3 SYSTEMPATH\CodeIgniter.php(353): CodeIgniter\CodeIgniter->handleRequest(null, Object(Config\Cache), false)
 4 FCPATH\index.php(79): CodeIgniter\CodeIgniter->run()
 5 SYSTEMPATH\Commands\Server\rewrite.php(47): require_once('C:\\CapstoneSystem\\public\\index.php')
CRITICAL - 2024-05-26 10:52:17 --> Call to a member function isValid() on null
in APPPATH\Controllers\FilesController.php on line 167.
 1 SYSTEMPATH\CodeIgniter.php(919): App\Controllers\FilesController->fileuploads()
 2 SYSTEMPATH\CodeIgniter.php(494): CodeIgniter\CodeIgniter->runController(Object(App\Controllers\FilesController))
 3 SYSTEMPATH\CodeIgniter.php(353): CodeIgniter\CodeIgniter->handleRequest(null, Object(Config\Cache), false)
 4 FCPATH\index.php(79): CodeIgniter\CodeIgniter->run()
 5 SYSTEMPATH\Commands\Server\rewrite.php(47): require_once('C:\\CapstoneSystem\\public\\index.php')
CRITICAL - 2024-05-26 10:58:33 --> Call to a member function isValid() on null
in APPPATH\Controllers\FilesController.php on line 85.
 1 SYSTEMPATH\CodeIgniter.php(919): App\Controllers\FilesController->fileuploads()
 2 SYSTEMPATH\CodeIgniter.php(494): CodeIgniter\CodeIgniter->runController(Object(App\Controllers\FilesController))
 3 SYSTEMPATH\CodeIgniter.php(353): CodeIgniter\CodeIgniter->handleRequest(null, Object(Config\Cache), false)
 4 FCPATH\index.php(79): CodeIgniter\CodeIgniter->run()
 5 SYSTEMPATH\Commands\Server\rewrite.php(47): require_once('C:\\CapstoneSystem\\public\\index.php')
CRITICAL - 2024-05-26 11:30:37 --> Call to a member function isValid() on null
in APPPATH\Controllers\FilesController.php on line 86.
 1 SYSTEMPATH\CodeIgniter.php(919): App\Controllers\FilesController->fileuploads()
 2 SYSTEMPATH\CodeIgniter.php(494): CodeIgniter\CodeIgniter->runController(Object(App\Controllers\FilesController))
 3 SYSTEMPATH\CodeIgniter.php(353): CodeIgniter\CodeIgniter->handleRequest(null, Object(Config\Cache), false)
 4 FCPATH\index.php(79): CodeIgniter\CodeIgniter->run()
 5 SYSTEMPATH\Commands\Server\rewrite.php(47): require_once('C:\\CapstoneSystem\\public\\index.php')
CRITICAL - 2024-05-26 11:31:11 --> Call to a member function isValid() on null
in APPPATH\Controllers\FilesController.php on line 85.
 1 SYSTEMPATH\CodeIgniter.php(919): App\Controllers\FilesController->fileuploads()
 2 SYSTEMPATH\CodeIgniter.php(494): CodeIgniter\CodeIgniter->runController(Object(App\Controllers\FilesController))
 3 SYSTEMPATH\CodeIgniter.php(353): CodeIgniter\CodeIgniter->handleRequest(null, Object(Config\Cache), false)
 4 FCPATH\index.php(79): CodeIgniter\CodeIgniter->run()
 5 SYSTEMPATH\Commands\Server\rewrite.php(47): require_once('C:\\CapstoneSystem\\public\\index.php')
CRITICAL - 2024-05-26 11:33:58 --> Call to a member function isValid() on null
in APPPATH\Controllers\FilesController.php on line 85.
 1 SYSTEMPATH\CodeIgniter.php(919): App\Controllers\FilesController->fileuploads()
 2 SYSTEMPATH\CodeIgniter.php(494): CodeIgniter\CodeIgniter->runController(Object(App\Controllers\FilesController))
 3 SYSTEMPATH\CodeIgniter.php(353): CodeIgniter\CodeIgniter->handleRequest(null, Object(Config\Cache), false)
 4 FCPATH\index.php(79): CodeIgniter\CodeIgniter->run()
 5 SYSTEMPATH\Commands\Server\rewrite.php(47): require_once('C:\\CapstoneSystem\\public\\index.php')
