ERROR - 2024-06-17 11:20:22 --> mysqli_sql_exception: Table 'erecruit.notifications' doesn't exist in C:\CapstoneSystem\system\Database\MySQLi\Connection.php:306
Stack trace:
#0 C:\CapstoneSystem\system\Database\MySQLi\Connection.php(306): mysqli->query('INSERT INTO `no...', 0)
#1 C:\CapstoneSystem\system\Database\BaseConnection.php(692): CodeIgniter\Database\MySQLi\Connection->execute('INSERT INTO `no...')
#2 C:\CapstoneSystem\system\Database\BaseConnection.php(606): CodeIgniter\Database\BaseConnection->simpleQuery('INSERT INTO `no...')
#3 C:\CapstoneSystem\system\Database\BaseBuilder.php(2308): CodeIgniter\Database\BaseConnection->query('INSERT INTO `no...', Array, false)
#4 C:\CapstoneSystem\system\Model.php(319): CodeIgniter\Database\BaseBuilder->insert()
#5 C:\CapstoneSystem\system\BaseModel.php(788): CodeIgniter\Model->doInsert(Array)
#6 C:\CapstoneSystem\system\Model.php(715): CodeIgniter\BaseModel->insert(Array, false)
#7 C:\CapstoneSystem\system\BaseModel.php(698): CodeIgniter\Model->insert(Array, false)
#8 C:\CapstoneSystem\app\Controllers\AppController.php(564): CodeIgniter\BaseModel->save(Array)
#9 C:\CapstoneSystem\system\CodeIgniter.php(919): App\Controllers\AppController->form1sv()
#10 C:\CapstoneSystem\system\CodeIgniter.php(494): CodeIgniter\CodeIgniter->runController(Object(App\Controllers\AppController))
#11 C:\CapstoneSystem\system\CodeIgniter.php(353): CodeIgniter\CodeIgniter->handleRequest(NULL, Object(Config\Cache), false)
#12 C:\CapstoneSystem\public\index.php(79): CodeIgniter\CodeIgniter->run()
#13 C:\CapstoneSystem\system\Commands\Server\rewrite.php(47): require_once('C:\\CapstoneSyst...')
#14 {main}
CRITICAL - 2024-06-17 11:20:22 --> Table 'erecruit.notifications' doesn't exist
in SYSTEMPATH\Database\BaseConnection.php on line 646.
 1 SYSTEMPATH\Database\BaseBuilder.php(2308): CodeIgniter\Database\BaseConnection->query('INSERT INTO `notifications` (`user_id`, `link`, `notif`, `created_at`, `updated_at`) VALUES (:user_id:, :link:, :notif:, :created_at:, :updated_at:)', [...], false)
 2 SYSTEMPATH\Model.php(319): CodeIgniter\Database\BaseBuilder->insert()
 3 SYSTEMPATH\BaseModel.php(788): CodeIgniter\Model->doInsert([...])
 4 SYSTEMPATH\Model.php(715): CodeIgniter\BaseModel->insert([...], false)
 5 SYSTEMPATH\BaseModel.php(698): CodeIgniter\Model->insert([...], false)
 6 APPPATH\Controllers\AppController.php(564): CodeIgniter\BaseModel->save([...])
 7 SYSTEMPATH\CodeIgniter.php(919): App\Controllers\AppController->form1sv()
 8 SYSTEMPATH\CodeIgniter.php(494): CodeIgniter\CodeIgniter->runController(Object(App\Controllers\AppController))
 9 SYSTEMPATH\CodeIgniter.php(353): CodeIgniter\CodeIgniter->handleRequest(null, Object(Config\Cache), false)
10 FCPATH\index.php(79): CodeIgniter\CodeIgniter->run()
11 SYSTEMPATH\Commands\Server\rewrite.php(47): require_once('C:\\CapstoneSystem\\public\\index.php')
CRITICAL - 2024-06-17 11:47:36 --> Undefined array key "notification"
in APPPATH\Controllers\AdminController.php on line 80.
 1 APPPATH\Controllers\AdminController.php(80): CodeIgniter\Debug\Exceptions->errorHandler(2, 'Undefined array key "notification"', 'C:\\CapstoneSystem\\app\\Controllers\\AdminController.php', 80)
 2 SYSTEMPATH\CodeIgniter.php(919): App\Controllers\AdminController->AdDash()
 3 SYSTEMPATH\CodeIgniter.php(494): CodeIgniter\CodeIgniter->runController(Object(App\Controllers\AdminController))
 4 SYSTEMPATH\CodeIgniter.php(353): CodeIgniter\CodeIgniter->handleRequest(null, Object(Config\Cache), false)
 5 FCPATH\index.php(79): CodeIgniter\CodeIgniter->run()
 6 SYSTEMPATH\Commands\Server\rewrite.php(47): require_once('C:\\CapstoneSystem\\public\\index.php')
CRITICAL - 2024-06-17 11:47:45 --> Undefined array key "notification"
in APPPATH\Controllers\AdminController.php on line 80.
 1 APPPATH\Controllers\AdminController.php(80): CodeIgniter\Debug\Exceptions->errorHandler(2, 'Undefined array key "notification"', 'C:\\CapstoneSystem\\app\\Controllers\\AdminController.php', 80)
 2 SYSTEMPATH\CodeIgniter.php(919): App\Controllers\AdminController->AdDash()
 3 SYSTEMPATH\CodeIgniter.php(494): CodeIgniter\CodeIgniter->runController(Object(App\Controllers\AdminController))
 4 SYSTEMPATH\CodeIgniter.php(353): CodeIgniter\CodeIgniter->handleRequest(null, Object(Config\Cache), false)
 5 FCPATH\index.php(79): CodeIgniter\CodeIgniter->run()
 6 SYSTEMPATH\Commands\Server\rewrite.php(47): require_once('C:\\CapstoneSystem\\public\\index.php')
CRITICAL - 2024-06-17 11:47:47 --> Undefined array key "notification"
in APPPATH\Controllers\AdminController.php on line 80.
 1 APPPATH\Controllers\AdminController.php(80): CodeIgniter\Debug\Exceptions->errorHandler(2, 'Undefined array key "notification"', 'C:\\CapstoneSystem\\app\\Controllers\\AdminController.php', 80)
 2 SYSTEMPATH\CodeIgniter.php(919): App\Controllers\AdminController->AdDash()
 3 SYSTEMPATH\CodeIgniter.php(494): CodeIgniter\CodeIgniter->runController(Object(App\Controllers\AdminController))
 4 SYSTEMPATH\CodeIgniter.php(353): CodeIgniter\CodeIgniter->handleRequest(null, Object(Config\Cache), false)
 5 FCPATH\index.php(79): CodeIgniter\CodeIgniter->run()
 6 SYSTEMPATH\Commands\Server\rewrite.php(47): require_once('C:\\CapstoneSystem\\public\\index.php')
CRITICAL - 2024-06-17 12:17:21 --> Deletes are not allowed unless they contain a "where" or "like" clause.
in SYSTEMPATH\Database\BaseBuilder.php on line 2766.
 1 SYSTEMPATH\Model.php(445): CodeIgniter\Database\BaseBuilder->delete()
 2 SYSTEMPATH\BaseModel.php(1080): CodeIgniter\Model->doDelete(null, false)
 3 APPPATH\Controllers\NotifController.php(18): CodeIgniter\BaseModel->delete()
 4 SYSTEMPATH\CodeIgniter.php(919): App\Controllers\NotifController->clearnotif()
 5 SYSTEMPATH\CodeIgniter.php(494): CodeIgniter\CodeIgniter->runController(Object(App\Controllers\NotifController))
 6 SYSTEMPATH\CodeIgniter.php(353): CodeIgniter\CodeIgniter->handleRequest(null, Object(Config\Cache), false)
 7 FCPATH\index.php(79): CodeIgniter\CodeIgniter->run()
 8 SYSTEMPATH\Commands\Server\rewrite.php(47): require_once('C:\\CapstoneSystem\\public\\index.php')
ERROR - 2024-06-17 12:26:11 --> mysqli_sql_exception: Unknown column 'updated_at' in 'field list' in C:\CapstoneSystem\system\Database\MySQLi\Connection.php:306
Stack trace:
#0 C:\CapstoneSystem\system\Database\MySQLi\Connection.php(306): mysqli->query('UPDATE `gli` SE...', 0)
#1 C:\CapstoneSystem\system\Database\BaseConnection.php(692): CodeIgniter\Database\MySQLi\Connection->execute('UPDATE `gli` SE...')
#2 C:\CapstoneSystem\system\Database\BaseConnection.php(606): CodeIgniter\Database\BaseConnection->simpleQuery('UPDATE `gli` SE...')
#3 C:\CapstoneSystem\system\Database\BaseBuilder.php(2475): CodeIgniter\Database\BaseConnection->query('UPDATE `gli` SE...', Array, false)
#4 C:\CapstoneSystem\system\Model.php(385): CodeIgniter\Database\BaseBuilder->update()
#5 C:\CapstoneSystem\system\BaseModel.php(949): CodeIgniter\Model->doUpdate(NULL, Array)
#6 C:\CapstoneSystem\system\Model.php(776): CodeIgniter\BaseModel->update(NULL, Array)
#7 C:\CapstoneSystem\app\Controllers\AppController.php(662): CodeIgniter\Model->update()
#8 C:\CapstoneSystem\system\CodeIgniter.php(919): App\Controllers\AppController->form3sv()
#9 C:\CapstoneSystem\system\CodeIgniter.php(494): CodeIgniter\CodeIgniter->runController(Object(App\Controllers\AppController))
#10 C:\CapstoneSystem\system\CodeIgniter.php(353): CodeIgniter\CodeIgniter->handleRequest(NULL, Object(Config\Cache), false)
#11 C:\CapstoneSystem\public\index.php(79): CodeIgniter\CodeIgniter->run()
#12 C:\CapstoneSystem\system\Commands\Server\rewrite.php(47): require_once('C:\\CapstoneSyst...')
#13 {main}
CRITICAL - 2024-06-17 12:26:11 --> Unknown column 'updated_at' in 'field list'
in SYSTEMPATH\Database\BaseConnection.php on line 646.
 1 SYSTEMPATH\Database\BaseBuilder.php(2475): CodeIgniter\Database\BaseConnection->query('UPDATE `gli` SET `applicant_id` = :applicant_id.1:, `app_gli_token` = :app_gli_token:, `lastName` = :lastName:, `firstName` = :firstName:, `middleName` = :middleName:, `dateOfBirth` = :dateOfBirth:, `occupation` = :occupation:, `companyName` = :companyName:, `businessNature` = :businessNature:, `sex` = :sex:, `civilStatus` = :civilStatus:, `nationality` = :nationality:, `residenceAddress` = :residenceAddress:, `residenceTelephone` = :residenceTelephone:, `businessAddress` = :businessAddress:, `businessTelephone` = :businessTelephone:, `firstName1` = :firstName1:, `mi1` = :mi1:, `lastName1` = :lastName1:, `month1` = :month1:, `day1` = :day1:, `year1` = :year1:, `relationship1` = :relationship1:, `remarks1` = :remarks1:, `firstName2` = :firstName2:, `mi2` = :mi2:, `lastName2` = :lastName2:, `month2` = :month2:, `day2` = :day2:, `year2` = :year2:, `relationship2` = :relationship2:, `remarks2` = :remarks2:, `firstName3` = :firstName3:, `mi3` = :mi3:, `lastName3` = :lastName3:, `month3` = :month3:, `day3` = :day3:, `year3` = :year3:, `relationship3` = :relationship3:, `remarks3` = :remarks3:, `firstName4` = :firstName4:, `mi4` = :mi4:, `lastName4` = :lastName4:, `month4` = :month4:, `day4` = :day4:, `year4` = :year4:, `relationship4` = :relationship4:, `remarks4` = :remarks4:, `trusteeMinorBeneficiary` = :trusteeMinorBeneficiary:, `place` = :place:, `day` = :day:, `month` = :month:, `year` = :year:, `applicantSignature` = :applicantSignature:, `updated_at` = :updated_at:
WHERE `applicant_id` = :applicant_id:', [...], false)
 2 SYSTEMPATH\Model.php(385): CodeIgniter\Database\BaseBuilder->update()
 3 SYSTEMPATH\BaseModel.php(949): CodeIgniter\Model->doUpdate(null, [...])
 4 SYSTEMPATH\Model.php(776): CodeIgniter\BaseModel->update(null, [...])
 5 APPPATH\Controllers\AppController.php(662): CodeIgniter\Model->update()
 6 SYSTEMPATH\CodeIgniter.php(919): App\Controllers\AppController->form3sv()
 7 SYSTEMPATH\CodeIgniter.php(494): CodeIgniter\CodeIgniter->runController(Object(App\Controllers\AppController))
 8 SYSTEMPATH\CodeIgniter.php(353): CodeIgniter\CodeIgniter->handleRequest(null, Object(Config\Cache), false)
 9 FCPATH\index.php(79): CodeIgniter\CodeIgniter->run()
10 SYSTEMPATH\Commands\Server\rewrite.php(47): require_once('C:\\CapstoneSystem\\public\\index.php')
