CRITICAL - 2024-05-22 01:39:25 --> Array to string conversion
in SYSTEMPATH\Database\Query.php on line 327.
 1 [internal function]: CodeIgniter\Debug\Exceptions->errorHandler(2, 'Array to string conversion', 'C:\\CapstoneSystem\\system\\Database\\Query.php', 327)
 2 SYSTEMPATH\Database\Query.php(327): implode(',', [...])
 3 SYSTEMPATH\Database\Query.php(308): CodeIgniter\Database\Query->matchNamedBinds('SELECT `lastname`, `firstname`, `middlename`
FROM `agent`
WHERE `AgentCode` = :AgentCode:', [...])
 4 SYSTEMPATH\Database\Query.php(159): CodeIgniter\Database\Query->compileBinds()
 5 SYSTEMPATH\Database\BaseConnection.php(606): CodeIgniter\Database\Query->getQuery()
 6 SYSTEMPATH\Database\BaseBuilder.php(1615): CodeIgniter\Database\BaseConnection->query('SELECT `lastname`, `firstname`, `middlename`
FROM `agent`
WHERE `AgentCode` = :AgentCode:', [...], false)
 7 SYSTEMPATH\Model.php(199): CodeIgniter\Database\BaseBuilder->get()
 8 SYSTEMPATH\BaseModel.php(563): CodeIgniter\Model->doFind(false, null)
 9 APPPATH\Controllers\AppController.php(100): CodeIgniter\BaseModel->find()
10 APPPATH\Controllers\AppController.php(236): App\Controllers\AppController->getform1Data()
11 SYSTEMPATH\CodeIgniter.php(919): App\Controllers\AppController->AppForm1()
12 SYSTEMPATH\CodeIgniter.php(494): CodeIgniter\CodeIgniter->runController(Object(App\Controllers\AppController))
13 SYSTEMPATH\CodeIgniter.php(353): CodeIgniter\CodeIgniter->handleRequest(null, Object(Config\Cache), false)
14 FCPATH\index.php(79): CodeIgniter\CodeIgniter->run()
15 SYSTEMPATH\Commands\Server\rewrite.php(47): require_once('C:\\CapstoneSystem\\public\\index.php')
CRITICAL - 2024-05-22 01:59:20 --> Array to string conversion
in SYSTEMPATH\Database\Query.php on line 327.
 1 [internal function]: CodeIgniter\Debug\Exceptions->errorHandler(2, 'Array to string conversion', 'C:\\CapstoneSystem\\system\\Database\\Query.php', 327)
 2 SYSTEMPATH\Database\Query.php(327): implode(',', [...])
 3 SYSTEMPATH\Database\Query.php(308): CodeIgniter\Database\Query->matchNamedBinds('SELECT `lastname`, `firstname`, `middlename`
FROM `agent`
WHERE `AgentCode` = :AgentCode:', [...])
 4 SYSTEMPATH\Database\Query.php(159): CodeIgniter\Database\Query->compileBinds()
 5 SYSTEMPATH\Database\BaseConnection.php(606): CodeIgniter\Database\Query->getQuery()
 6 SYSTEMPATH\Database\BaseBuilder.php(1615): CodeIgniter\Database\BaseConnection->query('SELECT `lastname`, `firstname`, `middlename`
FROM `agent`
WHERE `AgentCode` = :AgentCode:', [...], false)
 7 SYSTEMPATH\Model.php(199): CodeIgniter\Database\BaseBuilder->get()
 8 SYSTEMPATH\BaseModel.php(563): CodeIgniter\Model->doFind(false, null)
 9 APPPATH\Controllers\AppController.php(100): CodeIgniter\BaseModel->find()
10 APPPATH\Controllers\AppController.php(237): App\Controllers\AppController->getform1Data()
11 SYSTEMPATH\CodeIgniter.php(919): App\Controllers\AppController->AppForm1()
12 SYSTEMPATH\CodeIgniter.php(494): CodeIgniter\CodeIgniter->runController(Object(App\Controllers\AppController))
13 SYSTEMPATH\CodeIgniter.php(353): CodeIgniter\CodeIgniter->handleRequest(null, Object(Config\Cache), false)
14 FCPATH\index.php(79): CodeIgniter\CodeIgniter->run()
15 SYSTEMPATH\Commands\Server\rewrite.php(47): require_once('C:\\CapstoneSystem\\public\\index.php')
CRITICAL - 2024-05-22 01:59:29 --> Array to string conversion
in SYSTEMPATH\Database\Query.php on line 327.
 1 [internal function]: CodeIgniter\Debug\Exceptions->errorHandler(2, 'Array to string conversion', 'C:\\CapstoneSystem\\system\\Database\\Query.php', 327)
 2 SYSTEMPATH\Database\Query.php(327): implode(',', [...])
 3 SYSTEMPATH\Database\Query.php(308): CodeIgniter\Database\Query->matchNamedBinds('SELECT `lastname`, `firstname`, `middlename`
FROM `agent`
WHERE `AgentCode` = :AgentCode:', [...])
 4 SYSTEMPATH\Database\Query.php(159): CodeIgniter\Database\Query->compileBinds()
 5 SYSTEMPATH\Database\BaseConnection.php(606): CodeIgniter\Database\Query->getQuery()
 6 SYSTEMPATH\Database\BaseBuilder.php(1615): CodeIgniter\Database\BaseConnection->query('SELECT `lastname`, `firstname`, `middlename`
FROM `agent`
WHERE `AgentCode` = :AgentCode:', [...], false)
 7 SYSTEMPATH\Model.php(199): CodeIgniter\Database\BaseBuilder->get()
 8 SYSTEMPATH\BaseModel.php(563): CodeIgniter\Model->doFind(false, null)
 9 APPPATH\Controllers\AppController.php(100): CodeIgniter\BaseModel->find()
10 APPPATH\Controllers\AppController.php(237): App\Controllers\AppController->getform1Data()
11 SYSTEMPATH\CodeIgniter.php(919): App\Controllers\AppController->AppForm1()
12 SYSTEMPATH\CodeIgniter.php(494): CodeIgniter\CodeIgniter->runController(Object(App\Controllers\AppController))
13 SYSTEMPATH\CodeIgniter.php(353): CodeIgniter\CodeIgniter->handleRequest(null, Object(Config\Cache), false)
14 FCPATH\index.php(79): CodeIgniter\CodeIgniter->run()
15 SYSTEMPATH\Commands\Server\rewrite.php(47): require_once('C:\\CapstoneSystem\\public\\index.php')
CRITICAL - 2024-05-22 02:00:33 --> Array to string conversion
in APPPATH\Views\Applicant\AppForm1.php on line 112.
 1 APPPATH\Views\Applicant\AppForm1.php(112): CodeIgniter\Debug\Exceptions->errorHandler(2, 'Array to string conversion', 'C:\\CapstoneSystem\\app\\Views\\Applicant\\AppForm1.php', 112)
 2 SYSTEMPATH\View\View.php(226): include('C:\\CapstoneSystem\\app\\Views\\Applicant\\AppForm1.php')
 3 SYSTEMPATH\View\View.php(229): CodeIgniter\View\View->CodeIgniter\View\{closure}()
 4 SYSTEMPATH\Common.php(1188): CodeIgniter\View\View->render('Applicant/AppForm1', [], true)
 5 APPPATH\Controllers\AppController.php(244): view('Applicant/AppForm1', [...])
 6 SYSTEMPATH\CodeIgniter.php(919): App\Controllers\AppController->AppForm1()
 7 SYSTEMPATH\CodeIgniter.php(494): CodeIgniter\CodeIgniter->runController(Object(App\Controllers\AppController))
 8 SYSTEMPATH\CodeIgniter.php(353): CodeIgniter\CodeIgniter->handleRequest(null, Object(Config\Cache), false)
 9 FCPATH\index.php(79): CodeIgniter\CodeIgniter->run()
10 SYSTEMPATH\Commands\Server\rewrite.php(47): require_once('C:\\CapstoneSystem\\public\\index.php')
CRITICAL - 2024-05-22 02:01:07 --> htmlspecialchars(): Argument #1 ($string) must be of type string, array given
in APPPATH\Views\Applicant\AppForm1.php on line 112.
 1 APPPATH\Views\Applicant\AppForm1.php(112): htmlspecialchars([...])
 2 SYSTEMPATH\View\View.php(226): include('C:\\CapstoneSystem\\app\\Views\\Applicant\\AppForm1.php')
 3 SYSTEMPATH\View\View.php(229): CodeIgniter\View\View->CodeIgniter\View\{closure}()
 4 SYSTEMPATH\Common.php(1188): CodeIgniter\View\View->render('Applicant/AppForm1', [], true)
 5 APPPATH\Controllers\AppController.php(244): view('Applicant/AppForm1', [...])
 6 SYSTEMPATH\CodeIgniter.php(919): App\Controllers\AppController->AppForm1()
 7 SYSTEMPATH\CodeIgniter.php(494): CodeIgniter\CodeIgniter->runController(Object(App\Controllers\AppController))
 8 SYSTEMPATH\CodeIgniter.php(353): CodeIgniter\CodeIgniter->handleRequest(null, Object(Config\Cache), false)
 9 FCPATH\index.php(79): CodeIgniter\CodeIgniter->run()
10 SYSTEMPATH\Commands\Server\rewrite.php(47): require_once('C:\\CapstoneSystem\\public\\index.php')
CRITICAL - 2024-05-22 02:01:31 --> Array to string conversion
in APPPATH\Views\Applicant\AppForm1.php on line 112.
 1 APPPATH\Views\Applicant\AppForm1.php(112): CodeIgniter\Debug\Exceptions->errorHandler(2, 'Array to string conversion', 'C:\\CapstoneSystem\\app\\Views\\Applicant\\AppForm1.php', 112)
 2 SYSTEMPATH\View\View.php(226): include('C:\\CapstoneSystem\\app\\Views\\Applicant\\AppForm1.php')
 3 SYSTEMPATH\View\View.php(229): CodeIgniter\View\View->CodeIgniter\View\{closure}()
 4 SYSTEMPATH\Common.php(1188): CodeIgniter\View\View->render('Applicant/AppForm1', [], true)
 5 APPPATH\Controllers\AppController.php(244): view('Applicant/AppForm1', [...])
 6 SYSTEMPATH\CodeIgniter.php(919): App\Controllers\AppController->AppForm1()
 7 SYSTEMPATH\CodeIgniter.php(494): CodeIgniter\CodeIgniter->runController(Object(App\Controllers\AppController))
 8 SYSTEMPATH\CodeIgniter.php(353): CodeIgniter\CodeIgniter->handleRequest(null, Object(Config\Cache), false)
 9 FCPATH\index.php(79): CodeIgniter\CodeIgniter->run()
10 SYSTEMPATH\Commands\Server\rewrite.php(47): require_once('C:\\CapstoneSystem\\public\\index.php')
CRITICAL - 2024-05-22 02:04:04 --> Array to string conversion
in APPPATH\Views\Applicant\AppForm1.php on line 112.
 1 APPPATH\Views\Applicant\AppForm1.php(112): CodeIgniter\Debug\Exceptions->errorHandler(2, 'Array to string conversion', 'C:\\CapstoneSystem\\app\\Views\\Applicant\\AppForm1.php', 112)
 2 SYSTEMPATH\View\View.php(226): include('C:\\CapstoneSystem\\app\\Views\\Applicant\\AppForm1.php')
 3 SYSTEMPATH\View\View.php(229): CodeIgniter\View\View->CodeIgniter\View\{closure}()
 4 SYSTEMPATH\Common.php(1188): CodeIgniter\View\View->render('Applicant/AppForm1', [], true)
 5 APPPATH\Controllers\AppController.php(244): view('Applicant/AppForm1', [...])
 6 SYSTEMPATH\CodeIgniter.php(919): App\Controllers\AppController->AppForm1()
 7 SYSTEMPATH\CodeIgniter.php(494): CodeIgniter\CodeIgniter->runController(Object(App\Controllers\AppController))
 8 SYSTEMPATH\CodeIgniter.php(353): CodeIgniter\CodeIgniter->handleRequest(null, Object(Config\Cache), false)
 9 FCPATH\index.php(79): CodeIgniter\CodeIgniter->run()
10 SYSTEMPATH\Commands\Server\rewrite.php(47): require_once('C:\\CapstoneSystem\\public\\index.php')
CRITICAL - 2024-05-22 02:04:59 --> Array to string conversion
in SYSTEMPATH\Database\Query.php on line 327.
 1 [internal function]: CodeIgniter\Debug\Exceptions->errorHandler(2, 'Array to string conversion', 'C:\\CapstoneSystem\\system\\Database\\Query.php', 327)
 2 SYSTEMPATH\Database\Query.php(327): implode(',', [...])
 3 SYSTEMPATH\Database\Query.php(308): CodeIgniter\Database\Query->matchNamedBinds('SELECT `lastname`, `firstname`, `middlename`
FROM `agent`
WHERE `AgentCode` = :AgentCode:', [...])
 4 SYSTEMPATH\Database\Query.php(159): CodeIgniter\Database\Query->compileBinds()
 5 SYSTEMPATH\Database\BaseConnection.php(606): CodeIgniter\Database\Query->getQuery()
 6 SYSTEMPATH\Database\BaseBuilder.php(1615): CodeIgniter\Database\BaseConnection->query('SELECT `lastname`, `firstname`, `middlename`
FROM `agent`
WHERE `AgentCode` = :AgentCode:', [...], false)
 7 SYSTEMPATH\Model.php(199): CodeIgniter\Database\BaseBuilder->get()
 8 SYSTEMPATH\BaseModel.php(563): CodeIgniter\Model->doFind(false, null)
 9 APPPATH\Controllers\AppController.php(100): CodeIgniter\BaseModel->find()
10 APPPATH\Controllers\AppController.php(237): App\Controllers\AppController->getform1Data()
11 SYSTEMPATH\CodeIgniter.php(919): App\Controllers\AppController->AppForm1()
12 SYSTEMPATH\CodeIgniter.php(494): CodeIgniter\CodeIgniter->runController(Object(App\Controllers\AppController))
13 SYSTEMPATH\CodeIgniter.php(353): CodeIgniter\CodeIgniter->handleRequest(null, Object(Config\Cache), false)
14 FCPATH\index.php(79): CodeIgniter\CodeIgniter->run()
15 SYSTEMPATH\Commands\Server\rewrite.php(47): require_once('C:\\CapstoneSystem\\public\\index.php')
CRITICAL - 2024-05-22 02:07:54 --> Array to string conversion
in SYSTEMPATH\Database\Query.php on line 327.
 1 [internal function]: CodeIgniter\Debug\Exceptions->errorHandler(2, 'Array to string conversion', 'C:\\CapstoneSystem\\system\\Database\\Query.php', 327)
 2 SYSTEMPATH\Database\Query.php(327): implode(',', [...])
 3 SYSTEMPATH\Database\Query.php(308): CodeIgniter\Database\Query->matchNamedBinds('SELECT `lastname`, `firstname`, `middlename`
FROM `agent`
WHERE `AgentCode` = :AgentCode:', [...])
 4 SYSTEMPATH\Database\Query.php(159): CodeIgniter\Database\Query->compileBinds()
 5 SYSTEMPATH\Database\BaseConnection.php(606): CodeIgniter\Database\Query->getQuery()
 6 SYSTEMPATH\Database\BaseBuilder.php(1615): CodeIgniter\Database\BaseConnection->query('SELECT `lastname`, `firstname`, `middlename`
FROM `agent`
WHERE `AgentCode` = :AgentCode:', [...], false)
 7 SYSTEMPATH\Model.php(199): CodeIgniter\Database\BaseBuilder->get()
 8 SYSTEMPATH\BaseModel.php(563): CodeIgniter\Model->doFind(false, null)
 9 APPPATH\Controllers\AppController.php(100): CodeIgniter\BaseModel->find()
10 APPPATH\Controllers\AppController.php(238): App\Controllers\AppController->getform1Data()
11 SYSTEMPATH\CodeIgniter.php(919): App\Controllers\AppController->AppForm1()
12 SYSTEMPATH\CodeIgniter.php(494): CodeIgniter\CodeIgniter->runController(Object(App\Controllers\AppController))
13 SYSTEMPATH\CodeIgniter.php(353): CodeIgniter\CodeIgniter->handleRequest(null, Object(Config\Cache), false)
14 FCPATH\index.php(79): CodeIgniter\CodeIgniter->run()
15 SYSTEMPATH\Commands\Server\rewrite.php(47): require_once('C:\\CapstoneSystem\\public\\index.php')
CRITICAL - 2024-05-22 02:09:56 --> Array to string conversion
in SYSTEMPATH\Database\Query.php on line 327.
 1 [internal function]: CodeIgniter\Debug\Exceptions->errorHandler(2, 'Array to string conversion', 'C:\\CapstoneSystem\\system\\Database\\Query.php', 327)
 2 SYSTEMPATH\Database\Query.php(327): implode(',', [...])
 3 SYSTEMPATH\Database\Query.php(308): CodeIgniter\Database\Query->matchNamedBinds('SELECT `lastname`, `firstname`, `middlename`
FROM `agent`
WHERE `AgentCode` = :AgentCode:', [...])
 4 SYSTEMPATH\Database\Query.php(159): CodeIgniter\Database\Query->compileBinds()
 5 SYSTEMPATH\Database\BaseConnection.php(606): CodeIgniter\Database\Query->getQuery()
 6 SYSTEMPATH\Database\BaseBuilder.php(1615): CodeIgniter\Database\BaseConnection->query('SELECT `lastname`, `firstname`, `middlename`
FROM `agent`
WHERE `AgentCode` = :AgentCode:', [...], false)
 7 SYSTEMPATH\Model.php(199): CodeIgniter\Database\BaseBuilder->get()
 8 SYSTEMPATH\BaseModel.php(563): CodeIgniter\Model->doFind(false, null)
 9 APPPATH\Controllers\AppController.php(100): CodeIgniter\BaseModel->find()
10 APPPATH\Controllers\AppController.php(238): App\Controllers\AppController->getform1Data()
11 SYSTEMPATH\CodeIgniter.php(919): App\Controllers\AppController->AppForm1()
12 SYSTEMPATH\CodeIgniter.php(494): CodeIgniter\CodeIgniter->runController(Object(App\Controllers\AppController))
13 SYSTEMPATH\CodeIgniter.php(353): CodeIgniter\CodeIgniter->handleRequest(null, Object(Config\Cache), false)
14 FCPATH\index.php(79): CodeIgniter\CodeIgniter->run()
15 SYSTEMPATH\Commands\Server\rewrite.php(47): require_once('C:\\CapstoneSystem\\public\\index.php')
CRITICAL - 2024-05-22 02:10:11 --> Array to string conversion
in SYSTEMPATH\Database\Query.php on line 327.
 1 [internal function]: CodeIgniter\Debug\Exceptions->errorHandler(2, 'Array to string conversion', 'C:\\CapstoneSystem\\system\\Database\\Query.php', 327)
 2 SYSTEMPATH\Database\Query.php(327): implode(',', [...])
 3 SYSTEMPATH\Database\Query.php(308): CodeIgniter\Database\Query->matchNamedBinds('SELECT `lastname`, `firstname`, `middlename`
FROM `agent`
WHERE `AgentCode` = :AgentCode:', [...])
 4 SYSTEMPATH\Database\Query.php(159): CodeIgniter\Database\Query->compileBinds()
 5 SYSTEMPATH\Database\BaseConnection.php(606): CodeIgniter\Database\Query->getQuery()
 6 SYSTEMPATH\Database\BaseBuilder.php(1615): CodeIgniter\Database\BaseConnection->query('SELECT `lastname`, `firstname`, `middlename`
FROM `agent`
WHERE `AgentCode` = :AgentCode:', [...], false)
 7 SYSTEMPATH\Model.php(199): CodeIgniter\Database\BaseBuilder->get()
 8 SYSTEMPATH\BaseModel.php(563): CodeIgniter\Model->doFind(false, null)
 9 APPPATH\Controllers\AppController.php(100): CodeIgniter\BaseModel->find()
10 APPPATH\Controllers\AppController.php(238): App\Controllers\AppController->getform1Data()
11 SYSTEMPATH\CodeIgniter.php(919): App\Controllers\AppController->AppForm1()
12 SYSTEMPATH\CodeIgniter.php(494): CodeIgniter\CodeIgniter->runController(Object(App\Controllers\AppController))
13 SYSTEMPATH\CodeIgniter.php(353): CodeIgniter\CodeIgniter->handleRequest(null, Object(Config\Cache), false)
14 FCPATH\index.php(79): CodeIgniter\CodeIgniter->run()
15 SYSTEMPATH\Commands\Server\rewrite.php(47): require_once('C:\\CapstoneSystem\\public\\index.php')
CRITICAL - 2024-05-22 02:10:21 --> Array to string conversion
in SYSTEMPATH\Database\Query.php on line 327.
 1 [internal function]: CodeIgniter\Debug\Exceptions->errorHandler(2, 'Array to string conversion', 'C:\\CapstoneSystem\\system\\Database\\Query.php', 327)
 2 SYSTEMPATH\Database\Query.php(327): implode(',', [...])
 3 SYSTEMPATH\Database\Query.php(308): CodeIgniter\Database\Query->matchNamedBinds('SELECT `lastname`, `firstname`, `middlename`
FROM `agent`
WHERE `AgentCode` = :AgentCode:', [...])
 4 SYSTEMPATH\Database\Query.php(159): CodeIgniter\Database\Query->compileBinds()
 5 SYSTEMPATH\Database\BaseConnection.php(606): CodeIgniter\Database\Query->getQuery()
 6 SYSTEMPATH\Database\BaseBuilder.php(1615): CodeIgniter\Database\BaseConnection->query('SELECT `lastname`, `firstname`, `middlename`
FROM `agent`
WHERE `AgentCode` = :AgentCode:', [...], false)
 7 SYSTEMPATH\Model.php(199): CodeIgniter\Database\BaseBuilder->get()
 8 SYSTEMPATH\BaseModel.php(563): CodeIgniter\Model->doFind(false, null)
 9 APPPATH\Controllers\AppController.php(100): CodeIgniter\BaseModel->find()
10 APPPATH\Controllers\AppController.php(238): App\Controllers\AppController->getform1Data()
11 SYSTEMPATH\CodeIgniter.php(919): App\Controllers\AppController->AppForm1()
12 SYSTEMPATH\CodeIgniter.php(494): CodeIgniter\CodeIgniter->runController(Object(App\Controllers\AppController))
13 SYSTEMPATH\CodeIgniter.php(353): CodeIgniter\CodeIgniter->handleRequest(null, Object(Config\Cache), false)
14 FCPATH\index.php(79): CodeIgniter\CodeIgniter->run()
15 SYSTEMPATH\Commands\Server\rewrite.php(47): require_once('C:\\CapstoneSystem\\public\\index.php')
CRITICAL - 2024-05-22 02:10:50 --> Array to string conversion
in SYSTEMPATH\Database\Query.php on line 327.
 1 [internal function]: CodeIgniter\Debug\Exceptions->errorHandler(2, 'Array to string conversion', 'C:\\CapstoneSystem\\system\\Database\\Query.php', 327)
 2 SYSTEMPATH\Database\Query.php(327): implode(',', [...])
 3 SYSTEMPATH\Database\Query.php(308): CodeIgniter\Database\Query->matchNamedBinds('SELECT `lastname`, `firstname`, `middlename`
FROM `agent`
WHERE `AgentCode` = :AgentCode:', [...])
 4 SYSTEMPATH\Database\Query.php(159): CodeIgniter\Database\Query->compileBinds()
 5 SYSTEMPATH\Database\BaseConnection.php(606): CodeIgniter\Database\Query->getQuery()
 6 SYSTEMPATH\Database\BaseBuilder.php(1615): CodeIgniter\Database\BaseConnection->query('SELECT `lastname`, `firstname`, `middlename`
FROM `agent`
WHERE `AgentCode` = :AgentCode:', [...], false)
 7 SYSTEMPATH\Model.php(199): CodeIgniter\Database\BaseBuilder->get()
 8 SYSTEMPATH\BaseModel.php(563): CodeIgniter\Model->doFind(false, null)
 9 APPPATH\Controllers\AppController.php(100): CodeIgniter\BaseModel->find()
10 APPPATH\Controllers\AppController.php(235): App\Controllers\AppController->getform1Data()
11 SYSTEMPATH\CodeIgniter.php(919): App\Controllers\AppController->AppForm1()
12 SYSTEMPATH\CodeIgniter.php(494): CodeIgniter\CodeIgniter->runController(Object(App\Controllers\AppController))
13 SYSTEMPATH\CodeIgniter.php(353): CodeIgniter\CodeIgniter->handleRequest(null, Object(Config\Cache), false)
14 FCPATH\index.php(79): CodeIgniter\CodeIgniter->run()
15 SYSTEMPATH\Commands\Server\rewrite.php(47): require_once('C:\\CapstoneSystem\\public\\index.php')
CRITICAL - 2024-05-22 02:10:55 --> Array to string conversion
in SYSTEMPATH\Database\Query.php on line 327.
 1 [internal function]: CodeIgniter\Debug\Exceptions->errorHandler(2, 'Array to string conversion', 'C:\\CapstoneSystem\\system\\Database\\Query.php', 327)
 2 SYSTEMPATH\Database\Query.php(327): implode(',', [...])
 3 SYSTEMPATH\Database\Query.php(308): CodeIgniter\Database\Query->matchNamedBinds('SELECT `lastname`, `firstname`, `middlename`
FROM `agent`
WHERE `AgentCode` = :AgentCode:', [...])
 4 SYSTEMPATH\Database\Query.php(159): CodeIgniter\Database\Query->compileBinds()
 5 SYSTEMPATH\Database\BaseConnection.php(606): CodeIgniter\Database\Query->getQuery()
 6 SYSTEMPATH\Database\BaseBuilder.php(1615): CodeIgniter\Database\BaseConnection->query('SELECT `lastname`, `firstname`, `middlename`
FROM `agent`
WHERE `AgentCode` = :AgentCode:', [...], false)
 7 SYSTEMPATH\Model.php(199): CodeIgniter\Database\BaseBuilder->get()
 8 SYSTEMPATH\BaseModel.php(563): CodeIgniter\Model->doFind(false, null)
 9 APPPATH\Controllers\AppController.php(100): CodeIgniter\BaseModel->find()
10 APPPATH\Controllers\AppController.php(235): App\Controllers\AppController->getform1Data()
11 SYSTEMPATH\CodeIgniter.php(919): App\Controllers\AppController->AppForm1()
12 SYSTEMPATH\CodeIgniter.php(494): CodeIgniter\CodeIgniter->runController(Object(App\Controllers\AppController))
13 SYSTEMPATH\CodeIgniter.php(353): CodeIgniter\CodeIgniter->handleRequest(null, Object(Config\Cache), false)
14 FCPATH\index.php(79): CodeIgniter\CodeIgniter->run()
15 SYSTEMPATH\Commands\Server\rewrite.php(47): require_once('C:\\CapstoneSystem\\public\\index.php')
CRITICAL - 2024-05-22 02:10:55 --> Array to string conversion
in SYSTEMPATH\Database\Query.php on line 327.
 1 [internal function]: CodeIgniter\Debug\Exceptions->errorHandler(2, 'Array to string conversion', 'C:\\CapstoneSystem\\system\\Database\\Query.php', 327)
 2 SYSTEMPATH\Database\Query.php(327): implode(',', [...])
 3 SYSTEMPATH\Database\Query.php(308): CodeIgniter\Database\Query->matchNamedBinds('SELECT `lastname`, `firstname`, `middlename`
FROM `agent`
WHERE `AgentCode` = :AgentCode:', [...])
 4 SYSTEMPATH\Database\Query.php(159): CodeIgniter\Database\Query->compileBinds()
 5 SYSTEMPATH\Database\BaseConnection.php(606): CodeIgniter\Database\Query->getQuery()
 6 SYSTEMPATH\Database\BaseBuilder.php(1615): CodeIgniter\Database\BaseConnection->query('SELECT `lastname`, `firstname`, `middlename`
FROM `agent`
WHERE `AgentCode` = :AgentCode:', [...], false)
 7 SYSTEMPATH\Model.php(199): CodeIgniter\Database\BaseBuilder->get()
 8 SYSTEMPATH\BaseModel.php(563): CodeIgniter\Model->doFind(false, null)
 9 APPPATH\Controllers\AppController.php(100): CodeIgniter\BaseModel->find()
10 APPPATH\Controllers\AppController.php(235): App\Controllers\AppController->getform1Data()
11 SYSTEMPATH\CodeIgniter.php(919): App\Controllers\AppController->AppForm1()
12 SYSTEMPATH\CodeIgniter.php(494): CodeIgniter\CodeIgniter->runController(Object(App\Controllers\AppController))
13 SYSTEMPATH\CodeIgniter.php(353): CodeIgniter\CodeIgniter->handleRequest(null, Object(Config\Cache), false)
14 FCPATH\index.php(79): CodeIgniter\CodeIgniter->run()
15 SYSTEMPATH\Commands\Server\rewrite.php(47): require_once('C:\\CapstoneSystem\\public\\index.php')
CRITICAL - 2024-05-22 02:10:55 --> Array to string conversion
in SYSTEMPATH\Database\Query.php on line 327.
 1 [internal function]: CodeIgniter\Debug\Exceptions->errorHandler(2, 'Array to string conversion', 'C:\\CapstoneSystem\\system\\Database\\Query.php', 327)
 2 SYSTEMPATH\Database\Query.php(327): implode(',', [...])
 3 SYSTEMPATH\Database\Query.php(308): CodeIgniter\Database\Query->matchNamedBinds('SELECT `lastname`, `firstname`, `middlename`
FROM `agent`
WHERE `AgentCode` = :AgentCode:', [...])
 4 SYSTEMPATH\Database\Query.php(159): CodeIgniter\Database\Query->compileBinds()
 5 SYSTEMPATH\Database\BaseConnection.php(606): CodeIgniter\Database\Query->getQuery()
 6 SYSTEMPATH\Database\BaseBuilder.php(1615): CodeIgniter\Database\BaseConnection->query('SELECT `lastname`, `firstname`, `middlename`
FROM `agent`
WHERE `AgentCode` = :AgentCode:', [...], false)
 7 SYSTEMPATH\Model.php(199): CodeIgniter\Database\BaseBuilder->get()
 8 SYSTEMPATH\BaseModel.php(563): CodeIgniter\Model->doFind(false, null)
 9 APPPATH\Controllers\AppController.php(100): CodeIgniter\BaseModel->find()
10 APPPATH\Controllers\AppController.php(235): App\Controllers\AppController->getform1Data()
11 SYSTEMPATH\CodeIgniter.php(919): App\Controllers\AppController->AppForm1()
12 SYSTEMPATH\CodeIgniter.php(494): CodeIgniter\CodeIgniter->runController(Object(App\Controllers\AppController))
13 SYSTEMPATH\CodeIgniter.php(353): CodeIgniter\CodeIgniter->handleRequest(null, Object(Config\Cache), false)
14 FCPATH\index.php(79): CodeIgniter\CodeIgniter->run()
15 SYSTEMPATH\Commands\Server\rewrite.php(47): require_once('C:\\CapstoneSystem\\public\\index.php')
CRITICAL - 2024-05-22 02:10:56 --> Array to string conversion
in SYSTEMPATH\Database\Query.php on line 327.
 1 [internal function]: CodeIgniter\Debug\Exceptions->errorHandler(2, 'Array to string conversion', 'C:\\CapstoneSystem\\system\\Database\\Query.php', 327)
 2 SYSTEMPATH\Database\Query.php(327): implode(',', [...])
 3 SYSTEMPATH\Database\Query.php(308): CodeIgniter\Database\Query->matchNamedBinds('SELECT `lastname`, `firstname`, `middlename`
FROM `agent`
WHERE `AgentCode` = :AgentCode:', [...])
 4 SYSTEMPATH\Database\Query.php(159): CodeIgniter\Database\Query->compileBinds()
 5 SYSTEMPATH\Database\BaseConnection.php(606): CodeIgniter\Database\Query->getQuery()
 6 SYSTEMPATH\Database\BaseBuilder.php(1615): CodeIgniter\Database\BaseConnection->query('SELECT `lastname`, `firstname`, `middlename`
FROM `agent`
WHERE `AgentCode` = :AgentCode:', [...], false)
 7 SYSTEMPATH\Model.php(199): CodeIgniter\Database\BaseBuilder->get()
 8 SYSTEMPATH\BaseModel.php(563): CodeIgniter\Model->doFind(false, null)
 9 APPPATH\Controllers\AppController.php(100): CodeIgniter\BaseModel->find()
10 APPPATH\Controllers\AppController.php(235): App\Controllers\AppController->getform1Data()
11 SYSTEMPATH\CodeIgniter.php(919): App\Controllers\AppController->AppForm1()
12 SYSTEMPATH\CodeIgniter.php(494): CodeIgniter\CodeIgniter->runController(Object(App\Controllers\AppController))
13 SYSTEMPATH\CodeIgniter.php(353): CodeIgniter\CodeIgniter->handleRequest(null, Object(Config\Cache), false)
14 FCPATH\index.php(79): CodeIgniter\CodeIgniter->run()
15 SYSTEMPATH\Commands\Server\rewrite.php(47): require_once('C:\\CapstoneSystem\\public\\index.php')
CRITICAL - 2024-05-22 02:11:00 --> Array to string conversion
in SYSTEMPATH\Database\Query.php on line 327.
 1 [internal function]: CodeIgniter\Debug\Exceptions->errorHandler(2, 'Array to string conversion', 'C:\\CapstoneSystem\\system\\Database\\Query.php', 327)
 2 SYSTEMPATH\Database\Query.php(327): implode(',', [...])
 3 SYSTEMPATH\Database\Query.php(308): CodeIgniter\Database\Query->matchNamedBinds('SELECT `lastname`, `firstname`, `middlename`
FROM `agent`
WHERE `AgentCode` = :AgentCode:', [...])
 4 SYSTEMPATH\Database\Query.php(159): CodeIgniter\Database\Query->compileBinds()
 5 SYSTEMPATH\Database\BaseConnection.php(606): CodeIgniter\Database\Query->getQuery()
 6 SYSTEMPATH\Database\BaseBuilder.php(1615): CodeIgniter\Database\BaseConnection->query('SELECT `lastname`, `firstname`, `middlename`
FROM `agent`
WHERE `AgentCode` = :AgentCode:', [...], false)
 7 SYSTEMPATH\Model.php(199): CodeIgniter\Database\BaseBuilder->get()
 8 SYSTEMPATH\BaseModel.php(563): CodeIgniter\Model->doFind(false, null)
 9 APPPATH\Controllers\AppController.php(100): CodeIgniter\BaseModel->find()
10 APPPATH\Controllers\AppController.php(235): App\Controllers\AppController->getform1Data()
11 SYSTEMPATH\CodeIgniter.php(919): App\Controllers\AppController->AppForm1()
12 SYSTEMPATH\CodeIgniter.php(494): CodeIgniter\CodeIgniter->runController(Object(App\Controllers\AppController))
13 SYSTEMPATH\CodeIgniter.php(353): CodeIgniter\CodeIgniter->handleRequest(null, Object(Config\Cache), false)
14 FCPATH\index.php(79): CodeIgniter\CodeIgniter->run()
15 SYSTEMPATH\Commands\Server\rewrite.php(47): require_once('C:\\CapstoneSystem\\public\\index.php')
CRITICAL - 2024-05-22 02:11:03 --> Array to string conversion
in SYSTEMPATH\Database\Query.php on line 327.
 1 [internal function]: CodeIgniter\Debug\Exceptions->errorHandler(2, 'Array to string conversion', 'C:\\CapstoneSystem\\system\\Database\\Query.php', 327)
 2 SYSTEMPATH\Database\Query.php(327): implode(',', [...])
 3 SYSTEMPATH\Database\Query.php(308): CodeIgniter\Database\Query->matchNamedBinds('SELECT `lastname`, `firstname`, `middlename`
FROM `agent`
WHERE `AgentCode` = :AgentCode:', [...])
 4 SYSTEMPATH\Database\Query.php(159): CodeIgniter\Database\Query->compileBinds()
 5 SYSTEMPATH\Database\BaseConnection.php(606): CodeIgniter\Database\Query->getQuery()
 6 SYSTEMPATH\Database\BaseBuilder.php(1615): CodeIgniter\Database\BaseConnection->query('SELECT `lastname`, `firstname`, `middlename`
FROM `agent`
WHERE `AgentCode` = :AgentCode:', [...], false)
 7 SYSTEMPATH\Model.php(199): CodeIgniter\Database\BaseBuilder->get()
 8 SYSTEMPATH\BaseModel.php(563): CodeIgniter\Model->doFind(false, null)
 9 APPPATH\Controllers\AppController.php(100): CodeIgniter\BaseModel->find()
10 APPPATH\Controllers\AppController.php(235): App\Controllers\AppController->getform1Data()
11 SYSTEMPATH\CodeIgniter.php(919): App\Controllers\AppController->AppForm1()
12 SYSTEMPATH\CodeIgniter.php(494): CodeIgniter\CodeIgniter->runController(Object(App\Controllers\AppController))
13 SYSTEMPATH\CodeIgniter.php(353): CodeIgniter\CodeIgniter->handleRequest(null, Object(Config\Cache), false)
14 FCPATH\index.php(79): CodeIgniter\CodeIgniter->run()
15 SYSTEMPATH\Commands\Server\rewrite.php(47): require_once('C:\\CapstoneSystem\\public\\index.php')
CRITICAL - 2024-05-22 02:12:36 --> Array to string conversion
in SYSTEMPATH\Database\Query.php on line 327.
 1 [internal function]: CodeIgniter\Debug\Exceptions->errorHandler(2, 'Array to string conversion', 'C:\\CapstoneSystem\\system\\Database\\Query.php', 327)
 2 SYSTEMPATH\Database\Query.php(327): implode(',', [...])
 3 SYSTEMPATH\Database\Query.php(308): CodeIgniter\Database\Query->matchNamedBinds('SELECT `lastname`, `firstname`, `middlename`
FROM `agent`
WHERE `AgentCode` = :AgentCode:', [...])
 4 SYSTEMPATH\Database\Query.php(159): CodeIgniter\Database\Query->compileBinds()
 5 SYSTEMPATH\Database\BaseConnection.php(606): CodeIgniter\Database\Query->getQuery()
 6 SYSTEMPATH\Database\BaseBuilder.php(1615): CodeIgniter\Database\BaseConnection->query('SELECT `lastname`, `firstname`, `middlename`
FROM `agent`
WHERE `AgentCode` = :AgentCode:', [...], false)
 7 SYSTEMPATH\Model.php(199): CodeIgniter\Database\BaseBuilder->get()
 8 SYSTEMPATH\BaseModel.php(563): CodeIgniter\Model->doFind(false, null)
 9 APPPATH\Controllers\AppController.php(100): CodeIgniter\BaseModel->find()
10 APPPATH\Controllers\AppController.php(236): App\Controllers\AppController->getform1Data()
11 SYSTEMPATH\CodeIgniter.php(919): App\Controllers\AppController->AppForm1()
12 SYSTEMPATH\CodeIgniter.php(494): CodeIgniter\CodeIgniter->runController(Object(App\Controllers\AppController))
13 SYSTEMPATH\CodeIgniter.php(353): CodeIgniter\CodeIgniter->handleRequest(null, Object(Config\Cache), false)
14 FCPATH\index.php(79): CodeIgniter\CodeIgniter->run()
15 SYSTEMPATH\Commands\Server\rewrite.php(47): require_once('C:\\CapstoneSystem\\public\\index.php')
CRITICAL - 2024-05-22 02:12:40 --> Array to string conversion
in SYSTEMPATH\Database\Query.php on line 327.
 1 [internal function]: CodeIgniter\Debug\Exceptions->errorHandler(2, 'Array to string conversion', 'C:\\CapstoneSystem\\system\\Database\\Query.php', 327)
 2 SYSTEMPATH\Database\Query.php(327): implode(',', [...])
 3 SYSTEMPATH\Database\Query.php(308): CodeIgniter\Database\Query->matchNamedBinds('SELECT `lastname`, `firstname`, `middlename`
FROM `agent`
WHERE `AgentCode` = :AgentCode:', [...])
 4 SYSTEMPATH\Database\Query.php(159): CodeIgniter\Database\Query->compileBinds()
 5 SYSTEMPATH\Database\BaseConnection.php(606): CodeIgniter\Database\Query->getQuery()
 6 SYSTEMPATH\Database\BaseBuilder.php(1615): CodeIgniter\Database\BaseConnection->query('SELECT `lastname`, `firstname`, `middlename`
FROM `agent`
WHERE `AgentCode` = :AgentCode:', [...], false)
 7 SYSTEMPATH\Model.php(199): CodeIgniter\Database\BaseBuilder->get()
 8 SYSTEMPATH\BaseModel.php(563): CodeIgniter\Model->doFind(false, null)
 9 APPPATH\Controllers\AppController.php(100): CodeIgniter\BaseModel->find()
10 APPPATH\Controllers\AppController.php(236): App\Controllers\AppController->getform1Data()
11 SYSTEMPATH\CodeIgniter.php(919): App\Controllers\AppController->AppForm1()
12 SYSTEMPATH\CodeIgniter.php(494): CodeIgniter\CodeIgniter->runController(Object(App\Controllers\AppController))
13 SYSTEMPATH\CodeIgniter.php(353): CodeIgniter\CodeIgniter->handleRequest(null, Object(Config\Cache), false)
14 FCPATH\index.php(79): CodeIgniter\CodeIgniter->run()
15 SYSTEMPATH\Commands\Server\rewrite.php(47): require_once('C:\\CapstoneSystem\\public\\index.php')
CRITICAL - 2024-05-22 02:12:50 --> Array to string conversion
in SYSTEMPATH\Database\Query.php on line 327.
 1 [internal function]: CodeIgniter\Debug\Exceptions->errorHandler(2, 'Array to string conversion', 'C:\\CapstoneSystem\\system\\Database\\Query.php', 327)
 2 SYSTEMPATH\Database\Query.php(327): implode(',', [...])
 3 SYSTEMPATH\Database\Query.php(308): CodeIgniter\Database\Query->matchNamedBinds('SELECT `lastname`, `firstname`, `middlename`
FROM `agent`
WHERE `AgentCode` = :AgentCode:', [...])
 4 SYSTEMPATH\Database\Query.php(159): CodeIgniter\Database\Query->compileBinds()
 5 SYSTEMPATH\Database\BaseConnection.php(606): CodeIgniter\Database\Query->getQuery()
 6 SYSTEMPATH\Database\BaseBuilder.php(1615): CodeIgniter\Database\BaseConnection->query('SELECT `lastname`, `firstname`, `middlename`
FROM `agent`
WHERE `AgentCode` = :AgentCode:', [...], false)
 7 SYSTEMPATH\Model.php(199): CodeIgniter\Database\BaseBuilder->get()
 8 SYSTEMPATH\BaseModel.php(563): CodeIgniter\Model->doFind(false, null)
 9 APPPATH\Controllers\AppController.php(100): CodeIgniter\BaseModel->find()
10 APPPATH\Controllers\AppController.php(238): App\Controllers\AppController->getform1Data()
11 SYSTEMPATH\CodeIgniter.php(919): App\Controllers\AppController->AppForm1()
12 SYSTEMPATH\CodeIgniter.php(494): CodeIgniter\CodeIgniter->runController(Object(App\Controllers\AppController))
13 SYSTEMPATH\CodeIgniter.php(353): CodeIgniter\CodeIgniter->handleRequest(null, Object(Config\Cache), false)
14 FCPATH\index.php(79): CodeIgniter\CodeIgniter->run()
15 SYSTEMPATH\Commands\Server\rewrite.php(47): require_once('C:\\CapstoneSystem\\public\\index.php')
CRITICAL - 2024-05-22 02:13:25 --> Array to string conversion
in SYSTEMPATH\Database\Query.php on line 327.
 1 [internal function]: CodeIgniter\Debug\Exceptions->errorHandler(2, 'Array to string conversion', 'C:\\CapstoneSystem\\system\\Database\\Query.php', 327)
 2 SYSTEMPATH\Database\Query.php(327): implode(',', [...])
 3 SYSTEMPATH\Database\Query.php(308): CodeIgniter\Database\Query->matchNamedBinds('SELECT `lastname`, `firstname`, `middlename`
FROM `agent`
WHERE `AgentCode` = :AgentCode:', [...])
 4 SYSTEMPATH\Database\Query.php(159): CodeIgniter\Database\Query->compileBinds()
 5 SYSTEMPATH\Database\BaseConnection.php(606): CodeIgniter\Database\Query->getQuery()
 6 SYSTEMPATH\Database\BaseBuilder.php(1615): CodeIgniter\Database\BaseConnection->query('SELECT `lastname`, `firstname`, `middlename`
FROM `agent`
WHERE `AgentCode` = :AgentCode:', [...], false)
 7 SYSTEMPATH\Model.php(199): CodeIgniter\Database\BaseBuilder->get()
 8 SYSTEMPATH\BaseModel.php(563): CodeIgniter\Model->doFind(false, null)
 9 APPPATH\Controllers\AppController.php(100): CodeIgniter\BaseModel->find()
10 APPPATH\Controllers\AppController.php(237): App\Controllers\AppController->getform1Data()
11 SYSTEMPATH\CodeIgniter.php(919): App\Controllers\AppController->AppForm1()
12 SYSTEMPATH\CodeIgniter.php(494): CodeIgniter\CodeIgniter->runController(Object(App\Controllers\AppController))
13 SYSTEMPATH\CodeIgniter.php(353): CodeIgniter\CodeIgniter->handleRequest(null, Object(Config\Cache), false)
14 FCPATH\index.php(79): CodeIgniter\CodeIgniter->run()
15 SYSTEMPATH\Commands\Server\rewrite.php(47): require_once('C:\\CapstoneSystem\\public\\index.php')
CRITICAL - 2024-05-22 02:14:25 --> Array to string conversion
in SYSTEMPATH\Database\Query.php on line 327.
 1 [internal function]: CodeIgniter\Debug\Exceptions->errorHandler(2, 'Array to string conversion', 'C:\\CapstoneSystem\\system\\Database\\Query.php', 327)
 2 SYSTEMPATH\Database\Query.php(327): implode(',', [...])
 3 SYSTEMPATH\Database\Query.php(308): CodeIgniter\Database\Query->matchNamedBinds('SELECT `lastname`, `firstname`, `middlename`
FROM `agent`
WHERE `AgentCode` = :AgentCode:', [...])
 4 SYSTEMPATH\Database\Query.php(159): CodeIgniter\Database\Query->compileBinds()
 5 SYSTEMPATH\Database\BaseConnection.php(606): CodeIgniter\Database\Query->getQuery()
 6 SYSTEMPATH\Database\BaseBuilder.php(1615): CodeIgniter\Database\BaseConnection->query('SELECT `lastname`, `firstname`, `middlename`
FROM `agent`
WHERE `AgentCode` = :AgentCode:', [...], false)
 7 SYSTEMPATH\Model.php(199): CodeIgniter\Database\BaseBuilder->get()
 8 SYSTEMPATH\BaseModel.php(563): CodeIgniter\Model->doFind(false, null)
 9 APPPATH\Controllers\AppController.php(100): CodeIgniter\BaseModel->find()
10 APPPATH\Controllers\AppController.php(237): App\Controllers\AppController->getform1Data()
11 SYSTEMPATH\CodeIgniter.php(919): App\Controllers\AppController->AppForm1()
12 SYSTEMPATH\CodeIgniter.php(494): CodeIgniter\CodeIgniter->runController(Object(App\Controllers\AppController))
13 SYSTEMPATH\CodeIgniter.php(353): CodeIgniter\CodeIgniter->handleRequest(null, Object(Config\Cache), false)
14 FCPATH\index.php(79): CodeIgniter\CodeIgniter->run()
15 SYSTEMPATH\Commands\Server\rewrite.php(47): require_once('C:\\CapstoneSystem\\public\\index.php')
CRITICAL - 2024-05-22 02:15:56 --> Call to undefined method App\Models\ApplicantModel::value
in SYSTEMPATH\Model.php on line 873.
 1 APPPATH\Controllers\AppController.php(98): CodeIgniter\Model->__call('value', [...])
 2 APPPATH\Controllers\AppController.php(240): App\Controllers\AppController->getform1Data()
 3 SYSTEMPATH\CodeIgniter.php(919): App\Controllers\AppController->AppForm1()
 4 SYSTEMPATH\CodeIgniter.php(494): CodeIgniter\CodeIgniter->runController(Object(App\Controllers\AppController))
 5 SYSTEMPATH\CodeIgniter.php(353): CodeIgniter\CodeIgniter->handleRequest(null, Object(Config\Cache), false)
 6 FCPATH\index.php(79): CodeIgniter\CodeIgniter->run()
 7 SYSTEMPATH\Commands\Server\rewrite.php(47): require_once('C:\\CapstoneSystem\\public\\index.php')
ERROR - 2024-05-22 02:19:51 --> mysqli_sql_exception: Unknown column 'refocede' in 'field list' in C:\CapstoneSystem\system\Database\MySQLi\Connection.php:306
Stack trace:
#0 C:\CapstoneSystem\system\Database\MySQLi\Connection.php(306): mysqli->query('SELECT `refoced...', 0)
#1 C:\CapstoneSystem\system\Database\BaseConnection.php(692): CodeIgniter\Database\MySQLi\Connection->execute('SELECT `refoced...')
#2 C:\CapstoneSystem\system\Database\BaseConnection.php(606): CodeIgniter\Database\BaseConnection->simpleQuery('SELECT `refoced...')
#3 C:\CapstoneSystem\system\Database\BaseBuilder.php(1615): CodeIgniter\Database\BaseConnection->query('SELECT `refoced...', Array, false)
#4 C:\CapstoneSystem\system\Model.php(199): CodeIgniter\Database\BaseBuilder->get()
#5 C:\CapstoneSystem\system\BaseModel.php(563): CodeIgniter\Model->doFind(false, NULL)
#6 C:\CapstoneSystem\app\Controllers\AppController.php(96): CodeIgniter\BaseModel->find()
#7 C:\CapstoneSystem\app\Controllers\AppController.php(234): App\Controllers\AppController->getform1Data()
#8 C:\CapstoneSystem\system\CodeIgniter.php(919): App\Controllers\AppController->AppForm1()
#9 C:\CapstoneSystem\system\CodeIgniter.php(494): CodeIgniter\CodeIgniter->runController(Object(App\Controllers\AppController))
#10 C:\CapstoneSystem\system\CodeIgniter.php(353): CodeIgniter\CodeIgniter->handleRequest(NULL, Object(Config\Cache), false)
#11 C:\CapstoneSystem\public\index.php(79): CodeIgniter\CodeIgniter->run()
#12 C:\CapstoneSystem\system\Commands\Server\rewrite.php(47): require_once('C:\\CapstoneSyst...')
#13 {main}
CRITICAL - 2024-05-22 02:19:51 --> Unknown column 'refocede' in 'field list'
in SYSTEMPATH\Database\BaseConnection.php on line 646.
 1 SYSTEMPATH\Database\BaseBuilder.php(1615): CodeIgniter\Database\BaseConnection->query('SELECT `refocede`
FROM `applicant`
WHERE `applicant_id` = :applicant_id:', [...], false)
 2 SYSTEMPATH\Model.php(199): CodeIgniter\Database\BaseBuilder->get()
 3 SYSTEMPATH\BaseModel.php(563): CodeIgniter\Model->doFind(false, null)
 4 APPPATH\Controllers\AppController.php(96): CodeIgniter\BaseModel->find()
 5 APPPATH\Controllers\AppController.php(234): App\Controllers\AppController->getform1Data()
 6 SYSTEMPATH\CodeIgniter.php(919): App\Controllers\AppController->AppForm1()
 7 SYSTEMPATH\CodeIgniter.php(494): CodeIgniter\CodeIgniter->runController(Object(App\Controllers\AppController))
 8 SYSTEMPATH\CodeIgniter.php(353): CodeIgniter\CodeIgniter->handleRequest(null, Object(Config\Cache), false)
 9 FCPATH\index.php(79): CodeIgniter\CodeIgniter->run()
10 SYSTEMPATH\Commands\Server\rewrite.php(47): require_once('C:\\CapstoneSystem\\public\\index.php')
CRITICAL - 2024-05-22 02:22:50 --> Array to string conversion
in APPPATH\Controllers\AppController.php on line 97.
 1 APPPATH\Controllers\AppController.php(97): CodeIgniter\Debug\Exceptions->errorHandler(2, 'Array to string conversion', 'C:\\CapstoneSystem\\app\\Controllers\\AppController.php', 97)
 2 APPPATH\Controllers\AppController.php(235): App\Controllers\AppController->getform1Data()
 3 SYSTEMPATH\CodeIgniter.php(919): App\Controllers\AppController->AppForm1()
 4 SYSTEMPATH\CodeIgniter.php(494): CodeIgniter\CodeIgniter->runController(Object(App\Controllers\AppController))
 5 SYSTEMPATH\CodeIgniter.php(353): CodeIgniter\CodeIgniter->handleRequest(null, Object(Config\Cache), false)
 6 FCPATH\index.php(79): CodeIgniter\CodeIgniter->run()
 7 SYSTEMPATH\Commands\Server\rewrite.php(47): require_once('C:\\CapstoneSystem\\public\\index.php')
CRITICAL - 2024-05-22 02:24:12 --> Undefined array key "refcode"
in APPPATH\Controllers\AppController.php on line 97.
 1 APPPATH\Controllers\AppController.php(97): CodeIgniter\Debug\Exceptions->errorHandler(2, 'Undefined array key "refcode"', 'C:\\CapstoneSystem\\app\\Controllers\\AppController.php', 97)
 2 APPPATH\Controllers\AppController.php(235): App\Controllers\AppController->getform1Data()
 3 SYSTEMPATH\CodeIgniter.php(919): App\Controllers\AppController->AppForm1()
 4 SYSTEMPATH\CodeIgniter.php(494): CodeIgniter\CodeIgniter->runController(Object(App\Controllers\AppController))
 5 SYSTEMPATH\CodeIgniter.php(353): CodeIgniter\CodeIgniter->handleRequest(null, Object(Config\Cache), false)
 6 FCPATH\index.php(79): CodeIgniter\CodeIgniter->run()
 7 SYSTEMPATH\Commands\Server\rewrite.php(47): require_once('C:\\CapstoneSystem\\public\\index.php')
CRITICAL - 2024-05-22 02:24:22 --> Undefined array key "refcode"
in APPPATH\Controllers\AppController.php on line 97.
 1 APPPATH\Controllers\AppController.php(97): CodeIgniter\Debug\Exceptions->errorHandler(2, 'Undefined array key "refcode"', 'C:\\CapstoneSystem\\app\\Controllers\\AppController.php', 97)
 2 APPPATH\Controllers\AppController.php(235): App\Controllers\AppController->getform1Data()
 3 SYSTEMPATH\CodeIgniter.php(919): App\Controllers\AppController->AppForm1()
 4 SYSTEMPATH\CodeIgniter.php(494): CodeIgniter\CodeIgniter->runController(Object(App\Controllers\AppController))
 5 SYSTEMPATH\CodeIgniter.php(353): CodeIgniter\CodeIgniter->handleRequest(null, Object(Config\Cache), false)
 6 FCPATH\index.php(79): CodeIgniter\CodeIgniter->run()
 7 SYSTEMPATH\Commands\Server\rewrite.php(47): require_once('C:\\CapstoneSystem\\public\\index.php')
CRITICAL - 2024-05-22 02:25:03 --> Undefined array key "refcode"
in APPPATH\Controllers\AppController.php on line 97.
 1 APPPATH\Controllers\AppController.php(97): CodeIgniter\Debug\Exceptions->errorHandler(2, 'Undefined array key "refcode"', 'C:\\CapstoneSystem\\app\\Controllers\\AppController.php', 97)
 2 APPPATH\Controllers\AppController.php(235): App\Controllers\AppController->getform1Data()
 3 SYSTEMPATH\CodeIgniter.php(919): App\Controllers\AppController->AppForm1()
 4 SYSTEMPATH\CodeIgniter.php(494): CodeIgniter\CodeIgniter->runController(Object(App\Controllers\AppController))
 5 SYSTEMPATH\CodeIgniter.php(353): CodeIgniter\CodeIgniter->handleRequest(null, Object(Config\Cache), false)
 6 FCPATH\index.php(79): CodeIgniter\CodeIgniter->run()
 7 SYSTEMPATH\Commands\Server\rewrite.php(47): require_once('C:\\CapstoneSystem\\public\\index.php')
CRITICAL - 2024-05-22 02:25:20 --> Undefined array key "refcode"
in APPPATH\Controllers\AppController.php on line 97.
 1 APPPATH\Controllers\AppController.php(97): CodeIgniter\Debug\Exceptions->errorHandler(2, 'Undefined array key "refcode"', 'C:\\CapstoneSystem\\app\\Controllers\\AppController.php', 97)
 2 APPPATH\Controllers\AppController.php(235): App\Controllers\AppController->getform1Data()
 3 SYSTEMPATH\CodeIgniter.php(919): App\Controllers\AppController->AppForm1()
 4 SYSTEMPATH\CodeIgniter.php(494): CodeIgniter\CodeIgniter->runController(Object(App\Controllers\AppController))
 5 SYSTEMPATH\CodeIgniter.php(353): CodeIgniter\CodeIgniter->handleRequest(null, Object(Config\Cache), false)
 6 FCPATH\index.php(79): CodeIgniter\CodeIgniter->run()
 7 SYSTEMPATH\Commands\Server\rewrite.php(47): require_once('C:\\CapstoneSystem\\public\\index.php')
CRITICAL - 2024-05-22 02:25:21 --> Undefined array key "refcode"
in APPPATH\Controllers\AppController.php on line 97.
 1 APPPATH\Controllers\AppController.php(97): CodeIgniter\Debug\Exceptions->errorHandler(2, 'Undefined array key "refcode"', 'C:\\CapstoneSystem\\app\\Controllers\\AppController.php', 97)
 2 APPPATH\Controllers\AppController.php(235): App\Controllers\AppController->getform1Data()
 3 SYSTEMPATH\CodeIgniter.php(919): App\Controllers\AppController->AppForm1()
 4 SYSTEMPATH\CodeIgniter.php(494): CodeIgniter\CodeIgniter->runController(Object(App\Controllers\AppController))
 5 SYSTEMPATH\CodeIgniter.php(353): CodeIgniter\CodeIgniter->handleRequest(null, Object(Config\Cache), false)
 6 FCPATH\index.php(79): CodeIgniter\CodeIgniter->run()
 7 SYSTEMPATH\Commands\Server\rewrite.php(47): require_once('C:\\CapstoneSystem\\public\\index.php')
CRITICAL - 2024-05-22 02:25:22 --> Undefined array key "refcode"
in APPPATH\Controllers\AppController.php on line 97.
 1 APPPATH\Controllers\AppController.php(97): CodeIgniter\Debug\Exceptions->errorHandler(2, 'Undefined array key "refcode"', 'C:\\CapstoneSystem\\app\\Controllers\\AppController.php', 97)
 2 APPPATH\Controllers\AppController.php(235): App\Controllers\AppController->getform1Data()
 3 SYSTEMPATH\CodeIgniter.php(919): App\Controllers\AppController->AppForm1()
 4 SYSTEMPATH\CodeIgniter.php(494): CodeIgniter\CodeIgniter->runController(Object(App\Controllers\AppController))
 5 SYSTEMPATH\CodeIgniter.php(353): CodeIgniter\CodeIgniter->handleRequest(null, Object(Config\Cache), false)
 6 FCPATH\index.php(79): CodeIgniter\CodeIgniter->run()
 7 SYSTEMPATH\Commands\Server\rewrite.php(47): require_once('C:\\CapstoneSystem\\public\\index.php')
CRITICAL - 2024-05-22 02:26:08 --> Undefined array key "refcode"
in APPPATH\Controllers\AppController.php on line 97.
 1 APPPATH\Controllers\AppController.php(97): CodeIgniter\Debug\Exceptions->errorHandler(2, 'Undefined array key "refcode"', 'C:\\CapstoneSystem\\app\\Controllers\\AppController.php', 97)
 2 APPPATH\Controllers\AppController.php(236): App\Controllers\AppController->getform1Data()
 3 SYSTEMPATH\CodeIgniter.php(919): App\Controllers\AppController->AppForm1()
 4 SYSTEMPATH\CodeIgniter.php(494): CodeIgniter\CodeIgniter->runController(Object(App\Controllers\AppController))
 5 SYSTEMPATH\CodeIgniter.php(353): CodeIgniter\CodeIgniter->handleRequest(null, Object(Config\Cache), false)
 6 FCPATH\index.php(79): CodeIgniter\CodeIgniter->run()
 7 SYSTEMPATH\Commands\Server\rewrite.php(47): require_once('C:\\CapstoneSystem\\public\\index.php')
CRITICAL - 2024-05-22 02:26:14 --> Undefined array key "refcode"
in APPPATH\Controllers\AppController.php on line 97.
 1 APPPATH\Controllers\AppController.php(97): CodeIgniter\Debug\Exceptions->errorHandler(2, 'Undefined array key "refcode"', 'C:\\CapstoneSystem\\app\\Controllers\\AppController.php', 97)
 2 APPPATH\Controllers\AppController.php(236): App\Controllers\AppController->getform1Data()
 3 SYSTEMPATH\CodeIgniter.php(919): App\Controllers\AppController->AppForm1()
 4 SYSTEMPATH\CodeIgniter.php(494): CodeIgniter\CodeIgniter->runController(Object(App\Controllers\AppController))
 5 SYSTEMPATH\CodeIgniter.php(353): CodeIgniter\CodeIgniter->handleRequest(null, Object(Config\Cache), false)
 6 FCPATH\index.php(79): CodeIgniter\CodeIgniter->run()
 7 SYSTEMPATH\Commands\Server\rewrite.php(47): require_once('C:\\CapstoneSystem\\public\\index.php')
CRITICAL - 2024-05-22 02:27:07 --> Undefined array key "refcode"
in APPPATH\Controllers\AppController.php on line 97.
 1 APPPATH\Controllers\AppController.php(97): CodeIgniter\Debug\Exceptions->errorHandler(2, 'Undefined array key "refcode"', 'C:\\CapstoneSystem\\app\\Controllers\\AppController.php', 97)
 2 APPPATH\Controllers\AppController.php(235): App\Controllers\AppController->getform1Data()
 3 SYSTEMPATH\CodeIgniter.php(919): App\Controllers\AppController->AppForm1()
 4 SYSTEMPATH\CodeIgniter.php(494): CodeIgniter\CodeIgniter->runController(Object(App\Controllers\AppController))
 5 SYSTEMPATH\CodeIgniter.php(353): CodeIgniter\CodeIgniter->handleRequest(null, Object(Config\Cache), false)
 6 FCPATH\index.php(79): CodeIgniter\CodeIgniter->run()
 7 SYSTEMPATH\Commands\Server\rewrite.php(47): require_once('C:\\CapstoneSystem\\public\\index.php')
CRITICAL - 2024-05-22 02:27:22 --> Undefined array key "ref"
in APPPATH\Controllers\AppController.php on line 237.
 1 APPPATH\Controllers\AppController.php(237): CodeIgniter\Debug\Exceptions->errorHandler(2, 'Undefined array key "ref"', 'C:\\CapstoneSystem\\app\\Controllers\\AppController.php', 237)
 2 SYSTEMPATH\CodeIgniter.php(919): App\Controllers\AppController->AppForm1()
 3 SYSTEMPATH\CodeIgniter.php(494): CodeIgniter\CodeIgniter->runController(Object(App\Controllers\AppController))
 4 SYSTEMPATH\CodeIgniter.php(353): CodeIgniter\CodeIgniter->handleRequest(null, Object(Config\Cache), false)
 5 FCPATH\index.php(79): CodeIgniter\CodeIgniter->run()
 6 SYSTEMPATH\Commands\Server\rewrite.php(47): require_once('C:\\CapstoneSystem\\public\\index.php')
CRITICAL - 2024-05-22 02:27:43 --> Undefined array key "refcode"
in APPPATH\Controllers\AppController.php on line 97.
 1 APPPATH\Controllers\AppController.php(97): CodeIgniter\Debug\Exceptions->errorHandler(2, 'Undefined array key "refcode"', 'C:\\CapstoneSystem\\app\\Controllers\\AppController.php', 97)
 2 APPPATH\Controllers\AppController.php(235): App\Controllers\AppController->getform1Data()
 3 SYSTEMPATH\CodeIgniter.php(919): App\Controllers\AppController->AppForm1()
 4 SYSTEMPATH\CodeIgniter.php(494): CodeIgniter\CodeIgniter->runController(Object(App\Controllers\AppController))
 5 SYSTEMPATH\CodeIgniter.php(353): CodeIgniter\CodeIgniter->handleRequest(null, Object(Config\Cache), false)
 6 FCPATH\index.php(79): CodeIgniter\CodeIgniter->run()
 7 SYSTEMPATH\Commands\Server\rewrite.php(47): require_once('C:\\CapstoneSystem\\public\\index.php')
CRITICAL - 2024-05-22 02:30:49 --> Undefined array key "refcode"
in APPPATH\Controllers\AppController.php on line 97.
 1 APPPATH\Controllers\AppController.php(97): CodeIgniter\Debug\Exceptions->errorHandler(2, 'Undefined array key "refcode"', 'C:\\CapstoneSystem\\app\\Controllers\\AppController.php', 97)
 2 APPPATH\Controllers\AppController.php(236): App\Controllers\AppController->getform1Data()
 3 SYSTEMPATH\CodeIgniter.php(919): App\Controllers\AppController->AppForm1()
 4 SYSTEMPATH\CodeIgniter.php(494): CodeIgniter\CodeIgniter->runController(Object(App\Controllers\AppController))
 5 SYSTEMPATH\CodeIgniter.php(353): CodeIgniter\CodeIgniter->handleRequest(null, Object(Config\Cache), false)
 6 FCPATH\index.php(79): CodeIgniter\CodeIgniter->run()
 7 SYSTEMPATH\Commands\Server\rewrite.php(47): require_once('C:\\CapstoneSystem\\public\\index.php')
CRITICAL - 2024-05-22 02:31:31 --> Undefined array key "refcode"
in APPPATH\Controllers\AppController.php on line 97.
 1 APPPATH\Controllers\AppController.php(97): CodeIgniter\Debug\Exceptions->errorHandler(2, 'Undefined array key "refcode"', 'C:\\CapstoneSystem\\app\\Controllers\\AppController.php', 97)
 2 APPPATH\Controllers\AppController.php(236): App\Controllers\AppController->getform1Data()
 3 SYSTEMPATH\CodeIgniter.php(919): App\Controllers\AppController->AppForm1()
 4 SYSTEMPATH\CodeIgniter.php(494): CodeIgniter\CodeIgniter->runController(Object(App\Controllers\AppController))
 5 SYSTEMPATH\CodeIgniter.php(353): CodeIgniter\CodeIgniter->handleRequest(null, Object(Config\Cache), false)
 6 FCPATH\index.php(79): CodeIgniter\CodeIgniter->run()
 7 SYSTEMPATH\Commands\Server\rewrite.php(47): require_once('C:\\CapstoneSystem\\public\\index.php')
CRITICAL - 2024-05-22 02:32:14 --> Undefined array key "refcode"
in APPPATH\Controllers\AppController.php on line 97.
 1 APPPATH\Controllers\AppController.php(97): CodeIgniter\Debug\Exceptions->errorHandler(2, 'Undefined array key "refcode"', 'C:\\CapstoneSystem\\app\\Controllers\\AppController.php', 97)
 2 APPPATH\Controllers\AppController.php(235): App\Controllers\AppController->getform1Data()
 3 SYSTEMPATH\CodeIgniter.php(919): App\Controllers\AppController->AppForm1()
 4 SYSTEMPATH\CodeIgniter.php(494): CodeIgniter\CodeIgniter->runController(Object(App\Controllers\AppController))
 5 SYSTEMPATH\CodeIgniter.php(353): CodeIgniter\CodeIgniter->handleRequest(null, Object(Config\Cache), false)
 6 FCPATH\index.php(79): CodeIgniter\CodeIgniter->run()
 7 SYSTEMPATH\Commands\Server\rewrite.php(47): require_once('C:\\CapstoneSystem\\public\\index.php')
CRITICAL - 2024-05-22 02:32:53 --> Undefined array key "refcode"
in APPPATH\Controllers\AppController.php on line 101.
 1 APPPATH\Controllers\AppController.php(101): CodeIgniter\Debug\Exceptions->errorHandler(2, 'Undefined array key "refcode"', 'C:\\CapstoneSystem\\app\\Controllers\\AppController.php', 101)
 2 APPPATH\Controllers\AppController.php(236): App\Controllers\AppController->getform1Data()
 3 SYSTEMPATH\CodeIgniter.php(919): App\Controllers\AppController->AppForm1()
 4 SYSTEMPATH\CodeIgniter.php(494): CodeIgniter\CodeIgniter->runController(Object(App\Controllers\AppController))
 5 SYSTEMPATH\CodeIgniter.php(353): CodeIgniter\CodeIgniter->handleRequest(null, Object(Config\Cache), false)
 6 FCPATH\index.php(79): CodeIgniter\CodeIgniter->run()
 7 SYSTEMPATH\Commands\Server\rewrite.php(47): require_once('C:\\CapstoneSystem\\public\\index.php')
CRITICAL - 2024-05-22 02:33:46 --> Attempt to read property "refcode" on array
in APPPATH\Controllers\AppController.php on line 97.
 1 APPPATH\Controllers\AppController.php(97): CodeIgniter\Debug\Exceptions->errorHandler(2, 'Attempt to read property "refcode" on array', 'C:\\CapstoneSystem\\app\\Controllers\\AppController.php', 97)
 2 APPPATH\Controllers\AppController.php(236): App\Controllers\AppController->getform1Data()
 3 SYSTEMPATH\CodeIgniter.php(919): App\Controllers\AppController->AppForm1()
 4 SYSTEMPATH\CodeIgniter.php(494): CodeIgniter\CodeIgniter->runController(Object(App\Controllers\AppController))
 5 SYSTEMPATH\CodeIgniter.php(353): CodeIgniter\CodeIgniter->handleRequest(null, Object(Config\Cache), false)
 6 FCPATH\index.php(79): CodeIgniter\CodeIgniter->run()
 7 SYSTEMPATH\Commands\Server\rewrite.php(47): require_once('C:\\CapstoneSystem\\public\\index.php')
CRITICAL - 2024-05-22 02:34:30 --> Attempt to read property "refcode" on array
in APPPATH\Controllers\AppController.php on line 97.
 1 APPPATH\Controllers\AppController.php(97): CodeIgniter\Debug\Exceptions->errorHandler(2, 'Attempt to read property "refcode" on array', 'C:\\CapstoneSystem\\app\\Controllers\\AppController.php', 97)
 2 APPPATH\Controllers\AppController.php(237): App\Controllers\AppController->getform1Data()
 3 SYSTEMPATH\CodeIgniter.php(919): App\Controllers\AppController->AppForm1()
 4 SYSTEMPATH\CodeIgniter.php(494): CodeIgniter\CodeIgniter->runController(Object(App\Controllers\AppController))
 5 SYSTEMPATH\CodeIgniter.php(353): CodeIgniter\CodeIgniter->handleRequest(null, Object(Config\Cache), false)
 6 FCPATH\index.php(79): CodeIgniter\CodeIgniter->run()
 7 SYSTEMPATH\Commands\Server\rewrite.php(47): require_once('C:\\CapstoneSystem\\public\\index.php')
CRITICAL - 2024-05-22 02:34:52 --> Attempt to read property "refcode" on array
in APPPATH\Controllers\AppController.php on line 97.
 1 APPPATH\Controllers\AppController.php(97): CodeIgniter\Debug\Exceptions->errorHandler(2, 'Attempt to read property "refcode" on array', 'C:\\CapstoneSystem\\app\\Controllers\\AppController.php', 97)
 2 APPPATH\Controllers\AppController.php(237): App\Controllers\AppController->getform1Data()
 3 SYSTEMPATH\CodeIgniter.php(919): App\Controllers\AppController->AppForm1()
 4 SYSTEMPATH\CodeIgniter.php(494): CodeIgniter\CodeIgniter->runController(Object(App\Controllers\AppController))
 5 SYSTEMPATH\CodeIgniter.php(353): CodeIgniter\CodeIgniter->handleRequest(null, Object(Config\Cache), false)
 6 FCPATH\index.php(79): CodeIgniter\CodeIgniter->run()
 7 SYSTEMPATH\Commands\Server\rewrite.php(47): require_once('C:\\CapstoneSystem\\public\\index.php')
CRITICAL - 2024-05-22 02:34:53 --> Attempt to read property "refcode" on array
in APPPATH\Controllers\AppController.php on line 97.
 1 APPPATH\Controllers\AppController.php(97): CodeIgniter\Debug\Exceptions->errorHandler(2, 'Attempt to read property "refcode" on array', 'C:\\CapstoneSystem\\app\\Controllers\\AppController.php', 97)
 2 APPPATH\Controllers\AppController.php(237): App\Controllers\AppController->getform1Data()
 3 SYSTEMPATH\CodeIgniter.php(919): App\Controllers\AppController->AppForm1()
 4 SYSTEMPATH\CodeIgniter.php(494): CodeIgniter\CodeIgniter->runController(Object(App\Controllers\AppController))
 5 SYSTEMPATH\CodeIgniter.php(353): CodeIgniter\CodeIgniter->handleRequest(null, Object(Config\Cache), false)
 6 FCPATH\index.php(79): CodeIgniter\CodeIgniter->run()
 7 SYSTEMPATH\Commands\Server\rewrite.php(47): require_once('C:\\CapstoneSystem\\public\\index.php')
CRITICAL - 2024-05-22 02:34:54 --> Attempt to read property "refcode" on array
in APPPATH\Controllers\AppController.php on line 97.
 1 APPPATH\Controllers\AppController.php(97): CodeIgniter\Debug\Exceptions->errorHandler(2, 'Attempt to read property "refcode" on array', 'C:\\CapstoneSystem\\app\\Controllers\\AppController.php', 97)
 2 APPPATH\Controllers\AppController.php(237): App\Controllers\AppController->getform1Data()
 3 SYSTEMPATH\CodeIgniter.php(919): App\Controllers\AppController->AppForm1()
 4 SYSTEMPATH\CodeIgniter.php(494): CodeIgniter\CodeIgniter->runController(Object(App\Controllers\AppController))
 5 SYSTEMPATH\CodeIgniter.php(353): CodeIgniter\CodeIgniter->handleRequest(null, Object(Config\Cache), false)
 6 FCPATH\index.php(79): CodeIgniter\CodeIgniter->run()
 7 SYSTEMPATH\Commands\Server\rewrite.php(47): require_once('C:\\CapstoneSystem\\public\\index.php')
CRITICAL - 2024-05-22 02:34:54 --> Attempt to read property "refcode" on array
in APPPATH\Controllers\AppController.php on line 97.
 1 APPPATH\Controllers\AppController.php(97): CodeIgniter\Debug\Exceptions->errorHandler(2, 'Attempt to read property "refcode" on array', 'C:\\CapstoneSystem\\app\\Controllers\\AppController.php', 97)
 2 APPPATH\Controllers\AppController.php(237): App\Controllers\AppController->getform1Data()
 3 SYSTEMPATH\CodeIgniter.php(919): App\Controllers\AppController->AppForm1()
 4 SYSTEMPATH\CodeIgniter.php(494): CodeIgniter\CodeIgniter->runController(Object(App\Controllers\AppController))
 5 SYSTEMPATH\CodeIgniter.php(353): CodeIgniter\CodeIgniter->handleRequest(null, Object(Config\Cache), false)
 6 FCPATH\index.php(79): CodeIgniter\CodeIgniter->run()
 7 SYSTEMPATH\Commands\Server\rewrite.php(47): require_once('C:\\CapstoneSystem\\public\\index.php')
CRITICAL - 2024-05-22 02:34:54 --> Attempt to read property "refcode" on array
in APPPATH\Controllers\AppController.php on line 97.
 1 APPPATH\Controllers\AppController.php(97): CodeIgniter\Debug\Exceptions->errorHandler(2, 'Attempt to read property "refcode" on array', 'C:\\CapstoneSystem\\app\\Controllers\\AppController.php', 97)
 2 APPPATH\Controllers\AppController.php(237): App\Controllers\AppController->getform1Data()
 3 SYSTEMPATH\CodeIgniter.php(919): App\Controllers\AppController->AppForm1()
 4 SYSTEMPATH\CodeIgniter.php(494): CodeIgniter\CodeIgniter->runController(Object(App\Controllers\AppController))
 5 SYSTEMPATH\CodeIgniter.php(353): CodeIgniter\CodeIgniter->handleRequest(null, Object(Config\Cache), false)
 6 FCPATH\index.php(79): CodeIgniter\CodeIgniter->run()
 7 SYSTEMPATH\Commands\Server\rewrite.php(47): require_once('C:\\CapstoneSystem\\public\\index.php')
CRITICAL - 2024-05-22 02:36:59 --> Array to string conversion
in SYSTEMPATH\Database\Query.php on line 327.
 1 [internal function]: CodeIgniter\Debug\Exceptions->errorHandler(2, 'Array to string conversion', 'C:\\CapstoneSystem\\system\\Database\\Query.php', 327)
 2 SYSTEMPATH\Database\Query.php(327): implode(',', [...])
 3 SYSTEMPATH\Database\Query.php(308): CodeIgniter\Database\Query->matchNamedBinds('SELECT `refode`
FROM `agent`
WHERE `AgentCode` = :AgentCode:', [...])
 4 SYSTEMPATH\Database\Query.php(159): CodeIgniter\Database\Query->compileBinds()
 5 SYSTEMPATH\Database\BaseConnection.php(606): CodeIgniter\Database\Query->getQuery()
 6 SYSTEMPATH\Database\BaseBuilder.php(1615): CodeIgniter\Database\BaseConnection->query('SELECT `refode`
FROM `agent`
WHERE `AgentCode` = :AgentCode:', [...], false)
 7 SYSTEMPATH\Model.php(199): CodeIgniter\Database\BaseBuilder->get()
 8 SYSTEMPATH\BaseModel.php(563): CodeIgniter\Model->doFind(false, null)
 9 APPPATH\Controllers\AppController.php(97): CodeIgniter\BaseModel->find()
10 APPPATH\Controllers\AppController.php(234): App\Controllers\AppController->getform1Data()
11 SYSTEMPATH\CodeIgniter.php(919): App\Controllers\AppController->AppForm1()
12 SYSTEMPATH\CodeIgniter.php(494): CodeIgniter\CodeIgniter->runController(Object(App\Controllers\AppController))
13 SYSTEMPATH\CodeIgniter.php(353): CodeIgniter\CodeIgniter->handleRequest(null, Object(Config\Cache), false)
14 FCPATH\index.php(79): CodeIgniter\CodeIgniter->run()
15 SYSTEMPATH\Commands\Server\rewrite.php(47): require_once('C:\\CapstoneSystem\\public\\index.php')
CRITICAL - 2024-05-22 02:37:57 --> Attempt to read property "refcode" on array
in APPPATH\Controllers\AppController.php on line 98.
 1 APPPATH\Controllers\AppController.php(98): CodeIgniter\Debug\Exceptions->errorHandler(2, 'Attempt to read property "refcode" on array', 'C:\\CapstoneSystem\\app\\Controllers\\AppController.php', 98)
 2 APPPATH\Controllers\AppController.php(246): App\Controllers\AppController->getform1Data()
 3 SYSTEMPATH\CodeIgniter.php(919): App\Controllers\AppController->AppForm1()
 4 SYSTEMPATH\CodeIgniter.php(494): CodeIgniter\CodeIgniter->runController(Object(App\Controllers\AppController))
 5 SYSTEMPATH\CodeIgniter.php(353): CodeIgniter\CodeIgniter->handleRequest(null, Object(Config\Cache), false)
 6 FCPATH\index.php(79): CodeIgniter\CodeIgniter->run()
 7 SYSTEMPATH\Commands\Server\rewrite.php(47): require_once('C:\\CapstoneSystem\\public\\index.php')
CRITICAL - 2024-05-22 02:43:53 --> Array to string conversion
in SYSTEMPATH\Database\Query.php on line 327.
 1 [internal function]: CodeIgniter\Debug\Exceptions->errorHandler(2, 'Array to string conversion', 'C:\\CapstoneSystem\\system\\Database\\Query.php', 327)
 2 SYSTEMPATH\Database\Query.php(327): implode(',', [...])
 3 SYSTEMPATH\Database\Query.php(308): CodeIgniter\Database\Query->matchNamedBinds('SELECT *
FROM `agent`
WHERE `AgentCode` = :AgentCode:', [...])
 4 SYSTEMPATH\Database\Query.php(159): CodeIgniter\Database\Query->compileBinds()
 5 SYSTEMPATH\Database\BaseConnection.php(606): CodeIgniter\Database\Query->getQuery()
 6 SYSTEMPATH\Database\BaseBuilder.php(1615): CodeIgniter\Database\BaseConnection->query('SELECT *
FROM `agent`
WHERE `AgentCode` = :AgentCode:', [...], false)
 7 SYSTEMPATH\Model.php(199): CodeIgniter\Database\BaseBuilder->get()
 8 SYSTEMPATH\BaseModel.php(563): CodeIgniter\Model->doFind(false, null)
 9 APPPATH\Controllers\AppController.php(234): CodeIgniter\BaseModel->find()
10 SYSTEMPATH\CodeIgniter.php(919): App\Controllers\AppController->AppForm1()
11 SYSTEMPATH\CodeIgniter.php(494): CodeIgniter\CodeIgniter->runController(Object(App\Controllers\AppController))
12 SYSTEMPATH\CodeIgniter.php(353): CodeIgniter\CodeIgniter->handleRequest(null, Object(Config\Cache), false)
13 FCPATH\index.php(79): CodeIgniter\CodeIgniter->run()
14 SYSTEMPATH\Commands\Server\rewrite.php(47): require_once('C:\\CapstoneSystem\\public\\index.php')
CRITICAL - 2024-05-22 02:46:23 --> Undefined array key "refcode"
in APPPATH\Controllers\AppController.php on line 234.
 1 APPPATH\Controllers\AppController.php(234): CodeIgniter\Debug\Exceptions->errorHandler(2, 'Undefined array key "refcode"', 'C:\\CapstoneSystem\\app\\Controllers\\AppController.php', 234)
 2 SYSTEMPATH\CodeIgniter.php(919): App\Controllers\AppController->AppForm1()
 3 SYSTEMPATH\CodeIgniter.php(494): CodeIgniter\CodeIgniter->runController(Object(App\Controllers\AppController))
 4 SYSTEMPATH\CodeIgniter.php(353): CodeIgniter\CodeIgniter->handleRequest(null, Object(Config\Cache), false)
 5 FCPATH\index.php(79): CodeIgniter\CodeIgniter->run()
 6 SYSTEMPATH\Commands\Server\rewrite.php(47): require_once('C:\\CapstoneSystem\\public\\index.php')
CRITICAL - 2024-05-22 22:30:51 --> Undefined property: App\Controllers\AgentController::$cache
in APPPATH\Controllers\AgentController.php on line 100.
 1 APPPATH\Controllers\AgentController.php(100): CodeIgniter\Debug\Exceptions->errorHandler(2, 'Undefined property: App\\Controllers\\AgentController::$cache', 'C:\\CapstoneSystem\\app\\Controllers\\AgentController.php', 100)
 2 APPPATH\Controllers\AgentController.php(49): App\Controllers\AgentController->getData()
 3 SYSTEMPATH\CodeIgniter.php(919): App\Controllers\AgentController->AgDash()
 4 SYSTEMPATH\CodeIgniter.php(494): CodeIgniter\CodeIgniter->runController(Object(App\Controllers\AgentController))
 5 SYSTEMPATH\CodeIgniter.php(353): CodeIgniter\CodeIgniter->handleRequest(null, Object(Config\Cache), false)
 6 FCPATH\index.php(79): CodeIgniter\CodeIgniter->run()
 7 SYSTEMPATH\Commands\Server\rewrite.php(47): require_once('C:\\CapstoneSystem\\public\\index.php')
CRITICAL - 2024-05-22 22:31:07 --> Undefined property: App\Controllers\AgentController::$cache
in APPPATH\Controllers\AgentController.php on line 100.
 1 APPPATH\Controllers\AgentController.php(100): CodeIgniter\Debug\Exceptions->errorHandler(2, 'Undefined property: App\\Controllers\\AgentController::$cache', 'C:\\CapstoneSystem\\app\\Controllers\\AgentController.php', 100)
 2 APPPATH\Controllers\AgentController.php(49): App\Controllers\AgentController->getData()
 3 SYSTEMPATH\CodeIgniter.php(919): App\Controllers\AgentController->AgDash()
 4 SYSTEMPATH\CodeIgniter.php(494): CodeIgniter\CodeIgniter->runController(Object(App\Controllers\AgentController))
 5 SYSTEMPATH\CodeIgniter.php(353): CodeIgniter\CodeIgniter->handleRequest(null, Object(Config\Cache), false)
 6 FCPATH\index.php(79): CodeIgniter\CodeIgniter->run()
 7 SYSTEMPATH\Commands\Server\rewrite.php(47): require_once('C:\\CapstoneSystem\\public\\index.php')
CRITICAL - 2024-05-22 22:41:02 --> Undefined variable $userId
in APPPATH\Controllers\ChartsController.php on line 69.
 1 APPPATH\Controllers\ChartsController.php(69): CodeIgniter\Debug\Exceptions->errorHandler(2, 'Undefined variable $userId', 'C:\\CapstoneSystem\\app\\Controllers\\ChartsController.php', 69)
 2 SYSTEMPATH\CodeIgniter.php(919): App\Controllers\ChartsController->getMonthlyCommissions()
 3 SYSTEMPATH\CodeIgniter.php(494): CodeIgniter\CodeIgniter->runController(Object(App\Controllers\ChartsController))
 4 SYSTEMPATH\CodeIgniter.php(353): CodeIgniter\CodeIgniter->handleRequest(null, Object(Config\Cache), false)
 5 FCPATH\index.php(79): CodeIgniter\CodeIgniter->run()
 6 SYSTEMPATH\Commands\Server\rewrite.php(47): require_once('C:\\CapstoneSystem\\public\\index.php')
ERROR - 2024-05-22 23:46:06 --> Error connecting to the database: mysqli_sql_exception: Access denied for user 'roo'@'localhost' (using password: NO) in C:\CapstoneSystem\system\Database\MySQLi\Connection.php:185
Stack trace:
#0 C:\CapstoneSystem\system\Database\MySQLi\Connection.php(185): mysqli->real_connect('localhost', 'roo', '', 'erecruit', 3306, '', 0)
#1 C:\CapstoneSystem\system\Database\BaseConnection.php(391): CodeIgniter\Database\MySQLi\Connection->connect(false)
#2 C:\CapstoneSystem\system\Database\BaseConnection.php(574): CodeIgniter\Database\BaseConnection->initialize()
#3 C:\CapstoneSystem\system\Database\BaseBuilder.php(1615): CodeIgniter\Database\BaseConnection->query('SELECT *\nFROM `...', Array, false)
#4 C:\CapstoneSystem\system\Model.php(264): CodeIgniter\Database\BaseBuilder->get()
#5 C:\CapstoneSystem\system\BaseModel.php(662): CodeIgniter\Model->doFirst()
#6 C:\CapstoneSystem\app\Controllers\ProfileController.php(99): CodeIgniter\BaseModel->first()
#7 C:\CapstoneSystem\app\Controllers\ProfileController.php(32): App\Controllers\ProfileController->getDataAd()
#8 C:\CapstoneSystem\system\CodeIgniter.php(919): App\Controllers\ProfileController->agentprofile('05fd60d38fc4683...')
#9 C:\CapstoneSystem\system\CodeIgniter.php(494): CodeIgniter\CodeIgniter->runController(Object(App\Controllers\ProfileController))
#10 C:\CapstoneSystem\system\CodeIgniter.php(353): CodeIgniter\CodeIgniter->handleRequest(NULL, Object(Config\Cache), false)
#11 C:\CapstoneSystem\public\index.php(79): CodeIgniter\CodeIgniter->run()
#12 C:\CapstoneSystem\system\Commands\Server\rewrite.php(47): require_once('C:\\CapstoneSyst...')
#13 {main}

Next CodeIgniter\Database\Exceptions\DatabaseException: Access denied for user '****'@'localhost' (using password: NO) in C:\CapstoneSystem\system\Database\MySQLi\Connection.php:229
Stack trace:
#0 C:\CapstoneSystem\system\Database\BaseConnection.php(391): CodeIgniter\Database\MySQLi\Connection->connect(false)
#1 C:\CapstoneSystem\system\Database\BaseConnection.php(574): CodeIgniter\Database\BaseConnection->initialize()
#2 C:\CapstoneSystem\system\Database\BaseBuilder.php(1615): CodeIgniter\Database\BaseConnection->query('SELECT *\nFROM `...', Array, false)
#3 C:\CapstoneSystem\system\Model.php(264): CodeIgniter\Database\BaseBuilder->get()
#4 C:\CapstoneSystem\system\BaseModel.php(662): CodeIgniter\Model->doFirst()
#5 C:\CapstoneSystem\app\Controllers\ProfileController.php(99): CodeIgniter\BaseModel->first()
#6 C:\CapstoneSystem\app\Controllers\ProfileController.php(32): App\Controllers\ProfileController->getDataAd()
#7 C:\CapstoneSystem\system\CodeIgniter.php(919): App\Controllers\ProfileController->agentprofile('05fd60d38fc4683...')
#8 C:\CapstoneSystem\system\CodeIgniter.php(494): CodeIgniter\CodeIgniter->runController(Object(App\Controllers\ProfileController))
#9 C:\CapstoneSystem\system\CodeIgniter.php(353): CodeIgniter\CodeIgniter->handleRequest(NULL, Object(Config\Cache), false)
#10 C:\CapstoneSystem\public\index.php(79): CodeIgniter\CodeIgniter->run()
#11 C:\CapstoneSystem\system\Commands\Server\rewrite.php(47): require_once('C:\\CapstoneSyst...')
#12 {main}
CRITICAL - 2024-05-22 23:46:06 --> Unable to connect to the database.
Main connection [MySQLi]: Access denied for user '****'@'localhost' (using password: NO)
in SYSTEMPATH\Database\BaseConnection.php on line 427.
 1 SYSTEMPATH\Database\BaseConnection.php(574): CodeIgniter\Database\BaseConnection->initialize()
 2 SYSTEMPATH\Database\BaseBuilder.php(1615): CodeIgniter\Database\BaseConnection->query('SELECT *
FROM `admin`
WHERE `admin_id` = :admin_id:
ORDER BY `id` DESC
 LIMIT 1', [...], false)
 3 SYSTEMPATH\Model.php(264): CodeIgniter\Database\BaseBuilder->get()
 4 SYSTEMPATH\BaseModel.php(662): CodeIgniter\Model->doFirst()
 5 APPPATH\Controllers\ProfileController.php(99): CodeIgniter\BaseModel->first()
 6 APPPATH\Controllers\ProfileController.php(32): App\Controllers\ProfileController->getDataAd()
 7 SYSTEMPATH\CodeIgniter.php(919): App\Controllers\ProfileController->agentprofile('05fd60d38fc468347b4122a5685a0dfca55de4b78721435de9')
 8 SYSTEMPATH\CodeIgniter.php(494): CodeIgniter\CodeIgniter->runController(Object(App\Controllers\ProfileController))
 9 SYSTEMPATH\CodeIgniter.php(353): CodeIgniter\CodeIgniter->handleRequest(null, Object(Config\Cache), false)
10 FCPATH\index.php(79): CodeIgniter\CodeIgniter->run()
11 SYSTEMPATH\Commands\Server\rewrite.php(47): require_once('C:\\CapstoneSystem\\public\\index.php')
ERROR - 2024-05-22 23:46:10 --> Error connecting to the database: mysqli_sql_exception: Access denied for user 'roo'@'localhost' (using password: NO) in C:\CapstoneSystem\system\Database\MySQLi\Connection.php:185
Stack trace:
#0 C:\CapstoneSystem\system\Database\MySQLi\Connection.php(185): mysqli->real_connect('localhost', 'roo', '', 'erecruit', 3306, '', 0)
#1 C:\CapstoneSystem\system\Database\BaseConnection.php(391): CodeIgniter\Database\MySQLi\Connection->connect(false)
#2 C:\CapstoneSystem\system\Database\BaseConnection.php(574): CodeIgniter\Database\BaseConnection->initialize()
#3 C:\CapstoneSystem\system\Database\BaseBuilder.php(1615): CodeIgniter\Database\BaseConnection->query('SELECT *\nFROM `...', Array, false)
#4 C:\CapstoneSystem\system\Model.php(264): CodeIgniter\Database\BaseBuilder->get()
#5 C:\CapstoneSystem\system\BaseModel.php(662): CodeIgniter\Model->doFirst()
#6 C:\CapstoneSystem\app\Controllers\ProfileController.php(99): CodeIgniter\BaseModel->first()
#7 C:\CapstoneSystem\app\Controllers\ProfileController.php(32): App\Controllers\ProfileController->getDataAd()
#8 C:\CapstoneSystem\system\CodeIgniter.php(919): App\Controllers\ProfileController->agentprofile('05fd60d38fc4683...')
#9 C:\CapstoneSystem\system\CodeIgniter.php(494): CodeIgniter\CodeIgniter->runController(Object(App\Controllers\ProfileController))
#10 C:\CapstoneSystem\system\CodeIgniter.php(353): CodeIgniter\CodeIgniter->handleRequest(NULL, Object(Config\Cache), false)
#11 C:\CapstoneSystem\public\index.php(79): CodeIgniter\CodeIgniter->run()
#12 C:\CapstoneSystem\system\Commands\Server\rewrite.php(47): require_once('C:\\CapstoneSyst...')
#13 {main}

Next CodeIgniter\Database\Exceptions\DatabaseException: Access denied for user '****'@'localhost' (using password: NO) in C:\CapstoneSystem\system\Database\MySQLi\Connection.php:229
Stack trace:
#0 C:\CapstoneSystem\system\Database\BaseConnection.php(391): CodeIgniter\Database\MySQLi\Connection->connect(false)
#1 C:\CapstoneSystem\system\Database\BaseConnection.php(574): CodeIgniter\Database\BaseConnection->initialize()
#2 C:\CapstoneSystem\system\Database\BaseBuilder.php(1615): CodeIgniter\Database\BaseConnection->query('SELECT *\nFROM `...', Array, false)
#3 C:\CapstoneSystem\system\Model.php(264): CodeIgniter\Database\BaseBuilder->get()
#4 C:\CapstoneSystem\system\BaseModel.php(662): CodeIgniter\Model->doFirst()
#5 C:\CapstoneSystem\app\Controllers\ProfileController.php(99): CodeIgniter\BaseModel->first()
#6 C:\CapstoneSystem\app\Controllers\ProfileController.php(32): App\Controllers\ProfileController->getDataAd()
#7 C:\CapstoneSystem\system\CodeIgniter.php(919): App\Controllers\ProfileController->agentprofile('05fd60d38fc4683...')
#8 C:\CapstoneSystem\system\CodeIgniter.php(494): CodeIgniter\CodeIgniter->runController(Object(App\Controllers\ProfileController))
#9 C:\CapstoneSystem\system\CodeIgniter.php(353): CodeIgniter\CodeIgniter->handleRequest(NULL, Object(Config\Cache), false)
#10 C:\CapstoneSystem\public\index.php(79): CodeIgniter\CodeIgniter->run()
#11 C:\CapstoneSystem\system\Commands\Server\rewrite.php(47): require_once('C:\\CapstoneSyst...')
#12 {main}
CRITICAL - 2024-05-22 23:46:10 --> Unable to connect to the database.
Main connection [MySQLi]: Access denied for user '****'@'localhost' (using password: NO)
in SYSTEMPATH\Database\BaseConnection.php on line 427.
 1 SYSTEMPATH\Database\BaseConnection.php(574): CodeIgniter\Database\BaseConnection->initialize()
 2 SYSTEMPATH\Database\BaseBuilder.php(1615): CodeIgniter\Database\BaseConnection->query('SELECT *
FROM `admin`
WHERE `admin_id` = :admin_id:
ORDER BY `id` DESC
 LIMIT 1', [...], false)
 3 SYSTEMPATH\Model.php(264): CodeIgniter\Database\BaseBuilder->get()
 4 SYSTEMPATH\BaseModel.php(662): CodeIgniter\Model->doFirst()
 5 APPPATH\Controllers\ProfileController.php(99): CodeIgniter\BaseModel->first()
 6 APPPATH\Controllers\ProfileController.php(32): App\Controllers\ProfileController->getDataAd()
 7 SYSTEMPATH\CodeIgniter.php(919): App\Controllers\ProfileController->agentprofile('05fd60d38fc468347b4122a5685a0dfca55de4b78721435de9')
 8 SYSTEMPATH\CodeIgniter.php(494): CodeIgniter\CodeIgniter->runController(Object(App\Controllers\ProfileController))
 9 SYSTEMPATH\CodeIgniter.php(353): CodeIgniter\CodeIgniter->handleRequest(null, Object(Config\Cache), false)
10 FCPATH\index.php(79): CodeIgniter\CodeIgniter->run()
11 SYSTEMPATH\Commands\Server\rewrite.php(47): require_once('C:\\CapstoneSystem\\public\\index.php')
ERROR - 2024-05-22 23:46:11 --> Error connecting to the database: mysqli_sql_exception: Access denied for user 'roo'@'localhost' (using password: NO) in C:\CapstoneSystem\system\Database\MySQLi\Connection.php:185
Stack trace:
#0 C:\CapstoneSystem\system\Database\MySQLi\Connection.php(185): mysqli->real_connect('localhost', 'roo', '', 'erecruit', 3306, '', 0)
#1 C:\CapstoneSystem\system\Database\BaseConnection.php(391): CodeIgniter\Database\MySQLi\Connection->connect(false)
#2 C:\CapstoneSystem\system\Database\BaseConnection.php(574): CodeIgniter\Database\BaseConnection->initialize()
#3 C:\CapstoneSystem\system\Database\BaseBuilder.php(1615): CodeIgniter\Database\BaseConnection->query('SELECT *\nFROM `...', Array, false)
#4 C:\CapstoneSystem\system\Model.php(264): CodeIgniter\Database\BaseBuilder->get()
#5 C:\CapstoneSystem\system\BaseModel.php(662): CodeIgniter\Model->doFirst()
#6 C:\CapstoneSystem\app\Controllers\ProfileController.php(99): CodeIgniter\BaseModel->first()
#7 C:\CapstoneSystem\app\Controllers\ProfileController.php(32): App\Controllers\ProfileController->getDataAd()
#8 C:\CapstoneSystem\system\CodeIgniter.php(919): App\Controllers\ProfileController->agentprofile('05fd60d38fc4683...')
#9 C:\CapstoneSystem\system\CodeIgniter.php(494): CodeIgniter\CodeIgniter->runController(Object(App\Controllers\ProfileController))
#10 C:\CapstoneSystem\system\CodeIgniter.php(353): CodeIgniter\CodeIgniter->handleRequest(NULL, Object(Config\Cache), false)
#11 C:\CapstoneSystem\public\index.php(79): CodeIgniter\CodeIgniter->run()
#12 C:\CapstoneSystem\system\Commands\Server\rewrite.php(47): require_once('C:\\CapstoneSyst...')
#13 {main}

Next CodeIgniter\Database\Exceptions\DatabaseException: Access denied for user '****'@'localhost' (using password: NO) in C:\CapstoneSystem\system\Database\MySQLi\Connection.php:229
Stack trace:
#0 C:\CapstoneSystem\system\Database\BaseConnection.php(391): CodeIgniter\Database\MySQLi\Connection->connect(false)
#1 C:\CapstoneSystem\system\Database\BaseConnection.php(574): CodeIgniter\Database\BaseConnection->initialize()
#2 C:\CapstoneSystem\system\Database\BaseBuilder.php(1615): CodeIgniter\Database\BaseConnection->query('SELECT *\nFROM `...', Array, false)
#3 C:\CapstoneSystem\system\Model.php(264): CodeIgniter\Database\BaseBuilder->get()
#4 C:\CapstoneSystem\system\BaseModel.php(662): CodeIgniter\Model->doFirst()
#5 C:\CapstoneSystem\app\Controllers\ProfileController.php(99): CodeIgniter\BaseModel->first()
#6 C:\CapstoneSystem\app\Controllers\ProfileController.php(32): App\Controllers\ProfileController->getDataAd()
#7 C:\CapstoneSystem\system\CodeIgniter.php(919): App\Controllers\ProfileController->agentprofile('05fd60d38fc4683...')
#8 C:\CapstoneSystem\system\CodeIgniter.php(494): CodeIgniter\CodeIgniter->runController(Object(App\Controllers\ProfileController))
#9 C:\CapstoneSystem\system\CodeIgniter.php(353): CodeIgniter\CodeIgniter->handleRequest(NULL, Object(Config\Cache), false)
#10 C:\CapstoneSystem\public\index.php(79): CodeIgniter\CodeIgniter->run()
#11 C:\CapstoneSystem\system\Commands\Server\rewrite.php(47): require_once('C:\\CapstoneSyst...')
#12 {main}
CRITICAL - 2024-05-22 23:46:11 --> Unable to connect to the database.
Main connection [MySQLi]: Access denied for user '****'@'localhost' (using password: NO)
in SYSTEMPATH\Database\BaseConnection.php on line 427.
 1 SYSTEMPATH\Database\BaseConnection.php(574): CodeIgniter\Database\BaseConnection->initialize()
 2 SYSTEMPATH\Database\BaseBuilder.php(1615): CodeIgniter\Database\BaseConnection->query('SELECT *
FROM `admin`
WHERE `admin_id` = :admin_id:
ORDER BY `id` DESC
 LIMIT 1', [...], false)
 3 SYSTEMPATH\Model.php(264): CodeIgniter\Database\BaseBuilder->get()
 4 SYSTEMPATH\BaseModel.php(662): CodeIgniter\Model->doFirst()
 5 APPPATH\Controllers\ProfileController.php(99): CodeIgniter\BaseModel->first()
 6 APPPATH\Controllers\ProfileController.php(32): App\Controllers\ProfileController->getDataAd()
 7 SYSTEMPATH\CodeIgniter.php(919): App\Controllers\ProfileController->agentprofile('05fd60d38fc468347b4122a5685a0dfca55de4b78721435de9')
 8 SYSTEMPATH\CodeIgniter.php(494): CodeIgniter\CodeIgniter->runController(Object(App\Controllers\ProfileController))
 9 SYSTEMPATH\CodeIgniter.php(353): CodeIgniter\CodeIgniter->handleRequest(null, Object(Config\Cache), false)
10 FCPATH\index.php(79): CodeIgniter\CodeIgniter->run()
11 SYSTEMPATH\Commands\Server\rewrite.php(47): require_once('C:\\CapstoneSystem\\public\\index.php')
