CRITICAL - 2024-06-05 00:11:52 --> Trying to access array offset on value of type null
in APPPATH\Views\Admin\Forms\details5.php on line 280.
 1 APPPATH\Views\Admin\Forms\details5.php(280): CodeIgniter\Debug\Exceptions->errorHandler(2, 'Trying to access array offset on value of type null', 'C:\\CapstoneSystem\\app\\Views\\Admin\\Forms\\details5.php', 280)
 2 SYSTEMPATH\View\View.php(226): include('C:\\CapstoneSystem\\app\\Views\\Admin\\Forms\\details5.php')
 3 SYSTEMPATH\View\View.php(229): CodeIgniter\View\View->CodeIgniter\View\{closure}()
 4 SYSTEMPATH\Common.php(1188): CodeIgniter\View\View->render('Admin/Forms/details5', [], true)
 5 APPPATH\Controllers\AdminController.php(277): view('Admin/Forms/details5', [...])
 6 SYSTEMPATH\CodeIgniter.php(919): App\Controllers\AdminController->viewAppForm5('a6c29c5fc3fa650c70c6f9ea03b47526021a3ac274d12e1f9e')
 7 SYSTEMPATH\CodeIgniter.php(494): CodeIgniter\CodeIgniter->runController(Object(App\Controllers\AdminController))
 8 SYSTEMPATH\CodeIgniter.php(353): CodeIgniter\CodeIgniter->handleRequest(null, Object(Config\Cache), false)
 9 FCPATH\index.php(79): CodeIgniter\CodeIgniter->run()
10 SYSTEMPATH\Commands\Server\rewrite.php(47): require_once('C:\\CapstoneSystem\\public\\index.php')
CRITICAL - 2024-06-05 00:18:10 --> Undefined variable $lifechangerform
in APPPATH\Views\Admin\Forms\details2.php on line 652.
 1 APPPATH\Views\Admin\Forms\details2.php(652): CodeIgniter\Debug\Exceptions->errorHandler(2, 'Undefined variable $lifechangerform', 'C:\\CapstoneSystem\\app\\Views\\Admin\\Forms\\details2.php', 652)
 2 SYSTEMPATH\View\View.php(226): include('C:\\CapstoneSystem\\app\\Views\\Admin\\Forms\\details2.php')
 3 SYSTEMPATH\View\View.php(229): CodeIgniter\View\View->CodeIgniter\View\{closure}()
 4 SYSTEMPATH\Common.php(1188): CodeIgniter\View\View->render('Admin/Forms/details2', [], true)
 5 APPPATH\Controllers\AdminController.php(256): view('Admin/Forms/details2', [...])
 6 SYSTEMPATH\CodeIgniter.php(919): App\Controllers\AdminController->viewAppForm2('435fa6ebd7478aa440e7bd447898c5d1d4a74b6bcf0ad2d899')
 7 SYSTEMPATH\CodeIgniter.php(494): CodeIgniter\CodeIgniter->runController(Object(App\Controllers\AdminController))
 8 SYSTEMPATH\CodeIgniter.php(353): CodeIgniter\CodeIgniter->handleRequest(null, Object(Config\Cache), false)
 9 FCPATH\index.php(79): CodeIgniter\CodeIgniter->run()
10 SYSTEMPATH\Commands\Server\rewrite.php(47): require_once('C:\\CapstoneSystem\\public\\index.php')
CRITICAL - 2024-06-05 00:18:18 --> Undefined variable $lifechangerform
in APPPATH\Views\Admin\Forms\details2.php on line 652.
 1 APPPATH\Views\Admin\Forms\details2.php(652): CodeIgniter\Debug\Exceptions->errorHandler(2, 'Undefined variable $lifechangerform', 'C:\\CapstoneSystem\\app\\Views\\Admin\\Forms\\details2.php', 652)
 2 SYSTEMPATH\View\View.php(226): include('C:\\CapstoneSystem\\app\\Views\\Admin\\Forms\\details2.php')
 3 SYSTEMPATH\View\View.php(229): CodeIgniter\View\View->CodeIgniter\View\{closure}()
 4 SYSTEMPATH\Common.php(1188): CodeIgniter\View\View->render('Admin/Forms/details2', [], true)
 5 APPPATH\Controllers\AdminController.php(256): view('Admin/Forms/details2', [...])
 6 SYSTEMPATH\CodeIgniter.php(919): App\Controllers\AdminController->viewAppForm2('435fa6ebd7478aa440e7bd447898c5d1d4a74b6bcf0ad2d899')
 7 SYSTEMPATH\CodeIgniter.php(494): CodeIgniter\CodeIgniter->runController(Object(App\Controllers\AdminController))
 8 SYSTEMPATH\CodeIgniter.php(353): CodeIgniter\CodeIgniter->handleRequest(null, Object(Config\Cache), false)
 9 FCPATH\index.php(79): CodeIgniter\CodeIgniter->run()
10 SYSTEMPATH\Commands\Server\rewrite.php(47): require_once('C:\\CapstoneSystem\\public\\index.php')
CRITICAL - 2024-06-05 00:18:33 --> Undefined array key "applicant_id"
in APPPATH\Views\Admin\Forms\details2.php on line 652.
 1 APPPATH\Views\Admin\Forms\details2.php(652): CodeIgniter\Debug\Exceptions->errorHandler(2, 'Undefined array key "applicant_id"', 'C:\\CapstoneSystem\\app\\Views\\Admin\\Forms\\details2.php', 652)
 2 SYSTEMPATH\View\View.php(226): include('C:\\CapstoneSystem\\app\\Views\\Admin\\Forms\\details2.php')
 3 SYSTEMPATH\View\View.php(229): CodeIgniter\View\View->CodeIgniter\View\{closure}()
 4 SYSTEMPATH\Common.php(1188): CodeIgniter\View\View->render('Admin/Forms/details2', [], true)
 5 APPPATH\Controllers\AdminController.php(256): view('Admin/Forms/details2', [...])
 6 SYSTEMPATH\CodeIgniter.php(919): App\Controllers\AdminController->viewAppForm2('435fa6ebd7478aa440e7bd447898c5d1d4a74b6bcf0ad2d899')
 7 SYSTEMPATH\CodeIgniter.php(494): CodeIgniter\CodeIgniter->runController(Object(App\Controllers\AdminController))
 8 SYSTEMPATH\CodeIgniter.php(353): CodeIgniter\CodeIgniter->handleRequest(null, Object(Config\Cache), false)
 9 FCPATH\index.php(79): CodeIgniter\CodeIgniter->run()
10 SYSTEMPATH\Commands\Server\rewrite.php(47): require_once('C:\\CapstoneSystem\\public\\index.php')
CRITICAL - 2024-06-05 00:19:24 --> Undefined array key "user_id"
in APPPATH\Views\Admin\Forms\details4.php on line 291.
 1 APPPATH\Views\Admin\Forms\details4.php(291): CodeIgniter\Debug\Exceptions->errorHandler(2, 'Undefined array key "user_id"', 'C:\\CapstoneSystem\\app\\Views\\Admin\\Forms\\details4.php', 291)
 2 SYSTEMPATH\View\View.php(226): include('C:\\CapstoneSystem\\app\\Views\\Admin\\Forms\\details4.php')
 3 SYSTEMPATH\View\View.php(229): CodeIgniter\View\View->CodeIgniter\View\{closure}()
 4 SYSTEMPATH\Common.php(1188): CodeIgniter\View\View->render('Admin/Forms/details4', [], true)
 5 APPPATH\Controllers\AdminController.php(270): view('Admin/Forms/details4', [...])
 6 SYSTEMPATH\CodeIgniter.php(919): App\Controllers\AdminController->viewAppForm4('435fa6ebd7478aa440e7bd447898c5d1d4a74b6bcf0ad2d899')
 7 SYSTEMPATH\CodeIgniter.php(494): CodeIgniter\CodeIgniter->runController(Object(App\Controllers\AdminController))
 8 SYSTEMPATH\CodeIgniter.php(353): CodeIgniter\CodeIgniter->handleRequest(null, Object(Config\Cache), false)
 9 FCPATH\index.php(79): CodeIgniter\CodeIgniter->run()
10 SYSTEMPATH\Commands\Server\rewrite.php(47): require_once('C:\\CapstoneSystem\\public\\index.php')
CRITICAL - 2024-06-05 00:20:08 --> Undefined variable $lifechangerform
in APPPATH\Views\Admin\Forms\details5.php on line 306.
 1 APPPATH\Views\Admin\Forms\details5.php(306): CodeIgniter\Debug\Exceptions->errorHandler(2, 'Undefined variable $lifechangerform', 'C:\\CapstoneSystem\\app\\Views\\Admin\\Forms\\details5.php', 306)
 2 SYSTEMPATH\View\View.php(226): include('C:\\CapstoneSystem\\app\\Views\\Admin\\Forms\\details5.php')
 3 SYSTEMPATH\View\View.php(229): CodeIgniter\View\View->CodeIgniter\View\{closure}()
 4 SYSTEMPATH\Common.php(1188): CodeIgniter\View\View->render('Admin/Forms/details5', [], true)
 5 APPPATH\Controllers\AdminController.php(277): view('Admin/Forms/details5', [...])
 6 SYSTEMPATH\CodeIgniter.php(919): App\Controllers\AdminController->viewAppForm5('435fa6ebd7478aa440e7bd447898c5d1d4a74b6bcf0ad2d899')
 7 SYSTEMPATH\CodeIgniter.php(494): CodeIgniter\CodeIgniter->runController(Object(App\Controllers\AdminController))
 8 SYSTEMPATH\CodeIgniter.php(353): CodeIgniter\CodeIgniter->handleRequest(null, Object(Config\Cache), false)
 9 FCPATH\index.php(79): CodeIgniter\CodeIgniter->run()
10 SYSTEMPATH\Commands\Server\rewrite.php(47): require_once('C:\\CapstoneSystem\\public\\index.php')
CRITICAL - 2024-06-05 00:20:14 --> Undefined variable $lifechangerform
in APPPATH\Views\Admin\Forms\details5.php on line 306.
 1 APPPATH\Views\Admin\Forms\details5.php(306): CodeIgniter\Debug\Exceptions->errorHandler(2, 'Undefined variable $lifechangerform', 'C:\\CapstoneSystem\\app\\Views\\Admin\\Forms\\details5.php', 306)
 2 SYSTEMPATH\View\View.php(226): include('C:\\CapstoneSystem\\app\\Views\\Admin\\Forms\\details5.php')
 3 SYSTEMPATH\View\View.php(229): CodeIgniter\View\View->CodeIgniter\View\{closure}()
 4 SYSTEMPATH\Common.php(1188): CodeIgniter\View\View->render('Admin/Forms/details5', [], true)
 5 APPPATH\Controllers\AdminController.php(277): view('Admin/Forms/details5', [...])
 6 SYSTEMPATH\CodeIgniter.php(919): App\Controllers\AdminController->viewAppForm5('435fa6ebd7478aa440e7bd447898c5d1d4a74b6bcf0ad2d899')
 7 SYSTEMPATH\CodeIgniter.php(494): CodeIgniter\CodeIgniter->runController(Object(App\Controllers\AdminController))
 8 SYSTEMPATH\CodeIgniter.php(353): CodeIgniter\CodeIgniter->handleRequest(null, Object(Config\Cache), false)
 9 FCPATH\index.php(79): CodeIgniter\CodeIgniter->run()
10 SYSTEMPATH\Commands\Server\rewrite.php(47): require_once('C:\\CapstoneSystem\\public\\index.php')
CRITICAL - 2024-06-05 22:58:46 --> Undefined variable $applicant
in APPPATH\Views\Applicant\chop\header.php on line 55.
 1 APPPATH\Views\Applicant\chop\header.php(55): CodeIgniter\Debug\Exceptions->errorHandler(2, 'Undefined variable $applicant', 'C:\\CapstoneSystem\\app\\Views\\Applicant\\chop\\header.php', 55)
 2 SYSTEMPATH\View\View.php(226): include('C:\\CapstoneSystem\\app\\Views\\Applicant\\chop\\header.php')
 3 SYSTEMPATH\View\View.php(229): CodeIgniter\View\View->CodeIgniter\View\{closure}()
 4 SYSTEMPATH\Common.php(1188): CodeIgniter\View\View->render('Applicant/chop/header', [], true)
 5 APPPATH\Views\Admin\Forms.php(18): view('Applicant/chop/header')
 6 SYSTEMPATH\View\View.php(226): include('C:\\CapstoneSystem\\app\\Views\\Admin\\Forms.php')
 7 SYSTEMPATH\View\View.php(229): CodeIgniter\View\View->CodeIgniter\View\{closure}()
 8 SYSTEMPATH\Common.php(1188): CodeIgniter\View\View->render('Admin/Forms', [], true)
 9 APPPATH\Controllers\AdminController.php(135): view('Admin/Forms', [...])
10 SYSTEMPATH\CodeIgniter.php(919): App\Controllers\AdminController->Forms()
11 SYSTEMPATH\CodeIgniter.php(494): CodeIgniter\CodeIgniter->runController(Object(App\Controllers\AdminController))
12 SYSTEMPATH\CodeIgniter.php(353): CodeIgniter\CodeIgniter->handleRequest(null, Object(Config\Cache), false)
13 FCPATH\index.php(79): CodeIgniter\CodeIgniter->run()
14 SYSTEMPATH\Commands\Server\rewrite.php(47): require_once('C:\\CapstoneSystem\\public\\index.php')
ERROR - 2024-06-05 23:18:36 --> mysqli_sql_exception: Unknown column 'signature' in 'field list' in C:\CapstoneSystem\system\Database\MySQLi\Connection.php:306
Stack trace:
#0 C:\CapstoneSystem\system\Database\MySQLi\Connection.php(306): mysqli->query('UPDATE `sou` SE...', 0)
#1 C:\CapstoneSystem\system\Database\BaseConnection.php(692): CodeIgniter\Database\MySQLi\Connection->execute('UPDATE `sou` SE...')
#2 C:\CapstoneSystem\system\Database\BaseConnection.php(606): CodeIgniter\Database\BaseConnection->simpleQuery('UPDATE `sou` SE...')
#3 C:\CapstoneSystem\system\Database\BaseBuilder.php(2475): CodeIgniter\Database\BaseConnection->query('UPDATE `sou` SE...', Array, false)
#4 C:\CapstoneSystem\system\Model.php(385): CodeIgniter\Database\BaseBuilder->update()
#5 C:\CapstoneSystem\system\BaseModel.php(949): CodeIgniter\Model->doUpdate(NULL, Array)
#6 C:\CapstoneSystem\system\Model.php(776): CodeIgniter\BaseModel->update(NULL, Array)
#7 C:\CapstoneSystem\app\Controllers\AppController.php(836): CodeIgniter\Model->update()
#8 C:\CapstoneSystem\system\CodeIgniter.php(919): App\Controllers\AppController->form5sv()
#9 C:\CapstoneSystem\system\CodeIgniter.php(494): CodeIgniter\CodeIgniter->runController(Object(App\Controllers\AppController))
#10 C:\CapstoneSystem\system\CodeIgniter.php(353): CodeIgniter\CodeIgniter->handleRequest(NULL, Object(Config\Cache), false)
#11 C:\CapstoneSystem\public\index.php(79): CodeIgniter\CodeIgniter->run()
#12 C:\CapstoneSystem\system\Commands\Server\rewrite.php(47): require_once('C:\\CapstoneSyst...')
#13 {main}
CRITICAL - 2024-06-05 23:18:36 --> Unknown column 'signature' in 'field list'
in SYSTEMPATH\Database\BaseConnection.php on line 646.
 1 SYSTEMPATH\Database\BaseBuilder.php(2475): CodeIgniter\Database\BaseConnection->query('UPDATE `sou` SET `applicant_id` = :applicant_id.1:, `app_sou_token` = :app_sou_token:, `name` = :name:, `position` = :position:, `signature` = :signature:, `printedname` = :printedname:, `updated_at` = :updated_at:
WHERE `applicant_id` = :applicant_id:', [...], false)
 2 SYSTEMPATH\Model.php(385): CodeIgniter\Database\BaseBuilder->update()
 3 SYSTEMPATH\BaseModel.php(949): CodeIgniter\Model->doUpdate(null, [...])
 4 SYSTEMPATH\Model.php(776): CodeIgniter\BaseModel->update(null, [...])
 5 APPPATH\Controllers\AppController.php(836): CodeIgniter\Model->update()
 6 SYSTEMPATH\CodeIgniter.php(919): App\Controllers\AppController->form5sv()
 7 SYSTEMPATH\CodeIgniter.php(494): CodeIgniter\CodeIgniter->runController(Object(App\Controllers\AppController))
 8 SYSTEMPATH\CodeIgniter.php(353): CodeIgniter\CodeIgniter->handleRequest(null, Object(Config\Cache), false)
 9 FCPATH\index.php(79): CodeIgniter\CodeIgniter->run()
10 SYSTEMPATH\Commands\Server\rewrite.php(47): require_once('C:\\CapstoneSystem\\public\\index.php')
CRITICAL - 2024-06-05 23:25:20 --> Undefined constant "App\Models\ture"
in APPPATH\Controllers\AppController.php on line 36.
 1 SYSTEMPATH\CodeIgniter.php(891): App\Controllers\AppController->__construct()
 2 SYSTEMPATH\CodeIgniter.php(485): CodeIgniter\CodeIgniter->createController()
 3 SYSTEMPATH\CodeIgniter.php(353): CodeIgniter\CodeIgniter->handleRequest(null, Object(Config\Cache), false)
 4 FCPATH\index.php(79): CodeIgniter\CodeIgniter->run()
 5 SYSTEMPATH\Commands\Server\rewrite.php(47): require_once('C:\\CapstoneSystem\\public\\index.php')
ERROR - 2024-06-05 23:33:29 --> mysqli_sql_exception: Unknown column 'updated_at' in 'field list' in C:\CapstoneSystem\system\Database\MySQLi\Connection.php:306
Stack trace:
#0 C:\CapstoneSystem\system\Database\MySQLi\Connection.php(306): mysqli->query('UPDATE `lifecha...', 0)
#1 C:\CapstoneSystem\system\Database\BaseConnection.php(692): CodeIgniter\Database\MySQLi\Connection->execute('UPDATE `lifecha...')
#2 C:\CapstoneSystem\system\Database\BaseConnection.php(606): CodeIgniter\Database\BaseConnection->simpleQuery('UPDATE `lifecha...')
#3 C:\CapstoneSystem\system\Database\BaseBuilder.php(2475): CodeIgniter\Database\BaseConnection->query('UPDATE `lifecha...', Array, false)
#4 C:\CapstoneSystem\system\Model.php(385): CodeIgniter\Database\BaseBuilder->update()
#5 C:\CapstoneSystem\system\BaseModel.php(949): CodeIgniter\Model->doUpdate(NULL, Array)
#6 C:\CapstoneSystem\system\Model.php(776): CodeIgniter\BaseModel->update(NULL, Array)
#7 C:\CapstoneSystem\app\Controllers\AppController.php(555): CodeIgniter\Model->update()
#8 C:\CapstoneSystem\system\CodeIgniter.php(919): App\Controllers\AppController->form1sv()
#9 C:\CapstoneSystem\system\CodeIgniter.php(494): CodeIgniter\CodeIgniter->runController(Object(App\Controllers\AppController))
#10 C:\CapstoneSystem\system\CodeIgniter.php(353): CodeIgniter\CodeIgniter->handleRequest(NULL, Object(Config\Cache), false)
#11 C:\CapstoneSystem\public\index.php(79): CodeIgniter\CodeIgniter->run()
#12 C:\CapstoneSystem\system\Commands\Server\rewrite.php(47): require_once('C:\\CapstoneSyst...')
#13 {main}
CRITICAL - 2024-06-05 23:33:29 --> Unknown column 'updated_at' in 'field list'
in SYSTEMPATH\Database\BaseConnection.php on line 646.
 1 SYSTEMPATH\Database\BaseBuilder.php(2475): CodeIgniter\Database\BaseConnection->query('UPDATE `lifechangerform` SET `user_id` = :user_id.1:, `app_life_token` = :app_life_token:, `position` = :position:, `preferredArea` = :preferredArea:, `referral` = :referral:, `referralBy` = :referralBy:, `onlineAd` = :onlineAd:, `walkIn` = :walkIn:, `othersRef` = :othersRef:, `fname` = :fname:, `nickname` = :nickname:, `birthdate` = :birthdate:, `placeOfBirth` = :placeOfBirth:, `gender` = :gender:, `bloodType` = :bloodType:, `homeAddress` = :homeAddress:, `mobileNo` = :mobileNo:, `landline` = :landline:, `email` = :email:, `citizenship` = :citizenship:, `othersCitizenship` = :othersCitizenship:, `naturalizationInfo` = :naturalizationInfo:, `maritalStatus` = :maritalStatus:, `maidenName` = :maidenName:, `spouseName` = :spouseName:, `sssNo` = :sssNo:, `tin` = :tin:, `lifeInsuranceExperience` = :lifeInsuranceExperience:, `traditional` = :traditional:, `variable` = :variable:, `recentInsuranceCompany` = :recentInsuranceCompany:, `highSchool` = :highSchool:, `highSchoolCourse` = :highSchoolCourse:, `highSchoolYear` = :highSchoolYear:, `college` = :college:, `collegeCourse` = :collegeCourse:, `collegeYear` = :collegeYear:, `graduateSchool` = :graduateSchool:, `graduateCourse` = :graduateCourse:, `graduateYear` = :graduateYear:, `companyName1` = :companyName1:, `position1` = :position1:, `employmentFrom1` = :employmentFrom1:, `employmentTo1` = :employmentTo1:, `reason1` = :reason1:, `companyName2` = :companyName2:, `position2` = :position2:, `employmentFrom2` = :employmentFrom2:, `employmentTo2` = :employmentTo2:, `reason2` = :reason2:, `companyName3` = :companyName3:, `position3` = :position3:, `employmentFrom3` = :employmentFrom3:, `employmentTo3` = :employmentTo3:, `reason3` = :reason3:, `companyName` = :companyName:, `resposition` = :resposition:, `contactName` = :contactName:, `contactPosition` = :contactPosition:, `emailAddress` = :emailAddress:, `contactNumber` = :contactNumber:, `yescuremployed` = :yescuremployed:, `nocuremployed` = :nocuremployed:, `allowed` = :allowed:, `notallowed` = :notallowed:, `ifnoProvdtls` = :ifnoProvdtls:, `persontonotif` = :persontonotif:, `moNo` = :moNo:, `n1` = :n1:, `p1` = :p1:, `c1` = :c1:, `e1` = :e1:, `n2` = :n2:, `p2` = :p2:, `c2` = :c2:, `e2` = :e2:, `n3` = :n3:, `p3` = :p3:, `c3` = :c3:, `e3` = :e3:, `g1y` = :g1y:, `g1n` = :g1n:, `accused` = :accused:, `g2y` = :g2y:, `g2n` = :g2n:, `bankruptcy` = :bankruptcy:, `g3y` = :g3y:, `g3n` = :g3n:, `investigated` = :investigated:, `g4y` = :g4y:, `g4n` = :g4n:, `terminat` = :terminat:, `printedName` = :printedName:, `botdate` = :botdate:, `updated_at` = :updated_at:
WHERE `user_id` = :user_id:', [...], false)
 2 SYSTEMPATH\Model.php(385): CodeIgniter\Database\BaseBuilder->update()
 3 SYSTEMPATH\BaseModel.php(949): CodeIgniter\Model->doUpdate(null, [...])
 4 SYSTEMPATH\Model.php(776): CodeIgniter\BaseModel->update(null, [...])
 5 APPPATH\Controllers\AppController.php(555): CodeIgniter\Model->update()
 6 SYSTEMPATH\CodeIgniter.php(919): App\Controllers\AppController->form1sv()
 7 SYSTEMPATH\CodeIgniter.php(494): CodeIgniter\CodeIgniter->runController(Object(App\Controllers\AppController))
 8 SYSTEMPATH\CodeIgniter.php(353): CodeIgniter\CodeIgniter->handleRequest(null, Object(Config\Cache), false)
 9 FCPATH\index.php(79): CodeIgniter\CodeIgniter->run()
10 SYSTEMPATH\Commands\Server\rewrite.php(47): require_once('C:\\CapstoneSystem\\public\\index.php')
ERROR - 2024-06-05 23:34:35 --> mysqli_sql_exception: Unknown column 'updated_at' in 'field list' in C:\CapstoneSystem\system\Database\MySQLi\Connection.php:306
Stack trace:
#0 C:\CapstoneSystem\system\Database\MySQLi\Connection.php(306): mysqli->query('UPDATE `lifecha...', 0)
#1 C:\CapstoneSystem\system\Database\BaseConnection.php(692): CodeIgniter\Database\MySQLi\Connection->execute('UPDATE `lifecha...')
#2 C:\CapstoneSystem\system\Database\BaseConnection.php(606): CodeIgniter\Database\BaseConnection->simpleQuery('UPDATE `lifecha...')
#3 C:\CapstoneSystem\system\Database\BaseBuilder.php(2475): CodeIgniter\Database\BaseConnection->query('UPDATE `lifecha...', Array, false)
#4 C:\CapstoneSystem\system\Model.php(385): CodeIgniter\Database\BaseBuilder->update()
#5 C:\CapstoneSystem\system\BaseModel.php(949): CodeIgniter\Model->doUpdate(NULL, Array)
#6 C:\CapstoneSystem\system\Model.php(776): CodeIgniter\BaseModel->update(NULL, Array)
#7 C:\CapstoneSystem\app\Controllers\AppController.php(555): CodeIgniter\Model->update()
#8 C:\CapstoneSystem\system\CodeIgniter.php(919): App\Controllers\AppController->form1sv()
#9 C:\CapstoneSystem\system\CodeIgniter.php(494): CodeIgniter\CodeIgniter->runController(Object(App\Controllers\AppController))
#10 C:\CapstoneSystem\system\CodeIgniter.php(353): CodeIgniter\CodeIgniter->handleRequest(NULL, Object(Config\Cache), false)
#11 C:\CapstoneSystem\public\index.php(79): CodeIgniter\CodeIgniter->run()
#12 C:\CapstoneSystem\system\Commands\Server\rewrite.php(47): require_once('C:\\CapstoneSyst...')
#13 {main}
CRITICAL - 2024-06-05 23:34:35 --> Unknown column 'updated_at' in 'field list'
in SYSTEMPATH\Database\BaseConnection.php on line 646.
 1 SYSTEMPATH\Database\BaseBuilder.php(2475): CodeIgniter\Database\BaseConnection->query('UPDATE `lifechangerform` SET `user_id` = :user_id.1:, `app_life_token` = :app_life_token:, `position` = :position:, `preferredArea` = :preferredArea:, `referral` = :referral:, `referralBy` = :referralBy:, `onlineAd` = :onlineAd:, `walkIn` = :walkIn:, `othersRef` = :othersRef:, `fname` = :fname:, `nickname` = :nickname:, `birthdate` = :birthdate:, `placeOfBirth` = :placeOfBirth:, `gender` = :gender:, `bloodType` = :bloodType:, `homeAddress` = :homeAddress:, `mobileNo` = :mobileNo:, `landline` = :landline:, `email` = :email:, `citizenship` = :citizenship:, `othersCitizenship` = :othersCitizenship:, `naturalizationInfo` = :naturalizationInfo:, `maritalStatus` = :maritalStatus:, `maidenName` = :maidenName:, `spouseName` = :spouseName:, `sssNo` = :sssNo:, `tin` = :tin:, `lifeInsuranceExperience` = :lifeInsuranceExperience:, `traditional` = :traditional:, `variable` = :variable:, `recentInsuranceCompany` = :recentInsuranceCompany:, `highSchool` = :highSchool:, `highSchoolCourse` = :highSchoolCourse:, `highSchoolYear` = :highSchoolYear:, `college` = :college:, `collegeCourse` = :collegeCourse:, `collegeYear` = :collegeYear:, `graduateSchool` = :graduateSchool:, `graduateCourse` = :graduateCourse:, `graduateYear` = :graduateYear:, `companyName1` = :companyName1:, `position1` = :position1:, `employmentFrom1` = :employmentFrom1:, `employmentTo1` = :employmentTo1:, `reason1` = :reason1:, `companyName2` = :companyName2:, `position2` = :position2:, `employmentFrom2` = :employmentFrom2:, `employmentTo2` = :employmentTo2:, `reason2` = :reason2:, `companyName3` = :companyName3:, `position3` = :position3:, `employmentFrom3` = :employmentFrom3:, `employmentTo3` = :employmentTo3:, `reason3` = :reason3:, `companyName` = :companyName:, `resposition` = :resposition:, `contactName` = :contactName:, `contactPosition` = :contactPosition:, `emailAddress` = :emailAddress:, `contactNumber` = :contactNumber:, `yescuremployed` = :yescuremployed:, `nocuremployed` = :nocuremployed:, `allowed` = :allowed:, `notallowed` = :notallowed:, `ifnoProvdtls` = :ifnoProvdtls:, `persontonotif` = :persontonotif:, `moNo` = :moNo:, `n1` = :n1:, `p1` = :p1:, `c1` = :c1:, `e1` = :e1:, `n2` = :n2:, `p2` = :p2:, `c2` = :c2:, `e2` = :e2:, `n3` = :n3:, `p3` = :p3:, `c3` = :c3:, `e3` = :e3:, `g1y` = :g1y:, `g1n` = :g1n:, `accused` = :accused:, `g2y` = :g2y:, `g2n` = :g2n:, `bankruptcy` = :bankruptcy:, `g3y` = :g3y:, `g3n` = :g3n:, `investigated` = :investigated:, `g4y` = :g4y:, `g4n` = :g4n:, `terminat` = :terminat:, `printedName` = :printedName:, `botdate` = :botdate:, `updated_at` = :updated_at:
WHERE `user_id` = :user_id:', [...], false)
 2 SYSTEMPATH\Model.php(385): CodeIgniter\Database\BaseBuilder->update()
 3 SYSTEMPATH\BaseModel.php(949): CodeIgniter\Model->doUpdate(null, [...])
 4 SYSTEMPATH\Model.php(776): CodeIgniter\BaseModel->update(null, [...])
 5 APPPATH\Controllers\AppController.php(555): CodeIgniter\Model->update()
 6 SYSTEMPATH\CodeIgniter.php(919): App\Controllers\AppController->form1sv()
 7 SYSTEMPATH\CodeIgniter.php(494): CodeIgniter\CodeIgniter->runController(Object(App\Controllers\AppController))
 8 SYSTEMPATH\CodeIgniter.php(353): CodeIgniter\CodeIgniter->handleRequest(null, Object(Config\Cache), false)
 9 FCPATH\index.php(79): CodeIgniter\CodeIgniter->run()
10 SYSTEMPATH\Commands\Server\rewrite.php(47): require_once('C:\\CapstoneSystem\\public\\index.php')
ERROR - 2024-06-05 23:35:16 --> mysqli_sql_exception: Unknown column 'updated_at' in 'field list' in C:\CapstoneSystem\system\Database\MySQLi\Connection.php:306
Stack trace:
#0 C:\CapstoneSystem\system\Database\MySQLi\Connection.php(306): mysqli->query('UPDATE `lifecha...', 0)
#1 C:\CapstoneSystem\system\Database\BaseConnection.php(692): CodeIgniter\Database\MySQLi\Connection->execute('UPDATE `lifecha...')
#2 C:\CapstoneSystem\system\Database\BaseConnection.php(606): CodeIgniter\Database\BaseConnection->simpleQuery('UPDATE `lifecha...')
#3 C:\CapstoneSystem\system\Database\BaseBuilder.php(2475): CodeIgniter\Database\BaseConnection->query('UPDATE `lifecha...', Array, false)
#4 C:\CapstoneSystem\system\Model.php(385): CodeIgniter\Database\BaseBuilder->update()
#5 C:\CapstoneSystem\system\BaseModel.php(949): CodeIgniter\Model->doUpdate(NULL, Array)
#6 C:\CapstoneSystem\system\Model.php(776): CodeIgniter\BaseModel->update(NULL, Array)
#7 C:\CapstoneSystem\app\Controllers\AppController.php(555): CodeIgniter\Model->update()
#8 C:\CapstoneSystem\system\CodeIgniter.php(919): App\Controllers\AppController->form1sv()
#9 C:\CapstoneSystem\system\CodeIgniter.php(494): CodeIgniter\CodeIgniter->runController(Object(App\Controllers\AppController))
#10 C:\CapstoneSystem\system\CodeIgniter.php(353): CodeIgniter\CodeIgniter->handleRequest(NULL, Object(Config\Cache), false)
#11 C:\CapstoneSystem\public\index.php(79): CodeIgniter\CodeIgniter->run()
#12 C:\CapstoneSystem\system\Commands\Server\rewrite.php(47): require_once('C:\\CapstoneSyst...')
#13 {main}
CRITICAL - 2024-06-05 23:35:16 --> Unknown column 'updated_at' in 'field list'
in SYSTEMPATH\Database\BaseConnection.php on line 646.
 1 SYSTEMPATH\Database\BaseBuilder.php(2475): CodeIgniter\Database\BaseConnection->query('UPDATE `lifechangerform` SET `user_id` = :user_id.1:, `app_life_token` = :app_life_token:, `position` = :position:, `preferredArea` = :preferredArea:, `referral` = :referral:, `referralBy` = :referralBy:, `onlineAd` = :onlineAd:, `walkIn` = :walkIn:, `othersRef` = :othersRef:, `fname` = :fname:, `nickname` = :nickname:, `birthdate` = :birthdate:, `placeOfBirth` = :placeOfBirth:, `gender` = :gender:, `bloodType` = :bloodType:, `homeAddress` = :homeAddress:, `mobileNo` = :mobileNo:, `landline` = :landline:, `email` = :email:, `citizenship` = :citizenship:, `othersCitizenship` = :othersCitizenship:, `naturalizationInfo` = :naturalizationInfo:, `maritalStatus` = :maritalStatus:, `maidenName` = :maidenName:, `spouseName` = :spouseName:, `sssNo` = :sssNo:, `tin` = :tin:, `lifeInsuranceExperience` = :lifeInsuranceExperience:, `traditional` = :traditional:, `variable` = :variable:, `recentInsuranceCompany` = :recentInsuranceCompany:, `highSchool` = :highSchool:, `highSchoolCourse` = :highSchoolCourse:, `highSchoolYear` = :highSchoolYear:, `college` = :college:, `collegeCourse` = :collegeCourse:, `collegeYear` = :collegeYear:, `graduateSchool` = :graduateSchool:, `graduateCourse` = :graduateCourse:, `graduateYear` = :graduateYear:, `companyName1` = :companyName1:, `position1` = :position1:, `employmentFrom1` = :employmentFrom1:, `employmentTo1` = :employmentTo1:, `reason1` = :reason1:, `companyName2` = :companyName2:, `position2` = :position2:, `employmentFrom2` = :employmentFrom2:, `employmentTo2` = :employmentTo2:, `reason2` = :reason2:, `companyName3` = :companyName3:, `position3` = :position3:, `employmentFrom3` = :employmentFrom3:, `employmentTo3` = :employmentTo3:, `reason3` = :reason3:, `companyName` = :companyName:, `resposition` = :resposition:, `contactName` = :contactName:, `contactPosition` = :contactPosition:, `emailAddress` = :emailAddress:, `contactNumber` = :contactNumber:, `yescuremployed` = :yescuremployed:, `nocuremployed` = :nocuremployed:, `allowed` = :allowed:, `notallowed` = :notallowed:, `ifnoProvdtls` = :ifnoProvdtls:, `persontonotif` = :persontonotif:, `moNo` = :moNo:, `n1` = :n1:, `p1` = :p1:, `c1` = :c1:, `e1` = :e1:, `n2` = :n2:, `p2` = :p2:, `c2` = :c2:, `e2` = :e2:, `n3` = :n3:, `p3` = :p3:, `c3` = :c3:, `e3` = :e3:, `g1y` = :g1y:, `g1n` = :g1n:, `accused` = :accused:, `g2y` = :g2y:, `g2n` = :g2n:, `bankruptcy` = :bankruptcy:, `g3y` = :g3y:, `g3n` = :g3n:, `investigated` = :investigated:, `g4y` = :g4y:, `g4n` = :g4n:, `terminat` = :terminat:, `printedName` = :printedName:, `botdate` = :botdate:, `updated_at` = :updated_at:
WHERE `user_id` = :user_id:', [...], false)
 2 SYSTEMPATH\Model.php(385): CodeIgniter\Database\BaseBuilder->update()
 3 SYSTEMPATH\BaseModel.php(949): CodeIgniter\Model->doUpdate(null, [...])
 4 SYSTEMPATH\Model.php(776): CodeIgniter\BaseModel->update(null, [...])
 5 APPPATH\Controllers\AppController.php(555): CodeIgniter\Model->update()
 6 SYSTEMPATH\CodeIgniter.php(919): App\Controllers\AppController->form1sv()
 7 SYSTEMPATH\CodeIgniter.php(494): CodeIgniter\CodeIgniter->runController(Object(App\Controllers\AppController))
 8 SYSTEMPATH\CodeIgniter.php(353): CodeIgniter\CodeIgniter->handleRequest(null, Object(Config\Cache), false)
 9 FCPATH\index.php(79): CodeIgniter\CodeIgniter->run()
10 SYSTEMPATH\Commands\Server\rewrite.php(47): require_once('C:\\CapstoneSystem\\public\\index.php')
ERROR - 2024-06-05 23:45:36 --> mysqli_sql_exception: Unknown column 'updated_at' in 'field list' in C:\CapstoneSystem\system\Database\MySQLi\Connection.php:306
Stack trace:
#0 C:\CapstoneSystem\system\Database\MySQLi\Connection.php(306): mysqli->query('UPDATE `lifecha...', 0)
#1 C:\CapstoneSystem\system\Database\BaseConnection.php(692): CodeIgniter\Database\MySQLi\Connection->execute('UPDATE `lifecha...')
#2 C:\CapstoneSystem\system\Database\BaseConnection.php(606): CodeIgniter\Database\BaseConnection->simpleQuery('UPDATE `lifecha...')
#3 C:\CapstoneSystem\system\Database\BaseBuilder.php(2475): CodeIgniter\Database\BaseConnection->query('UPDATE `lifecha...', Array, false)
#4 C:\CapstoneSystem\system\Model.php(385): CodeIgniter\Database\BaseBuilder->update()
#5 C:\CapstoneSystem\system\BaseModel.php(949): CodeIgniter\Model->doUpdate(NULL, Array)
#6 C:\CapstoneSystem\system\Model.php(776): CodeIgniter\BaseModel->update(NULL, Array)
#7 C:\CapstoneSystem\app\Controllers\AppController.php(555): CodeIgniter\Model->update()
#8 C:\CapstoneSystem\system\CodeIgniter.php(919): App\Controllers\AppController->form1sv()
#9 C:\CapstoneSystem\system\CodeIgniter.php(494): CodeIgniter\CodeIgniter->runController(Object(App\Controllers\AppController))
#10 C:\CapstoneSystem\system\CodeIgniter.php(353): CodeIgniter\CodeIgniter->handleRequest(NULL, Object(Config\Cache), false)
#11 C:\CapstoneSystem\public\index.php(79): CodeIgniter\CodeIgniter->run()
#12 C:\CapstoneSystem\system\Commands\Server\rewrite.php(47): require_once('C:\\CapstoneSyst...')
#13 {main}
CRITICAL - 2024-06-05 23:45:36 --> Unknown column 'updated_at' in 'field list'
in SYSTEMPATH\Database\BaseConnection.php on line 646.
 1 SYSTEMPATH\Database\BaseBuilder.php(2475): CodeIgniter\Database\BaseConnection->query('UPDATE `lifechangerform` SET `user_id` = :user_id.1:, `app_life_token` = :app_life_token:, `position` = :position:, `preferredArea` = :preferredArea:, `referral` = :referral:, `referralBy` = :referralBy:, `onlineAd` = :onlineAd:, `walkIn` = :walkIn:, `othersRef` = :othersRef:, `fname` = :fname:, `nickname` = :nickname:, `birthdate` = :birthdate:, `placeOfBirth` = :placeOfBirth:, `gender` = :gender:, `bloodType` = :bloodType:, `homeAddress` = :homeAddress:, `mobileNo` = :mobileNo:, `landline` = :landline:, `email` = :email:, `citizenship` = :citizenship:, `othersCitizenship` = :othersCitizenship:, `naturalizationInfo` = :naturalizationInfo:, `maritalStatus` = :maritalStatus:, `maidenName` = :maidenName:, `spouseName` = :spouseName:, `sssNo` = :sssNo:, `tin` = :tin:, `lifeInsuranceExperience` = :lifeInsuranceExperience:, `traditional` = :traditional:, `variable` = :variable:, `recentInsuranceCompany` = :recentInsuranceCompany:, `highSchool` = :highSchool:, `highSchoolCourse` = :highSchoolCourse:, `highSchoolYear` = :highSchoolYear:, `college` = :college:, `collegeCourse` = :collegeCourse:, `collegeYear` = :collegeYear:, `graduateSchool` = :graduateSchool:, `graduateCourse` = :graduateCourse:, `graduateYear` = :graduateYear:, `companyName1` = :companyName1:, `position1` = :position1:, `employmentFrom1` = :employmentFrom1:, `employmentTo1` = :employmentTo1:, `reason1` = :reason1:, `companyName2` = :companyName2:, `position2` = :position2:, `employmentFrom2` = :employmentFrom2:, `employmentTo2` = :employmentTo2:, `reason2` = :reason2:, `companyName3` = :companyName3:, `position3` = :position3:, `employmentFrom3` = :employmentFrom3:, `employmentTo3` = :employmentTo3:, `reason3` = :reason3:, `companyName` = :companyName:, `resposition` = :resposition:, `contactName` = :contactName:, `contactPosition` = :contactPosition:, `emailAddress` = :emailAddress:, `contactNumber` = :contactNumber:, `yescuremployed` = :yescuremployed:, `nocuremployed` = :nocuremployed:, `allowed` = :allowed:, `notallowed` = :notallowed:, `ifnoProvdtls` = :ifnoProvdtls:, `persontonotif` = :persontonotif:, `moNo` = :moNo:, `n1` = :n1:, `p1` = :p1:, `c1` = :c1:, `e1` = :e1:, `n2` = :n2:, `p2` = :p2:, `c2` = :c2:, `e2` = :e2:, `n3` = :n3:, `p3` = :p3:, `c3` = :c3:, `e3` = :e3:, `g1y` = :g1y:, `g1n` = :g1n:, `accused` = :accused:, `g2y` = :g2y:, `g2n` = :g2n:, `bankruptcy` = :bankruptcy:, `g3y` = :g3y:, `g3n` = :g3n:, `investigated` = :investigated:, `g4y` = :g4y:, `g4n` = :g4n:, `terminat` = :terminat:, `printedName` = :printedName:, `botdate` = :botdate:, `updated_at` = :updated_at:
WHERE `user_id` = :user_id:', [...], false)
 2 SYSTEMPATH\Model.php(385): CodeIgniter\Database\BaseBuilder->update()
 3 SYSTEMPATH\BaseModel.php(949): CodeIgniter\Model->doUpdate(null, [...])
 4 SYSTEMPATH\Model.php(776): CodeIgniter\BaseModel->update(null, [...])
 5 APPPATH\Controllers\AppController.php(555): CodeIgniter\Model->update()
 6 SYSTEMPATH\CodeIgniter.php(919): App\Controllers\AppController->form1sv()
 7 SYSTEMPATH\CodeIgniter.php(494): CodeIgniter\CodeIgniter->runController(Object(App\Controllers\AppController))
 8 SYSTEMPATH\CodeIgniter.php(353): CodeIgniter\CodeIgniter->handleRequest(null, Object(Config\Cache), false)
 9 FCPATH\index.php(79): CodeIgniter\CodeIgniter->run()
10 SYSTEMPATH\Commands\Server\rewrite.php(47): require_once('C:\\CapstoneSystem\\public\\index.php')
