CRITICAL - 2024-06-03 21:09:59 --> Trying to access array offset on value of type null
in APPPATH\Views\Applicant\AppForm1.php on line 92.
 1 APPPATH\Views\Applicant\AppForm1.php(92): CodeIgniter\Debug\Exceptions->errorHandler(2, 'Trying to access array offset on value of type null', 'C:\\CapstoneSystem\\app\\Views\\Applicant\\AppForm1.php', 92)
 2 SYSTEMPATH\View\View.php(226): include('C:\\CapstoneSystem\\app\\Views\\Applicant\\AppForm1.php')
 3 SYSTEMPATH\View\View.php(229): CodeIgniter\View\View->CodeIgniter\View\{closure}()
 4 SYSTEMPATH\Common.php(1188): CodeIgniter\View\View->render('Applicant/AppForm1', [], true)
 5 APPPATH\Controllers\AppController.php(207): view('Applicant/AppForm1', [...])
 6 SYSTEMPATH\CodeIgniter.php(919): App\Controllers\AppController->AppForm1()
 7 SYSTEMPATH\CodeIgniter.php(494): CodeIgniter\CodeIgniter->runController(Object(App\Controllers\AppController))
 8 SYSTEMPATH\CodeIgniter.php(353): CodeIgniter\CodeIgniter->handleRequest(null, Object(Config\Cache), false)
 9 FCPATH\index.php(79): CodeIgniter\CodeIgniter->run()
10 SYSTEMPATH\Commands\Server\rewrite.php(47): require_once('C:\\CapstoneSystem\\public\\index.php')
ERROR - 2024-06-03 21:15:47 --> mysqli_sql_exception: Cannot add or update a child row: a foreign key constraint fails (`erecruit`.`lifechangerform`, CONSTRAINT `fk_life_username` FOREIGN KEY (`username`) REFERENCES `applicant` (`username`) ON DELETE RESTRICT ON UPDATE RESTRICT) in C:\CapstoneSystem\system\Database\MySQLi\Connection.php:306
Stack trace:
#0 C:\CapstoneSystem\system\Database\MySQLi\Connection.php(306): mysqli->query('INSERT INTO `li...', 0)
#1 C:\CapstoneSystem\system\Database\BaseConnection.php(692): CodeIgniter\Database\MySQLi\Connection->execute('INSERT INTO `li...')
#2 C:\CapstoneSystem\system\Database\BaseConnection.php(606): CodeIgniter\Database\BaseConnection->simpleQuery('INSERT INTO `li...')
#3 C:\CapstoneSystem\system\Database\BaseBuilder.php(2308): CodeIgniter\Database\BaseConnection->query('INSERT INTO `li...', Array, false)
#4 C:\CapstoneSystem\system\Model.php(319): CodeIgniter\Database\BaseBuilder->insert()
#5 C:\CapstoneSystem\system\BaseModel.php(788): CodeIgniter\Model->doInsert(Array)
#6 C:\CapstoneSystem\system\Model.php(715): CodeIgniter\BaseModel->insert(Array, true)
#7 C:\CapstoneSystem\app\Controllers\AppController.php(340): CodeIgniter\Model->insert(Array)
#8 C:\CapstoneSystem\system\CodeIgniter.php(919): App\Controllers\AppController->form1sv()
#9 C:\CapstoneSystem\system\CodeIgniter.php(494): CodeIgniter\CodeIgniter->runController(Object(App\Controllers\AppController))
#10 C:\CapstoneSystem\system\CodeIgniter.php(353): CodeIgniter\CodeIgniter->handleRequest(NULL, Object(Config\Cache), false)
#11 C:\CapstoneSystem\public\index.php(79): CodeIgniter\CodeIgniter->run()
#12 C:\CapstoneSystem\system\Commands\Server\rewrite.php(47): require_once('C:\\CapstoneSyst...')
#13 {main}
CRITICAL - 2024-06-03 21:15:47 --> Cannot add or update a child row: a foreign key constraint fails (`erecruit`.`lifechangerform`, CONSTRAINT `fk_life_username` FOREIGN KEY (`username`) REFERENCES `applicant` (`username`) ON DELETE RESTRICT ON UPDATE RESTRICT)
in SYSTEMPATH\Database\BaseConnection.php on line 646.
 1 SYSTEMPATH\Database\BaseBuilder.php(2308): CodeIgniter\Database\BaseConnection->query('INSERT INTO `lifechangerform` (`user_id`, `app_life_token`, `position`, `preferredArea`, `referral`, `referralBy`, `onlineAd`, `walkIn`, `othersRef`, `fname`, `nickname`, `birthdate`, `placeOfBirth`, `gender`, `bloodType`, `homeAddress`, `mobileNo`, `landline`, `email`, `citizenship`, `othersCitizenship`, `naturalizationInfo`, `maritalStatus`, `maidenName`, `spouseName`, `sssNo`, `tin`, `lifeInsuranceExperience`, `traditional`, `variable`, `recentInsuranceCompany`, `highSchool`, `highSchoolCourse`, `highSchoolYear`, `college`, `collegeCourse`, `collegeYear`, `graduateSchool`, `graduateCourse`, `graduateYear`, `companyName1`, `position1`, `employmentFrom1`, `employmentTo1`, `reason1`, `companyName2`, `position2`, `employmentFrom2`, `employmentTo2`, `reason2`, `companyName3`, `position3`, `employmentFrom3`, `employmentTo3`, `reason3`, `companyName`, `resposition`, `contactName`, `contactPosition`, `emailAddress`, `contactNumber`, `yescuremployed`, `nocuremployed`, `allowed`, `notallowed`, `ifnoProvdtls`, `persontonotif`, `moNo`, `n1`, `p1`, `c1`, `e1`, `n2`, `p2`, `c2`, `e2`, `n3`, `p3`, `c3`, `e3`, `g1y`, `g1n`, `accused`, `g2y`, `g2n`, `bankruptcy`, `g3y`, `g3n`, `investigated`, `g4y`, `g4n`, `terminat`, `printedName`, `botdate`, `signature`) VALUES (:user_id:, :app_life_token:, :position:, :preferredArea:, :referral:, :referralBy:, :onlineAd:, :walkIn:, :othersRef:, :fname:, :nickname:, :birthdate:, :placeOfBirth:, :gender:, :bloodType:, :homeAddress:, :mobileNo:, :landline:, :email:, :citizenship:, :othersCitizenship:, :naturalizationInfo:, :maritalStatus:, :maidenName:, :spouseName:, :sssNo:, :tin:, :lifeInsuranceExperience:, :traditional:, :variable:, :recentInsuranceCompany:, :highSchool:, :highSchoolCourse:, :highSchoolYear:, :college:, :collegeCourse:, :collegeYear:, :graduateSchool:, :graduateCourse:, :graduateYear:, :companyName1:, :position1:, :employmentFrom1:, :employmentTo1:, :reason1:, :companyName2:, :position2:, :employmentFrom2:, :employmentTo2:, :reason2:, :companyName3:, :position3:, :employmentFrom3:, :employmentTo3:, :reason3:, :companyName:, :resposition:, :contactName:, :contactPosition:, :emailAddress:, :contactNumber:, :yescuremployed:, :nocuremployed:, :allowed:, :notallowed:, :ifnoProvdtls:, :persontonotif:, :moNo:, :n1:, :p1:, :c1:, :e1:, :n2:, :p2:, :c2:, :e2:, :n3:, :p3:, :c3:, :e3:, :g1y:, :g1n:, :accused:, :g2y:, :g2n:, :bankruptcy:, :g3y:, :g3n:, :investigated:, :g4y:, :g4n:, :terminat:, :printedName:, :botdate:, :signature:)', [...], false)
 2 SYSTEMPATH\Model.php(319): CodeIgniter\Database\BaseBuilder->insert()
 3 SYSTEMPATH\BaseModel.php(788): CodeIgniter\Model->doInsert([...])
 4 SYSTEMPATH\Model.php(715): CodeIgniter\BaseModel->insert([...], true)
 5 APPPATH\Controllers\AppController.php(340): CodeIgniter\Model->insert([...])
 6 SYSTEMPATH\CodeIgniter.php(919): App\Controllers\AppController->form1sv()
 7 SYSTEMPATH\CodeIgniter.php(494): CodeIgniter\CodeIgniter->runController(Object(App\Controllers\AppController))
 8 SYSTEMPATH\CodeIgniter.php(353): CodeIgniter\CodeIgniter->handleRequest(null, Object(Config\Cache), false)
 9 FCPATH\index.php(79): CodeIgniter\CodeIgniter->run()
10 SYSTEMPATH\Commands\Server\rewrite.php(47): require_once('C:\\CapstoneSystem\\public\\index.php')
ERROR - 2024-06-03 22:07:53 --> mysqli_sql_exception: Unknown column 'user_id' in 'where clause' in C:\CapstoneSystem\system\Database\MySQLi\Connection.php:306
Stack trace:
#0 C:\CapstoneSystem\system\Database\MySQLi\Connection.php(306): mysqli->query('UPDATE `aonff` ...', 0)
#1 C:\CapstoneSystem\system\Database\BaseConnection.php(692): CodeIgniter\Database\MySQLi\Connection->execute('UPDATE `aonff` ...')
#2 C:\CapstoneSystem\system\Database\BaseConnection.php(606): CodeIgniter\Database\BaseConnection->simpleQuery('UPDATE `aonff` ...')
#3 C:\CapstoneSystem\system\Database\BaseBuilder.php(2475): CodeIgniter\Database\BaseConnection->query('UPDATE `aonff` ...', Array, false)
#4 C:\CapstoneSystem\system\Model.php(385): CodeIgniter\Database\BaseBuilder->update()
#5 C:\CapstoneSystem\system\BaseModel.php(949): CodeIgniter\Model->doUpdate(NULL, Array)
#6 C:\CapstoneSystem\system\Model.php(776): CodeIgniter\BaseModel->update(NULL, Array)
#7 C:\CapstoneSystem\app\Controllers\AppController.php(607): CodeIgniter\Model->update()
#8 C:\CapstoneSystem\system\CodeIgniter.php(919): App\Controllers\AppController->form4sv()
#9 C:\CapstoneSystem\system\CodeIgniter.php(494): CodeIgniter\CodeIgniter->runController(Object(App\Controllers\AppController))
#10 C:\CapstoneSystem\system\CodeIgniter.php(353): CodeIgniter\CodeIgniter->handleRequest(NULL, Object(Config\Cache), false)
#11 C:\CapstoneSystem\public\index.php(79): CodeIgniter\CodeIgniter->run()
#12 C:\CapstoneSystem\system\Commands\Server\rewrite.php(47): require_once('C:\\CapstoneSyst...')
#13 {main}
CRITICAL - 2024-06-03 22:07:53 --> Unknown column 'user_id' in 'where clause'
in SYSTEMPATH\Database\BaseConnection.php on line 646.
 1 SYSTEMPATH\Database\BaseBuilder.php(2475): CodeIgniter\Database\BaseConnection->query('UPDATE `aonff` SET `applicant_id` = :applicant_id:, `app_aonff_token` = :app_aonff_token:, `name` = :name:, `place` = :place:, `reason` = :reason:, `day` = :day:, `month` = :month:, `year` = :year:, `affiant` = :affiant:, `ctc_no` = :ctc_no:, `witness_place` = :witness_place:, `ctc_issue_date` = :ctc_issue_date:, `ctc_issue_place` = :ctc_issue_place:, `sworn_day` = :sworn_day:, `sworn_month` = :sworn_month:, `sworn_year` = :sworn_year:
WHERE `user_id` = :user_id:', [...], false)
 2 SYSTEMPATH\Model.php(385): CodeIgniter\Database\BaseBuilder->update()
 3 SYSTEMPATH\BaseModel.php(949): CodeIgniter\Model->doUpdate(null, [...])
 4 SYSTEMPATH\Model.php(776): CodeIgniter\BaseModel->update(null, [...])
 5 APPPATH\Controllers\AppController.php(607): CodeIgniter\Model->update()
 6 SYSTEMPATH\CodeIgniter.php(919): App\Controllers\AppController->form4sv()
 7 SYSTEMPATH\CodeIgniter.php(494): CodeIgniter\CodeIgniter->runController(Object(App\Controllers\AppController))
 8 SYSTEMPATH\CodeIgniter.php(353): CodeIgniter\CodeIgniter->handleRequest(null, Object(Config\Cache), false)
 9 FCPATH\index.php(79): CodeIgniter\CodeIgniter->run()
10 SYSTEMPATH\Commands\Server\rewrite.php(47): require_once('C:\\CapstoneSystem\\public\\index.php')
CRITICAL - 2024-06-03 22:18:46 --> Call to a member function where() on null
in APPPATH\Controllers\AppController.php on line 631.
 1 SYSTEMPATH\CodeIgniter.php(919): App\Controllers\AppController->form5sv()
 2 SYSTEMPATH\CodeIgniter.php(494): CodeIgniter\CodeIgniter->runController(Object(App\Controllers\AppController))
 3 SYSTEMPATH\CodeIgniter.php(353): CodeIgniter\CodeIgniter->handleRequest(null, Object(Config\Cache), false)
 4 FCPATH\index.php(79): CodeIgniter\CodeIgniter->run()
 5 SYSTEMPATH\Commands\Server\rewrite.php(47): require_once('C:\\CapstoneSystem\\public\\index.php')
CRITICAL - 2024-06-03 22:19:49 --> Call to a member function where() on null
in APPPATH\Controllers\AppController.php on line 631.
 1 SYSTEMPATH\CodeIgniter.php(919): App\Controllers\AppController->form5sv()
 2 SYSTEMPATH\CodeIgniter.php(494): CodeIgniter\CodeIgniter->runController(Object(App\Controllers\AppController))
 3 SYSTEMPATH\CodeIgniter.php(353): CodeIgniter\CodeIgniter->handleRequest(null, Object(Config\Cache), false)
 4 FCPATH\index.php(79): CodeIgniter\CodeIgniter->run()
 5 SYSTEMPATH\Commands\Server\rewrite.php(47): require_once('C:\\CapstoneSystem\\public\\index.php')
