ERROR - 2024-07-05 11:00:57 --> mysqli_sql_exception: Table 'erecruit.notification' doesn't exist in C:\laragon\www\CapstoneSystem\system\Database\MySQLi\Connection.php:306
Stack trace:
#0 C:\laragon\www\CapstoneSystem\system\Database\MySQLi\Connection.php(306): mysqli->query('SELECT *\nFROM `...', 0)
#1 C:\laragon\www\CapstoneSystem\system\Database\BaseConnection.php(692): CodeIgniter\Database\MySQLi\Connection->execute('SELECT *\nFROM `...')
#2 C:\laragon\www\CapstoneSystem\system\Database\BaseConnection.php(606): CodeIgniter\Database\BaseConnection->simpleQuery('SELECT *\nFROM `...')
#3 C:\laragon\www\CapstoneSystem\system\Database\BaseBuilder.php(1615): CodeIgniter\Database\BaseConnection->query('SELECT *\nFROM `...', Array, false)
#4 C:\laragon\www\CapstoneSystem\system\Model.php(237): CodeIgniter\Database\BaseBuilder->get()
#5 C:\laragon\www\CapstoneSystem\system\BaseModel.php(624): CodeIgniter\Model->doFindAll(0, 0)
#6 C:\laragon\www\CapstoneSystem\app\Controllers\AdminController.php(83): CodeIgniter\BaseModel->findAll()
#7 C:\laragon\www\CapstoneSystem\app\Controllers\AdminController.php(74): App\Controllers\AdminController->notif()
#8 C:\laragon\www\CapstoneSystem\system\CodeIgniter.php(919): App\Controllers\AdminController->AdDash()
#9 C:\laragon\www\CapstoneSystem\system\CodeIgniter.php(494): CodeIgniter\CodeIgniter->runController(Object(App\Controllers\AdminController))
#10 C:\laragon\www\CapstoneSystem\system\CodeIgniter.php(353): CodeIgniter\CodeIgniter->handleRequest(NULL, Object(Config\Cache), false)
#11 C:\laragon\www\CapstoneSystem\public\index.php(79): CodeIgniter\CodeIgniter->run()
#12 C:\laragon\www\CapstoneSystem\system\Commands\Server\rewrite.php(47): require_once('C:\\laragon\\www\\...')
#13 {main}
CRITICAL - 2024-07-05 11:00:57 --> Table 'erecruit.notification' doesn't exist
in SYSTEMPATH\Database\BaseConnection.php on line 646.
 1 SYSTEMPATH\Database\BaseBuilder.php(1615): CodeIgniter\Database\BaseConnection->query('SELECT *
FROM `notification`
WHERE `role` = :role:
ORDER BY `created_at` DESC', [...], false)
 2 SYSTEMPATH\Model.php(237): CodeIgniter\Database\BaseBuilder->get()
 3 SYSTEMPATH\BaseModel.php(624): CodeIgniter\Model->doFindAll(0, 0)
 4 APPPATH\Controllers\AdminController.php(83): CodeIgniter\BaseModel->findAll()
 5 APPPATH\Controllers\AdminController.php(74): App\Controllers\AdminController->notif()
 6 SYSTEMPATH\CodeIgniter.php(919): App\Controllers\AdminController->AdDash()
 7 SYSTEMPATH\CodeIgniter.php(494): CodeIgniter\CodeIgniter->runController(Object(App\Controllers\AdminController))
 8 SYSTEMPATH\CodeIgniter.php(353): CodeIgniter\CodeIgniter->handleRequest(null, Object(Config\Cache), false)
 9 FCPATH\index.php(79): CodeIgniter\CodeIgniter->run()
10 SYSTEMPATH\Commands\Server\rewrite.php(47): require_once('C:\\laragon\\www\\CapstoneSystem\\public\\index.php')
ERROR - 2024-07-05 11:02:10 --> mysqli_sql_exception: Table 'erecruit.notification' doesn't exist in C:\laragon\www\CapstoneSystem\system\Database\MySQLi\Connection.php:306
Stack trace:
#0 C:\laragon\www\CapstoneSystem\system\Database\MySQLi\Connection.php(306): mysqli->query('SELECT *\nFROM `...', 0)
#1 C:\laragon\www\CapstoneSystem\system\Database\BaseConnection.php(692): CodeIgniter\Database\MySQLi\Connection->execute('SELECT *\nFROM `...')
#2 C:\laragon\www\CapstoneSystem\system\Database\BaseConnection.php(606): CodeIgniter\Database\BaseConnection->simpleQuery('SELECT *\nFROM `...')
#3 C:\laragon\www\CapstoneSystem\system\Database\BaseBuilder.php(1615): CodeIgniter\Database\BaseConnection->query('SELECT *\nFROM `...', Array, false)
#4 C:\laragon\www\CapstoneSystem\system\Model.php(237): CodeIgniter\Database\BaseBuilder->get()
#5 C:\laragon\www\CapstoneSystem\system\BaseModel.php(624): CodeIgniter\Model->doFindAll(0, 0)
#6 C:\laragon\www\CapstoneSystem\app\Controllers\AdminController.php(83): CodeIgniter\BaseModel->findAll()
#7 C:\laragon\www\CapstoneSystem\app\Controllers\AdminController.php(74): App\Controllers\AdminController->notif()
#8 C:\laragon\www\CapstoneSystem\system\CodeIgniter.php(919): App\Controllers\AdminController->AdDash()
#9 C:\laragon\www\CapstoneSystem\system\CodeIgniter.php(494): CodeIgniter\CodeIgniter->runController(Object(App\Controllers\AdminController))
#10 C:\laragon\www\CapstoneSystem\system\CodeIgniter.php(353): CodeIgniter\CodeIgniter->handleRequest(NULL, Object(Config\Cache), false)
#11 C:\laragon\www\CapstoneSystem\public\index.php(79): CodeIgniter\CodeIgniter->run()
#12 C:\laragon\www\CapstoneSystem\system\Commands\Server\rewrite.php(47): require_once('C:\\laragon\\www\\...')
#13 {main}
CRITICAL - 2024-07-05 11:02:10 --> Table 'erecruit.notification' doesn't exist
in SYSTEMPATH\Database\BaseConnection.php on line 646.
 1 SYSTEMPATH\Database\BaseBuilder.php(1615): CodeIgniter\Database\BaseConnection->query('SELECT *
FROM `notification`
WHERE `role` = :role:
ORDER BY `created_at` DESC', [...], false)
 2 SYSTEMPATH\Model.php(237): CodeIgniter\Database\BaseBuilder->get()
 3 SYSTEMPATH\BaseModel.php(624): CodeIgniter\Model->doFindAll(0, 0)
 4 APPPATH\Controllers\AdminController.php(83): CodeIgniter\BaseModel->findAll()
 5 APPPATH\Controllers\AdminController.php(74): App\Controllers\AdminController->notif()
 6 SYSTEMPATH\CodeIgniter.php(919): App\Controllers\AdminController->AdDash()
 7 SYSTEMPATH\CodeIgniter.php(494): CodeIgniter\CodeIgniter->runController(Object(App\Controllers\AdminController))
 8 SYSTEMPATH\CodeIgniter.php(353): CodeIgniter\CodeIgniter->handleRequest(null, Object(Config\Cache), false)
 9 FCPATH\index.php(79): CodeIgniter\CodeIgniter->run()
10 SYSTEMPATH\Commands\Server\rewrite.php(47): require_once('C:\\laragon\\www\\CapstoneSystem\\public\\index.php')
ERROR - 2024-07-05 11:08:51 --> mysqli_sql_exception: Table 'erecruit.e-signature' doesn't exist in C:\laragon\www\CapstoneSystem\system\Database\MySQLi\Connection.php:306
Stack trace:
#0 C:\laragon\www\CapstoneSystem\system\Database\MySQLi\Connection.php(306): mysqli->query('SELECT *\nFROM `...', 0)
#1 C:\laragon\www\CapstoneSystem\system\Database\BaseConnection.php(692): CodeIgniter\Database\MySQLi\Connection->execute('SELECT *\nFROM `...')
#2 C:\laragon\www\CapstoneSystem\system\Database\BaseConnection.php(606): CodeIgniter\Database\BaseConnection->simpleQuery('SELECT *\nFROM `...')
#3 C:\laragon\www\CapstoneSystem\system\Database\BaseBuilder.php(1615): CodeIgniter\Database\BaseConnection->query('SELECT *\nFROM `...', Array, false)
#4 C:\laragon\www\CapstoneSystem\system\Model.php(264): CodeIgniter\Database\BaseBuilder->get()
#5 C:\laragon\www\CapstoneSystem\system\BaseModel.php(662): CodeIgniter\Model->doFirst()
#6 C:\laragon\www\CapstoneSystem\app\Controllers\AppController.php(146): CodeIgniter\BaseModel->first()
#7 C:\laragon\www\CapstoneSystem\app\Controllers\AgentController.php(241): App\Controllers\AppController->esign()
#8 C:\laragon\www\CapstoneSystem\system\CodeIgniter.php(919): App\Controllers\AgentController->Agsignature()
#9 C:\laragon\www\CapstoneSystem\system\CodeIgniter.php(494): CodeIgniter\CodeIgniter->runController(Object(App\Controllers\AgentController))
#10 C:\laragon\www\CapstoneSystem\system\CodeIgniter.php(353): CodeIgniter\CodeIgniter->handleRequest(NULL, Object(Config\Cache), false)
#11 C:\laragon\www\CapstoneSystem\public\index.php(79): CodeIgniter\CodeIgniter->run()
#12 C:\laragon\www\CapstoneSystem\system\Commands\Server\rewrite.php(47): require_once('C:\\laragon\\www\\...')
#13 {main}
CRITICAL - 2024-07-05 11:08:51 --> Table 'erecruit.e-signature' doesn't exist
in SYSTEMPATH\Database\BaseConnection.php on line 646.
 1 SYSTEMPATH\Database\BaseBuilder.php(1615): CodeIgniter\Database\BaseConnection->query('SELECT *
FROM `e-signature`
WHERE `user_id` = :user_id:
 LIMIT 1', [...], false)
 2 SYSTEMPATH\Model.php(264): CodeIgniter\Database\BaseBuilder->get()
 3 SYSTEMPATH\BaseModel.php(662): CodeIgniter\Model->doFirst()
 4 APPPATH\Controllers\AppController.php(146): CodeIgniter\BaseModel->first()
 5 APPPATH\Controllers\AgentController.php(241): App\Controllers\AppController->esign()
 6 SYSTEMPATH\CodeIgniter.php(919): App\Controllers\AgentController->Agsignature()
 7 SYSTEMPATH\CodeIgniter.php(494): CodeIgniter\CodeIgniter->runController(Object(App\Controllers\AgentController))
 8 SYSTEMPATH\CodeIgniter.php(353): CodeIgniter\CodeIgniter->handleRequest(null, Object(Config\Cache), false)
 9 FCPATH\index.php(79): CodeIgniter\CodeIgniter->run()
10 SYSTEMPATH\Commands\Server\rewrite.php(47): require_once('C:\\laragon\\www\\CapstoneSystem\\public\\index.php')
ERROR - 2024-07-05 11:15:15 --> mysqli_sql_exception: Cannot add or update a child row: a foreign key constraint fails (`erecruit`.`e-signature`, CONSTRAINT `fk_esign_token` FOREIGN KEY (`user_token`) REFERENCES `users` (`token`) ON DELETE CASCADE ON UPDATE CASCADE) in C:\laragon\www\CapstoneSystem\system\Database\MySQLi\Connection.php:306
Stack trace:
#0 C:\laragon\www\CapstoneSystem\system\Database\MySQLi\Connection.php(306): mysqli->query('UPDATE `e-signa...', 0)
#1 C:\laragon\www\CapstoneSystem\system\Database\BaseConnection.php(692): CodeIgniter\Database\MySQLi\Connection->execute('UPDATE `e-signa...')
#2 C:\laragon\www\CapstoneSystem\system\Database\BaseConnection.php(606): CodeIgniter\Database\BaseConnection->simpleQuery('UPDATE `e-signa...')
#3 C:\laragon\www\CapstoneSystem\system\Database\BaseBuilder.php(2475): CodeIgniter\Database\BaseConnection->query('UPDATE `e-signa...', Array, false)
#4 C:\laragon\www\CapstoneSystem\system\Model.php(385): CodeIgniter\Database\BaseBuilder->update()
#5 C:\laragon\www\CapstoneSystem\system\BaseModel.php(949): CodeIgniter\Model->doUpdate(NULL, Array)
#6 C:\laragon\www\CapstoneSystem\system\Model.php(776): CodeIgniter\BaseModel->update(NULL, Array)
#7 C:\laragon\www\CapstoneSystem\app\Controllers\AppController.php(190): CodeIgniter\Model->update()
#8 C:\laragon\www\CapstoneSystem\system\CodeIgniter.php(919): App\Controllers\AppController->signsave()
#9 C:\laragon\www\CapstoneSystem\system\CodeIgniter.php(494): CodeIgniter\CodeIgniter->runController(Object(App\Controllers\AppController))
#10 C:\laragon\www\CapstoneSystem\system\CodeIgniter.php(353): CodeIgniter\CodeIgniter->handleRequest(NULL, Object(Config\Cache), false)
#11 C:\laragon\www\CapstoneSystem\public\index.php(79): CodeIgniter\CodeIgniter->run()
#12 C:\laragon\www\CapstoneSystem\system\Commands\Server\rewrite.php(47): require_once('C:\\laragon\\www\\...')
#13 {main}
CRITICAL - 2024-07-05 11:15:15 --> Cannot add or update a child row: a foreign key constraint fails (`erecruit`.`e-signature`, CONSTRAINT `fk_esign_token` FOREIGN KEY (`user_token`) REFERENCES `users` (`token`) ON DELETE CASCADE ON UPDATE CASCADE)
in SYSTEMPATH\Database\BaseConnection.php on line 646.
 1 SYSTEMPATH\Database\BaseBuilder.php(2475): CodeIgniter\Database\BaseConnection->query('UPDATE `e-signature` SET `user_id` = :user_id.1:, `user_token` = :user_token:, `signature` = :signature:, `updated_at` = :updated_at:
WHERE `user_id` = :user_id:', [...], false)
 2 SYSTEMPATH\Model.php(385): CodeIgniter\Database\BaseBuilder->update()
 3 SYSTEMPATH\BaseModel.php(949): CodeIgniter\Model->doUpdate(null, [...])
 4 SYSTEMPATH\Model.php(776): CodeIgniter\BaseModel->update(null, [...])
 5 APPPATH\Controllers\AppController.php(190): CodeIgniter\Model->update()
 6 SYSTEMPATH\CodeIgniter.php(919): App\Controllers\AppController->signsave()
 7 SYSTEMPATH\CodeIgniter.php(494): CodeIgniter\CodeIgniter->runController(Object(App\Controllers\AppController))
 8 SYSTEMPATH\CodeIgniter.php(353): CodeIgniter\CodeIgniter->handleRequest(null, Object(Config\Cache), false)
 9 FCPATH\index.php(79): CodeIgniter\CodeIgniter->run()
10 SYSTEMPATH\Commands\Server\rewrite.php(47): require_once('C:\\laragon\\www\\CapstoneSystem\\public\\index.php')
ERROR - 2024-07-05 11:15:19 --> mysqli_sql_exception: Cannot add or update a child row: a foreign key constraint fails (`erecruit`.`e-signature`, CONSTRAINT `fk_esign_token` FOREIGN KEY (`user_token`) REFERENCES `users` (`token`) ON DELETE CASCADE ON UPDATE CASCADE) in C:\laragon\www\CapstoneSystem\system\Database\MySQLi\Connection.php:306
Stack trace:
#0 C:\laragon\www\CapstoneSystem\system\Database\MySQLi\Connection.php(306): mysqli->query('UPDATE `e-signa...', 0)
#1 C:\laragon\www\CapstoneSystem\system\Database\BaseConnection.php(692): CodeIgniter\Database\MySQLi\Connection->execute('UPDATE `e-signa...')
#2 C:\laragon\www\CapstoneSystem\system\Database\BaseConnection.php(606): CodeIgniter\Database\BaseConnection->simpleQuery('UPDATE `e-signa...')
#3 C:\laragon\www\CapstoneSystem\system\Database\BaseBuilder.php(2475): CodeIgniter\Database\BaseConnection->query('UPDATE `e-signa...', Array, false)
#4 C:\laragon\www\CapstoneSystem\system\Model.php(385): CodeIgniter\Database\BaseBuilder->update()
#5 C:\laragon\www\CapstoneSystem\system\BaseModel.php(949): CodeIgniter\Model->doUpdate(NULL, Array)
#6 C:\laragon\www\CapstoneSystem\system\Model.php(776): CodeIgniter\BaseModel->update(NULL, Array)
#7 C:\laragon\www\CapstoneSystem\app\Controllers\AppController.php(190): CodeIgniter\Model->update()
#8 C:\laragon\www\CapstoneSystem\system\CodeIgniter.php(919): App\Controllers\AppController->signsave()
#9 C:\laragon\www\CapstoneSystem\system\CodeIgniter.php(494): CodeIgniter\CodeIgniter->runController(Object(App\Controllers\AppController))
#10 C:\laragon\www\CapstoneSystem\system\CodeIgniter.php(353): CodeIgniter\CodeIgniter->handleRequest(NULL, Object(Config\Cache), false)
#11 C:\laragon\www\CapstoneSystem\public\index.php(79): CodeIgniter\CodeIgniter->run()
#12 C:\laragon\www\CapstoneSystem\system\Commands\Server\rewrite.php(47): require_once('C:\\laragon\\www\\...')
#13 {main}
CRITICAL - 2024-07-05 11:15:19 --> Cannot add or update a child row: a foreign key constraint fails (`erecruit`.`e-signature`, CONSTRAINT `fk_esign_token` FOREIGN KEY (`user_token`) REFERENCES `users` (`token`) ON DELETE CASCADE ON UPDATE CASCADE)
in SYSTEMPATH\Database\BaseConnection.php on line 646.
 1 SYSTEMPATH\Database\BaseBuilder.php(2475): CodeIgniter\Database\BaseConnection->query('UPDATE `e-signature` SET `user_id` = :user_id.1:, `user_token` = :user_token:, `signature` = :signature:, `updated_at` = :updated_at:
WHERE `user_id` = :user_id:', [...], false)
 2 SYSTEMPATH\Model.php(385): CodeIgniter\Database\BaseBuilder->update()
 3 SYSTEMPATH\BaseModel.php(949): CodeIgniter\Model->doUpdate(null, [...])
 4 SYSTEMPATH\Model.php(776): CodeIgniter\BaseModel->update(null, [...])
 5 APPPATH\Controllers\AppController.php(190): CodeIgniter\Model->update()
 6 SYSTEMPATH\CodeIgniter.php(919): App\Controllers\AppController->signsave()
 7 SYSTEMPATH\CodeIgniter.php(494): CodeIgniter\CodeIgniter->runController(Object(App\Controllers\AppController))
 8 SYSTEMPATH\CodeIgniter.php(353): CodeIgniter\CodeIgniter->handleRequest(null, Object(Config\Cache), false)
 9 FCPATH\index.php(79): CodeIgniter\CodeIgniter->run()
10 SYSTEMPATH\Commands\Server\rewrite.php(47): require_once('C:\\laragon\\www\\CapstoneSystem\\public\\index.php')
