ERROR - 2024-06-04 20:31:47 --> mysqli_sql_exception: Cannot delete or update a parent row: a foreign key constraint fails (`erecruit`.`aonff`, CONSTRAINT `fk_aonff_app_token` FOREIGN KEY (`app_aonff_token`) REFERENCES `applicant` (`app_token`) ON DELETE RESTRICT ON UPDATE RESTRICT) in C:\CapstoneSystem\system\Database\MySQLi\Connection.php:306
Stack trace:
#0 C:\CapstoneSystem\system\Database\MySQLi\Connection.php(306): mysqli->query('UPDATE `users` ...', 0)
#1 C:\CapstoneSystem\system\Database\BaseConnection.php(692): CodeIgniter\Database\MySQLi\Connection->execute('UPDATE `users` ...')
#2 C:\CapstoneSystem\system\Database\BaseConnection.php(606): CodeIgniter\Database\BaseConnection->simpleQuery('UPDATE `users` ...')
#3 C:\CapstoneSystem\system\Database\BaseBuilder.php(2475): CodeIgniter\Database\BaseConnection->query('UPDATE `users` ...', Array, false)
#4 C:\CapstoneSystem\system\Model.php(385): CodeIgniter\Database\BaseBuilder->update()
#5 C:\CapstoneSystem\system\BaseModel.php(949): CodeIgniter\Model->doUpdate(Array, Array)
#6 C:\CapstoneSystem\system\Model.php(776): CodeIgniter\BaseModel->update(Array, Array)
#7 C:\CapstoneSystem\app\Controllers\HomepageController.php(56): CodeIgniter\Model->update('134', Array)
#8 C:\CapstoneSystem\system\CodeIgniter.php(919): App\Controllers\HomepageController->logout()
#9 C:\CapstoneSystem\system\CodeIgniter.php(494): CodeIgniter\CodeIgniter->runController(Object(App\Controllers\HomepageController))
#10 C:\CapstoneSystem\system\CodeIgniter.php(353): CodeIgniter\CodeIgniter->handleRequest(NULL, Object(Config\Cache), false)
#11 C:\CapstoneSystem\public\index.php(79): CodeIgniter\CodeIgniter->run()
#12 C:\CapstoneSystem\system\Commands\Server\rewrite.php(47): require_once('C:\\CapstoneSyst...')
#13 {main}
CRITICAL - 2024-06-04 20:31:47 --> Cannot delete or update a parent row: a foreign key constraint fails (`erecruit`.`aonff`, CONSTRAINT `fk_aonff_app_token` FOREIGN KEY (`app_aonff_token`) REFERENCES `applicant` (`app_token`) ON DELETE RESTRICT ON UPDATE RESTRICT)
in SYSTEMPATH\Database\BaseConnection.php on line 646.
 1 SYSTEMPATH\Database\BaseBuilder.php(2475): CodeIgniter\Database\BaseConnection->query('UPDATE `users` SET `token` = :token:
WHERE `users`.`id` IN :users.id:', [...], false)
 2 SYSTEMPATH\Model.php(385): CodeIgniter\Database\BaseBuilder->update()
 3 SYSTEMPATH\BaseModel.php(949): CodeIgniter\Model->doUpdate([...], [...])
 4 SYSTEMPATH\Model.php(776): CodeIgniter\BaseModel->update([...], [...])
 5 APPPATH\Controllers\HomepageController.php(56): CodeIgniter\Model->update('134', [...])
 6 SYSTEMPATH\CodeIgniter.php(919): App\Controllers\HomepageController->logout()
 7 SYSTEMPATH\CodeIgniter.php(494): CodeIgniter\CodeIgniter->runController(Object(App\Controllers\HomepageController))
 8 SYSTEMPATH\CodeIgniter.php(353): CodeIgniter\CodeIgniter->handleRequest(null, Object(Config\Cache), false)
 9 FCPATH\index.php(79): CodeIgniter\CodeIgniter->run()
10 SYSTEMPATH\Commands\Server\rewrite.php(47): require_once('C:\\CapstoneSystem\\public\\index.php')
ERROR - 2024-06-04 20:31:59 --> mysqli_sql_exception: Cannot delete or update a parent row: a foreign key constraint fails (`erecruit`.`aonff`, CONSTRAINT `fk_aonff_app_token` FOREIGN KEY (`app_aonff_token`) REFERENCES `applicant` (`app_token`) ON DELETE RESTRICT ON UPDATE RESTRICT) in C:\CapstoneSystem\system\Database\MySQLi\Connection.php:306
Stack trace:
#0 C:\CapstoneSystem\system\Database\MySQLi\Connection.php(306): mysqli->query('UPDATE `users` ...', 0)
#1 C:\CapstoneSystem\system\Database\BaseConnection.php(692): CodeIgniter\Database\MySQLi\Connection->execute('UPDATE `users` ...')
#2 C:\CapstoneSystem\system\Database\BaseConnection.php(606): CodeIgniter\Database\BaseConnection->simpleQuery('UPDATE `users` ...')
#3 C:\CapstoneSystem\system\Database\BaseBuilder.php(2475): CodeIgniter\Database\BaseConnection->query('UPDATE `users` ...', Array, false)
#4 C:\CapstoneSystem\system\Model.php(385): CodeIgniter\Database\BaseBuilder->update()
#5 C:\CapstoneSystem\system\BaseModel.php(949): CodeIgniter\Model->doUpdate(Array, Array)
#6 C:\CapstoneSystem\system\Model.php(776): CodeIgniter\BaseModel->update(Array, Array)
#7 C:\CapstoneSystem\app\Controllers\HomepageController.php(56): CodeIgniter\Model->update('134', Array)
#8 C:\CapstoneSystem\system\CodeIgniter.php(919): App\Controllers\HomepageController->logout()
#9 C:\CapstoneSystem\system\CodeIgniter.php(494): CodeIgniter\CodeIgniter->runController(Object(App\Controllers\HomepageController))
#10 C:\CapstoneSystem\system\CodeIgniter.php(353): CodeIgniter\CodeIgniter->handleRequest(NULL, Object(Config\Cache), false)
#11 C:\CapstoneSystem\public\index.php(79): CodeIgniter\CodeIgniter->run()
#12 C:\CapstoneSystem\system\Commands\Server\rewrite.php(47): require_once('C:\\CapstoneSyst...')
#13 {main}
CRITICAL - 2024-06-04 20:31:59 --> Cannot delete or update a parent row: a foreign key constraint fails (`erecruit`.`aonff`, CONSTRAINT `fk_aonff_app_token` FOREIGN KEY (`app_aonff_token`) REFERENCES `applicant` (`app_token`) ON DELETE RESTRICT ON UPDATE RESTRICT)
in SYSTEMPATH\Database\BaseConnection.php on line 646.
 1 SYSTEMPATH\Database\BaseBuilder.php(2475): CodeIgniter\Database\BaseConnection->query('UPDATE `users` SET `token` = :token:
WHERE `users`.`id` IN :users.id:', [...], false)
 2 SYSTEMPATH\Model.php(385): CodeIgniter\Database\BaseBuilder->update()
 3 SYSTEMPATH\BaseModel.php(949): CodeIgniter\Model->doUpdate([...], [...])
 4 SYSTEMPATH\Model.php(776): CodeIgniter\BaseModel->update([...], [...])
 5 APPPATH\Controllers\HomepageController.php(56): CodeIgniter\Model->update('134', [...])
 6 SYSTEMPATH\CodeIgniter.php(919): App\Controllers\HomepageController->logout()
 7 SYSTEMPATH\CodeIgniter.php(494): CodeIgniter\CodeIgniter->runController(Object(App\Controllers\HomepageController))
 8 SYSTEMPATH\CodeIgniter.php(353): CodeIgniter\CodeIgniter->handleRequest(null, Object(Config\Cache), false)
 9 FCPATH\index.php(79): CodeIgniter\CodeIgniter->run()
10 SYSTEMPATH\Commands\Server\rewrite.php(47): require_once('C:\\CapstoneSystem\\public\\index.php')
CRITICAL - 2024-06-04 21:08:28 --> Invalid file: "Admin/Forms/details5.php"
in SYSTEMPATH\Exceptions\FrameworkException.php on line 39.
 1 SYSTEMPATH\View\View.php(214): CodeIgniter\Exceptions\FrameworkException::forInvalidFile('Admin/Forms/details5.php')
 2 SYSTEMPATH\Common.php(1188): CodeIgniter\View\View->render('Admin/Forms/details5', [], true)
 3 APPPATH\Controllers\AdminController.php(262): view('Admin/Forms/details5', [...])
 4 SYSTEMPATH\CodeIgniter.php(919): App\Controllers\AdminController->viewAppForm5('435fa6ebd7478aa440e7bd447898c5d1d4a74b6bcf0ad2d899')
 5 SYSTEMPATH\CodeIgniter.php(494): CodeIgniter\CodeIgniter->runController(Object(App\Controllers\AdminController))
 6 SYSTEMPATH\CodeIgniter.php(353): CodeIgniter\CodeIgniter->handleRequest(null, Object(Config\Cache), false)
 7 FCPATH\index.php(79): CodeIgniter\CodeIgniter->run()
 8 SYSTEMPATH\Commands\Server\rewrite.php(47): require_once('C:\\CapstoneSystem\\public\\index.php')
CRITICAL - 2024-06-04 21:08:37 --> Invalid file: "Admin/Forms/details4.php"
in SYSTEMPATH\Exceptions\FrameworkException.php on line 39.
 1 SYSTEMPATH\View\View.php(214): CodeIgniter\Exceptions\FrameworkException::forInvalidFile('Admin/Forms/details4.php')
 2 SYSTEMPATH\Common.php(1188): CodeIgniter\View\View->render('Admin/Forms/details4', [], true)
 3 APPPATH\Controllers\AdminController.php(256): view('Admin/Forms/details4', [...])
 4 SYSTEMPATH\CodeIgniter.php(919): App\Controllers\AdminController->viewAppForm4('435fa6ebd7478aa440e7bd447898c5d1d4a74b6bcf0ad2d899')
 5 SYSTEMPATH\CodeIgniter.php(494): CodeIgniter\CodeIgniter->runController(Object(App\Controllers\AdminController))
 6 SYSTEMPATH\CodeIgniter.php(353): CodeIgniter\CodeIgniter->handleRequest(null, Object(Config\Cache), false)
 7 FCPATH\index.php(79): CodeIgniter\CodeIgniter->run()
 8 SYSTEMPATH\Commands\Server\rewrite.php(47): require_once('C:\\CapstoneSystem\\public\\index.php')
CRITICAL - 2024-06-04 21:29:36 --> Invalid file: "Admin/Forms/details4.php"
in SYSTEMPATH\Exceptions\FrameworkException.php on line 39.
 1 SYSTEMPATH\View\View.php(214): CodeIgniter\Exceptions\FrameworkException::forInvalidFile('Admin/Forms/details4.php')
 2 SYSTEMPATH\Common.php(1188): CodeIgniter\View\View->render('Admin/Forms/details4', [], true)
 3 APPPATH\Controllers\AdminController.php(256): view('Admin/Forms/details4', [...])
 4 SYSTEMPATH\CodeIgniter.php(919): App\Controllers\AdminController->viewAppForm4('435fa6ebd7478aa440e7bd447898c5d1d4a74b6bcf0ad2d899')
 5 SYSTEMPATH\CodeIgniter.php(494): CodeIgniter\CodeIgniter->runController(Object(App\Controllers\AdminController))
 6 SYSTEMPATH\CodeIgniter.php(353): CodeIgniter\CodeIgniter->handleRequest(null, Object(Config\Cache), false)
 7 FCPATH\index.php(79): CodeIgniter\CodeIgniter->run()
 8 SYSTEMPATH\Commands\Server\rewrite.php(47): require_once('C:\\CapstoneSystem\\public\\index.php')
CRITICAL - 2024-06-04 21:48:56 --> Invalid file: "Admin/Forms/details5.php"
in SYSTEMPATH\Exceptions\FrameworkException.php on line 39.
 1 SYSTEMPATH\View\View.php(214): CodeIgniter\Exceptions\FrameworkException::forInvalidFile('Admin/Forms/details5.php')
 2 SYSTEMPATH\Common.php(1188): CodeIgniter\View\View->render('Admin/Forms/details5', [], true)
 3 APPPATH\Controllers\AdminController.php(262): view('Admin/Forms/details5', [...])
 4 SYSTEMPATH\CodeIgniter.php(919): App\Controllers\AdminController->viewAppForm5('435fa6ebd7478aa440e7bd447898c5d1d4a74b6bcf0ad2d899')
 5 SYSTEMPATH\CodeIgniter.php(494): CodeIgniter\CodeIgniter->runController(Object(App\Controllers\AdminController))
 6 SYSTEMPATH\CodeIgniter.php(353): CodeIgniter\CodeIgniter->handleRequest(null, Object(Config\Cache), false)
 7 FCPATH\index.php(79): CodeIgniter\CodeIgniter->run()
 8 SYSTEMPATH\Commands\Server\rewrite.php(47): require_once('C:\\CapstoneSystem\\public\\index.php')
CRITICAL - 2024-06-04 22:05:30 --> Undefined property: App\Controllers\AdminController::$form5
in APPPATH\Controllers\AdminController.php on line 265.
 1 APPPATH\Controllers\AdminController.php(265): CodeIgniter\Debug\Exceptions->errorHandler(2, 'Undefined property: App\\Controllers\\AdminController::$form5', 'C:\\CapstoneSystem\\app\\Controllers\\AdminController.php', 265)
 2 SYSTEMPATH\CodeIgniter.php(919): App\Controllers\AdminController->viewAppForm5('435fa6ebd7478aa440e7bd447898c5d1d4a74b6bcf0ad2d899')
 3 SYSTEMPATH\CodeIgniter.php(494): CodeIgniter\CodeIgniter->runController(Object(App\Controllers\AdminController))
 4 SYSTEMPATH\CodeIgniter.php(353): CodeIgniter\CodeIgniter->handleRequest(null, Object(Config\Cache), false)
 5 FCPATH\index.php(79): CodeIgniter\CodeIgniter->run()
 6 SYSTEMPATH\Commands\Server\rewrite.php(47): require_once('C:\\CapstoneSystem\\public\\index.php')
CRITICAL - 2024-06-04 22:06:11 --> Undefined property: App\Controllers\AdminController::$form5
in APPPATH\Controllers\AdminController.php on line 265.
 1 APPPATH\Controllers\AdminController.php(265): CodeIgniter\Debug\Exceptions->errorHandler(2, 'Undefined property: App\\Controllers\\AdminController::$form5', 'C:\\CapstoneSystem\\app\\Controllers\\AdminController.php', 265)
 2 SYSTEMPATH\CodeIgniter.php(919): App\Controllers\AdminController->viewAppForm5('435fa6ebd7478aa440e7bd447898c5d1d4a74b6bcf0ad2d899')
 3 SYSTEMPATH\CodeIgniter.php(494): CodeIgniter\CodeIgniter->runController(Object(App\Controllers\AdminController))
 4 SYSTEMPATH\CodeIgniter.php(353): CodeIgniter\CodeIgniter->handleRequest(null, Object(Config\Cache), false)
 5 FCPATH\index.php(79): CodeIgniter\CodeIgniter->run()
 6 SYSTEMPATH\Commands\Server\rewrite.php(47): require_once('C:\\CapstoneSystem\\public\\index.php')
