CRITICAL - 2024-07-13 20:20:57 --> Undefined array key "link"
in APPPATH\Controllers\AdminController.php on line 86.
 1 APPPATH\Controllers\AdminController.php(86): CodeIgniter\Debug\Exceptions->errorHandler(2, 'Undefined array key "link"', 'C:\\CapstoneSystem\\app\\Controllers\\AdminController.php', 86)
 2 APPPATH\Controllers\AdminController.php(74): App\Controllers\AdminController->notif()
 3 SYSTEMPATH\CodeIgniter.php(919): App\Controllers\AdminController->AdDash()
 4 SYSTEMPATH\CodeIgniter.php(494): CodeIgniter\CodeIgniter->runController(Object(App\Controllers\AdminController))
 5 SYSTEMPATH\CodeIgniter.php(353): CodeIgniter\CodeIgniter->handleRequest(null, Object(Config\Cache), false)
 6 FCPATH\index.php(79): CodeIgniter\CodeIgniter->run()
 7 SYSTEMPATH\Commands\Server\rewrite.php(47): require_once('C:\\CapstoneSystem\\public\\index.php')
CRITICAL - 2024-07-13 20:21:47 --> Undefined array key "link"
in APPPATH\Controllers\AdminController.php on line 86.
 1 APPPATH\Controllers\AdminController.php(86): CodeIgniter\Debug\Exceptions->errorHandler(2, 'Undefined array key "link"', 'C:\\CapstoneSystem\\app\\Controllers\\AdminController.php', 86)
 2 APPPATH\Controllers\AdminController.php(74): App\Controllers\AdminController->notif()
 3 SYSTEMPATH\CodeIgniter.php(919): App\Controllers\AdminController->AdDash()
 4 SYSTEMPATH\CodeIgniter.php(494): CodeIgniter\CodeIgniter->runController(Object(App\Controllers\AdminController))
 5 SYSTEMPATH\CodeIgniter.php(353): CodeIgniter\CodeIgniter->handleRequest(null, Object(Config\Cache), false)
 6 FCPATH\index.php(79): CodeIgniter\CodeIgniter->run()
 7 SYSTEMPATH\Commands\Server\rewrite.php(47): require_once('C:\\CapstoneSystem\\public\\index.php')
CRITICAL - 2024-07-13 20:21:49 --> Undefined array key "link"
in APPPATH\Controllers\AdminController.php on line 86.
 1 APPPATH\Controllers\AdminController.php(86): CodeIgniter\Debug\Exceptions->errorHandler(2, 'Undefined array key "link"', 'C:\\CapstoneSystem\\app\\Controllers\\AdminController.php', 86)
 2 APPPATH\Controllers\AdminController.php(74): App\Controllers\AdminController->notif()
 3 SYSTEMPATH\CodeIgniter.php(919): App\Controllers\AdminController->AdDash()
 4 SYSTEMPATH\CodeIgniter.php(494): CodeIgniter\CodeIgniter->runController(Object(App\Controllers\AdminController))
 5 SYSTEMPATH\CodeIgniter.php(353): CodeIgniter\CodeIgniter->handleRequest(null, Object(Config\Cache), false)
 6 FCPATH\index.php(79): CodeIgniter\CodeIgniter->run()
 7 SYSTEMPATH\Commands\Server\rewrite.php(47): require_once('C:\\CapstoneSystem\\public\\index.php')
CRITICAL - 2024-07-13 20:33:52 --> Undefined array key "user_id"
in APPPATH\Controllers\AdminController.php on line 85.
 1 APPPATH\Controllers\AdminController.php(85): CodeIgniter\Debug\Exceptions->errorHandler(2, 'Undefined array key "user_id"', 'C:\\CapstoneSystem\\app\\Controllers\\AdminController.php', 85)
 2 APPPATH\Controllers\AdminController.php(80): App\Controllers\AdminController->notif()
 3 SYSTEMPATH\CodeIgniter.php(919): App\Controllers\AdminController->AdDash()
 4 SYSTEMPATH\CodeIgniter.php(494): CodeIgniter\CodeIgniter->runController(Object(App\Controllers\AdminController))
 5 SYSTEMPATH\CodeIgniter.php(353): CodeIgniter\CodeIgniter->handleRequest(null, Object(Config\Cache), false)
 6 FCPATH\index.php(79): CodeIgniter\CodeIgniter->run()
 7 SYSTEMPATH\Commands\Server\rewrite.php(47): require_once('C:\\CapstoneSystem\\public\\index.php')
CRITICAL - 2024-07-13 20:34:55 --> Undefined array key "link"
in APPPATH\Controllers\AdminController.php on line 85.
 1 APPPATH\Controllers\AdminController.php(85): CodeIgniter\Debug\Exceptions->errorHandler(2, 'Undefined array key "link"', 'C:\\CapstoneSystem\\app\\Controllers\\AdminController.php', 85)
 2 APPPATH\Controllers\AdminController.php(80): App\Controllers\AdminController->notif()
 3 SYSTEMPATH\CodeIgniter.php(919): App\Controllers\AdminController->AdDash()
 4 SYSTEMPATH\CodeIgniter.php(494): CodeIgniter\CodeIgniter->runController(Object(App\Controllers\AdminController))
 5 SYSTEMPATH\CodeIgniter.php(353): CodeIgniter\CodeIgniter->handleRequest(null, Object(Config\Cache), false)
 6 FCPATH\index.php(79): CodeIgniter\CodeIgniter->run()
 7 SYSTEMPATH\Commands\Server\rewrite.php(47): require_once('C:\\CapstoneSystem\\public\\index.php')
CRITICAL - 2024-07-13 20:36:09 --> Undefined array key "link"
in APPPATH\Controllers\AdminController.php on line 85.
 1 APPPATH\Controllers\AdminController.php(85): CodeIgniter\Debug\Exceptions->errorHandler(2, 'Undefined array key "link"', 'C:\\CapstoneSystem\\app\\Controllers\\AdminController.php', 85)
 2 APPPATH\Controllers\AdminController.php(80): App\Controllers\AdminController->notif()
 3 SYSTEMPATH\CodeIgniter.php(919): App\Controllers\AdminController->AdDash()
 4 SYSTEMPATH\CodeIgniter.php(494): CodeIgniter\CodeIgniter->runController(Object(App\Controllers\AdminController))
 5 SYSTEMPATH\CodeIgniter.php(353): CodeIgniter\CodeIgniter->handleRequest(null, Object(Config\Cache), false)
 6 FCPATH\index.php(79): CodeIgniter\CodeIgniter->run()
 7 SYSTEMPATH\Commands\Server\rewrite.php(47): require_once('C:\\CapstoneSystem\\public\\index.php')
CRITICAL - 2024-07-13 20:40:37 --> Array to string conversion
in APPPATH\Views\Admin\chop\header.php on line 98.
 1 APPPATH\Views\Admin\chop\header.php(98): CodeIgniter\Debug\Exceptions->errorHandler(2, 'Array to string conversion', 'C:\\CapstoneSystem\\app\\Views\\Admin\\chop\\header.php', 98)
 2 SYSTEMPATH\View\View.php(226): include('C:\\CapstoneSystem\\app\\Views\\Admin\\chop\\header.php')
 3 SYSTEMPATH\View\View.php(229): CodeIgniter\View\View->CodeIgniter\View\{closure}()
 4 SYSTEMPATH\Common.php(1188): CodeIgniter\View\View->render('Admin/chop/header', [], true)
 5 APPPATH\Views\Admin\AdDash.php(7): view('Admin/chop/header')
 6 SYSTEMPATH\View\View.php(226): include('C:\\CapstoneSystem\\app\\Views\\Admin\\AdDash.php')
 7 SYSTEMPATH\View\View.php(229): CodeIgniter\View\View->CodeIgniter\View\{closure}()
 8 SYSTEMPATH\Common.php(1188): CodeIgniter\View\View->render('Admin/AdDash', [], true)
 9 APPPATH\Controllers\AdminController.php(78): view('Admin/AdDash', [...])
10 SYSTEMPATH\CodeIgniter.php(919): App\Controllers\AdminController->AdDash()
11 SYSTEMPATH\CodeIgniter.php(494): CodeIgniter\CodeIgniter->runController(Object(App\Controllers\AdminController))
12 SYSTEMPATH\CodeIgniter.php(353): CodeIgniter\CodeIgniter->handleRequest(null, Object(Config\Cache), false)
13 FCPATH\index.php(79): CodeIgniter\CodeIgniter->run()
14 SYSTEMPATH\Commands\Server\rewrite.php(47): require_once('C:\\CapstoneSystem\\public\\index.php')
CRITICAL - 2024-07-13 20:40:55 --> Array to string conversion
in APPPATH\Views\Admin\chop\header.php on line 98.
 1 APPPATH\Views\Admin\chop\header.php(98): CodeIgniter\Debug\Exceptions->errorHandler(2, 'Array to string conversion', 'C:\\CapstoneSystem\\app\\Views\\Admin\\chop\\header.php', 98)
 2 SYSTEMPATH\View\View.php(226): include('C:\\CapstoneSystem\\app\\Views\\Admin\\chop\\header.php')
 3 SYSTEMPATH\View\View.php(229): CodeIgniter\View\View->CodeIgniter\View\{closure}()
 4 SYSTEMPATH\Common.php(1188): CodeIgniter\View\View->render('Admin/chop/header', [], true)
 5 APPPATH\Views\Admin\AdDash.php(7): view('Admin/chop/header')
 6 SYSTEMPATH\View\View.php(226): include('C:\\CapstoneSystem\\app\\Views\\Admin\\AdDash.php')
 7 SYSTEMPATH\View\View.php(229): CodeIgniter\View\View->CodeIgniter\View\{closure}()
 8 SYSTEMPATH\Common.php(1188): CodeIgniter\View\View->render('Admin/AdDash', [], true)
 9 APPPATH\Controllers\AdminController.php(78): view('Admin/AdDash', [...])
10 SYSTEMPATH\CodeIgniter.php(919): App\Controllers\AdminController->AdDash()
11 SYSTEMPATH\CodeIgniter.php(494): CodeIgniter\CodeIgniter->runController(Object(App\Controllers\AdminController))
12 SYSTEMPATH\CodeIgniter.php(353): CodeIgniter\CodeIgniter->handleRequest(null, Object(Config\Cache), false)
13 FCPATH\index.php(79): CodeIgniter\CodeIgniter->run()
14 SYSTEMPATH\Commands\Server\rewrite.php(47): require_once('C:\\CapstoneSystem\\public\\index.php')
CRITICAL - 2024-07-13 20:41:41 --> Undefined array key "token"
in APPPATH\Views\Admin\chop\header.php on line 98.
 1 APPPATH\Views\Admin\chop\header.php(98): CodeIgniter\Debug\Exceptions->errorHandler(2, 'Undefined array key "token"', 'C:\\CapstoneSystem\\app\\Views\\Admin\\chop\\header.php', 98)
 2 SYSTEMPATH\View\View.php(226): include('C:\\CapstoneSystem\\app\\Views\\Admin\\chop\\header.php')
 3 SYSTEMPATH\View\View.php(229): CodeIgniter\View\View->CodeIgniter\View\{closure}()
 4 SYSTEMPATH\Common.php(1188): CodeIgniter\View\View->render('Admin/chop/header', [], true)
 5 APPPATH\Views\Admin\AdDash.php(7): view('Admin/chop/header')
 6 SYSTEMPATH\View\View.php(226): include('C:\\CapstoneSystem\\app\\Views\\Admin\\AdDash.php')
 7 SYSTEMPATH\View\View.php(229): CodeIgniter\View\View->CodeIgniter\View\{closure}()
 8 SYSTEMPATH\Common.php(1188): CodeIgniter\View\View->render('Admin/AdDash', [], true)
 9 APPPATH\Controllers\AdminController.php(78): view('Admin/AdDash', [...])
10 SYSTEMPATH\CodeIgniter.php(919): App\Controllers\AdminController->AdDash()
11 SYSTEMPATH\CodeIgniter.php(494): CodeIgniter\CodeIgniter->runController(Object(App\Controllers\AdminController))
12 SYSTEMPATH\CodeIgniter.php(353): CodeIgniter\CodeIgniter->handleRequest(null, Object(Config\Cache), false)
13 FCPATH\index.php(79): CodeIgniter\CodeIgniter->run()
14 SYSTEMPATH\Commands\Server\rewrite.php(47): require_once('C:\\CapstoneSystem\\public\\index.php')
CRITICAL - 2024-07-13 20:41:55 --> Undefined array key "token"
in APPPATH\Views\Admin\chop\header.php on line 98.
 1 APPPATH\Views\Admin\chop\header.php(98): CodeIgniter\Debug\Exceptions->errorHandler(2, 'Undefined array key "token"', 'C:\\CapstoneSystem\\app\\Views\\Admin\\chop\\header.php', 98)
 2 SYSTEMPATH\View\View.php(226): include('C:\\CapstoneSystem\\app\\Views\\Admin\\chop\\header.php')
 3 SYSTEMPATH\View\View.php(229): CodeIgniter\View\View->CodeIgniter\View\{closure}()
 4 SYSTEMPATH\Common.php(1188): CodeIgniter\View\View->render('Admin/chop/header', [], true)
 5 APPPATH\Views\Admin\AdDash.php(7): view('Admin/chop/header')
 6 SYSTEMPATH\View\View.php(226): include('C:\\CapstoneSystem\\app\\Views\\Admin\\AdDash.php')
 7 SYSTEMPATH\View\View.php(229): CodeIgniter\View\View->CodeIgniter\View\{closure}()
 8 SYSTEMPATH\Common.php(1188): CodeIgniter\View\View->render('Admin/AdDash', [], true)
 9 APPPATH\Controllers\AdminController.php(78): view('Admin/AdDash', [...])
10 SYSTEMPATH\CodeIgniter.php(919): App\Controllers\AdminController->AdDash()
11 SYSTEMPATH\CodeIgniter.php(494): CodeIgniter\CodeIgniter->runController(Object(App\Controllers\AdminController))
12 SYSTEMPATH\CodeIgniter.php(353): CodeIgniter\CodeIgniter->handleRequest(null, Object(Config\Cache), false)
13 FCPATH\index.php(79): CodeIgniter\CodeIgniter->run()
14 SYSTEMPATH\Commands\Server\rewrite.php(47): require_once('C:\\CapstoneSystem\\public\\index.php')
